mode: set
github.com/ryabkov82/gophkeeper/cmd/client/main.go:13.13,15.16 2 0
github.com/ryabkov82/gophkeeper/cmd/client/main.go:15.16,17.3 1 0
github.com/ryabkov82/gophkeeper/cmd/client/main.go:19.2,22.89 2 0
github.com/ryabkov82/gophkeeper/cmd/client/main.go:22.89,25.4 1 0
github.com/ryabkov82/gophkeeper/cmd/client/main.go:28.2,28.16 1 0
github.com/ryabkov82/gophkeeper/cmd/client/main.go:28.16,30.3 1 0
github.com/ryabkov82/gophkeeper/cmd/server/main.go:19.13,24.16 3 0
github.com/ryabkov82/gophkeeper/cmd/server/main.go:24.16,26.3 1 0
github.com/ryabkov82/gophkeeper/cmd/server/main.go:28.2,28.60 1 0
github.com/ryabkov82/gophkeeper/cmd/server/main.go:28.60,30.3 1 0
github.com/ryabkov82/gophkeeper/cmd/server/main.go:32.2,34.37 2 0
github.com/ryabkov82/gophkeeper/cmd/server/main.go:38.23,40.24 1 0
github.com/ryabkov82/gophkeeper/cmd/server/main.go:40.24,42.3 1 0
github.com/ryabkov82/gophkeeper/cmd/server/main.go:43.2,43.21 1 0
github.com/ryabkov82/gophkeeper/cmd/server/main.go:43.21,45.3 1 0
github.com/ryabkov82/gophkeeper/cmd/server/main.go:46.2,46.23 1 0
github.com/ryabkov82/gophkeeper/cmd/server/main.go:46.23,48.3 1 0
github.com/ryabkov82/gophkeeper/cmd/server/main.go:50.2,52.59 3 0
github.com/ryabkov82/gophkeeper/internal/migrations/migrate.go:30.38,33.53 2 0
github.com/ryabkov82/gophkeeper/internal/migrations/migrate.go:33.53,35.3 1 0
github.com/ryabkov82/gophkeeper/internal/migrations/migrate.go:37.2,38.16 2 0
github.com/ryabkov82/gophkeeper/internal/migrations/migrate.go:38.16,40.3 1 0
github.com/ryabkov82/gophkeeper/internal/migrations/migrate.go:42.2,43.12 2 0
github.com/ryabkov82/gophkeeper/internal/client/connection/auth_interceptor.go:16.110,29.10 2 1
github.com/ryabkov82/gophkeeper/internal/client/connection/auth_interceptor.go:29.10,32.22 3 1
github.com/ryabkov82/gophkeeper/internal/client/connection/auth_interceptor.go:32.22,34.4 1 1
github.com/ryabkov82/gophkeeper/internal/client/connection/auth_interceptor.go:36.3,36.44 1 1
github.com/ryabkov82/gophkeeper/internal/client/connection/auth_interceptor.go:36.44,38.19 2 1
github.com/ryabkov82/gophkeeper/internal/client/connection/auth_interceptor.go:38.19,40.12 2 1
github.com/ryabkov82/gophkeeper/internal/client/connection/auth_interceptor.go:40.12,42.6 1 1
github.com/ryabkov82/gophkeeper/internal/client/connection/auth_interceptor.go:42.11,44.6 1 0
github.com/ryabkov82/gophkeeper/internal/client/connection/auth_interceptor.go:45.5,47.92 3 1
github.com/ryabkov82/gophkeeper/internal/client/connection/auth_interceptor.go:48.10,50.5 1 1
github.com/ryabkov82/gophkeeper/internal/client/connection/auth_interceptor.go:51.9,53.4 1 1
github.com/ryabkov82/gophkeeper/internal/client/connection/auth_interceptor.go:55.3,55.55 1 1
github.com/ryabkov82/gophkeeper/internal/client/connection/connection.go:68.87,75.2 1 1
github.com/ryabkov82/gophkeeper/internal/client/connection/connection.go:80.66,84.62 3 1
github.com/ryabkov82/gophkeeper/internal/client/connection/connection.go:84.62,87.3 2 0
github.com/ryabkov82/gophkeeper/internal/client/connection/connection.go:89.2,89.19 1 1
github.com/ryabkov82/gophkeeper/internal/client/connection/connection.go:89.19,92.3 2 0
github.com/ryabkov82/gophkeeper/internal/client/connection/connection.go:94.2,94.33 1 1
github.com/ryabkov82/gophkeeper/internal/client/connection/connection.go:94.33,98.3 3 1
github.com/ryabkov82/gophkeeper/internal/client/connection/connection.go:100.2,102.12 2 1
github.com/ryabkov82/gophkeeper/internal/client/connection/connection.go:102.12,105.3 2 1
github.com/ryabkov82/gophkeeper/internal/client/connection/connection.go:107.2,107.9 1 1
github.com/ryabkov82/gophkeeper/internal/client/connection/connection.go:108.20,110.24 2 0
github.com/ryabkov82/gophkeeper/internal/client/connection/connection.go:111.30,112.24 1 1
github.com/ryabkov82/gophkeeper/internal/client/connection/connection.go:112.24,115.4 2 1
github.com/ryabkov82/gophkeeper/internal/client/connection/connection.go:116.3,118.26 3 1
github.com/ryabkov82/gophkeeper/internal/client/connection/connection.go:125.75,128.21 2 1
github.com/ryabkov82/gophkeeper/internal/client/connection/connection.go:128.21,130.17 2 0
github.com/ryabkov82/gophkeeper/internal/client/connection/connection.go:130.17,132.4 1 0
github.com/ryabkov82/gophkeeper/internal/client/connection/connection.go:134.3,139.32 2 0
github.com/ryabkov82/gophkeeper/internal/client/connection/connection.go:139.32,141.18 2 0
github.com/ryabkov82/gophkeeper/internal/client/connection/connection.go:141.18,144.5 2 0
github.com/ryabkov82/gophkeeper/internal/client/connection/connection.go:147.4,148.44 2 0
github.com/ryabkov82/gophkeeper/internal/client/connection/connection.go:148.44,151.5 2 0
github.com/ryabkov82/gophkeeper/internal/client/connection/connection.go:152.4,154.84 2 0
github.com/ryabkov82/gophkeeper/internal/client/connection/connection.go:166.3,167.50 2 0
github.com/ryabkov82/gophkeeper/internal/client/connection/connection.go:168.8,171.3 2 1
github.com/ryabkov82/gophkeeper/internal/client/connection/connection.go:173.2,179.16 4 1
github.com/ryabkov82/gophkeeper/internal/client/connection/connection.go:179.16,182.3 2 1
github.com/ryabkov82/gophkeeper/internal/client/connection/connection.go:184.2,188.33 4 1
github.com/ryabkov82/gophkeeper/internal/client/connection/connection.go:188.33,190.3 1 1
github.com/ryabkov82/gophkeeper/internal/client/connection/connection.go:192.2,192.6 1 0
github.com/ryabkov82/gophkeeper/internal/client/connection/connection.go:192.6,193.43 1 0
github.com/ryabkov82/gophkeeper/internal/client/connection/connection.go:193.43,197.4 3 0
github.com/ryabkov82/gophkeeper/internal/client/connection/connection.go:199.3,202.16 3 0
github.com/ryabkov82/gophkeeper/internal/client/connection/connection.go:203.27,204.20 1 0
github.com/ryabkov82/gophkeeper/internal/client/connection/connection.go:205.38,208.47 3 0
github.com/ryabkov82/gophkeeper/internal/client/connection/connection.go:209.30,211.49 2 0
github.com/ryabkov82/gophkeeper/internal/client/connection/connection.go:217.34,221.2 3 1
github.com/ryabkov82/gophkeeper/internal/client/connection/connection.go:224.33,228.19 3 1
github.com/ryabkov82/gophkeeper/internal/client/connection/connection.go:228.19,231.3 2 1
github.com/ryabkov82/gophkeeper/internal/client/connection/connection.go:232.2,232.12 1 1
github.com/ryabkov82/gophkeeper/internal/client/connection/connection.go:237.35,241.2 3 1
github.com/ryabkov82/gophkeeper/internal/client/connection/connection.go:293.80,295.16 2 0
github.com/ryabkov82/gophkeeper/internal/client/connection/connection.go:295.16,297.3 1 0
github.com/ryabkov82/gophkeeper/internal/client/connection/connection.go:298.2,298.18 1 0
github.com/ryabkov82/gophkeeper/internal/client/service/auth/auth.go:49.16,54.2 1 1
github.com/ryabkov82/gophkeeper/internal/client/service/auth/auth.go:58.52,61.49 3 1
github.com/ryabkov82/gophkeeper/internal/client/service/auth/auth.go:61.49,64.3 2 0
github.com/ryabkov82/gophkeeper/internal/client/service/auth/auth.go:65.2,65.12 1 1
github.com/ryabkov82/gophkeeper/internal/client/service/auth/auth.go:70.41,71.19 1 1
github.com/ryabkov82/gophkeeper/internal/client/service/auth/auth.go:71.19,74.17 3 1
github.com/ryabkov82/gophkeeper/internal/client/service/auth/auth.go:74.17,76.4 1 0
github.com/ryabkov82/gophkeeper/internal/client/service/auth/auth.go:77.3,77.18 1 1
github.com/ryabkov82/gophkeeper/internal/client/service/auth/auth.go:79.2,79.16 1 1
github.com/ryabkov82/gophkeeper/internal/client/service/auth/auth.go:83.37,86.45 3 1
github.com/ryabkov82/gophkeeper/internal/client/service/auth/auth.go:86.45,89.3 2 0
github.com/ryabkov82/gophkeeper/internal/client/service/auth/auth.go:90.2,90.12 1 1
github.com/ryabkov82/gophkeeper/internal/client/service/auth/auth.go:103.65,105.2 1 0
github.com/ryabkov82/gophkeeper/internal/client/service/auth/auth.go:109.90,118.16 6 1
github.com/ryabkov82/gophkeeper/internal/client/service/auth/auth.go:118.16,121.3 2 0
github.com/ryabkov82/gophkeeper/internal/client/service/auth/auth.go:123.2,123.58 1 1
github.com/ryabkov82/gophkeeper/internal/client/service/auth/auth.go:123.58,125.3 1 0
github.com/ryabkov82/gophkeeper/internal/client/service/auth/auth.go:127.2,133.18 3 1
github.com/ryabkov82/gophkeeper/internal/client/service/auth/auth.go:138.83,146.16 6 1
github.com/ryabkov82/gophkeeper/internal/client/service/auth/auth.go:146.16,149.3 2 0
github.com/ryabkov82/gophkeeper/internal/client/service/auth/auth.go:151.2,152.12 2 1
github.com/ryabkov82/gophkeeper/internal/client/service/credential/credential.go:32.66,36.2 1 1
github.com/ryabkov82/gophkeeper/internal/client/service/credential/credential.go:40.74,42.2 1 1
github.com/ryabkov82/gophkeeper/internal/client/service/credential/credential.go:45.97,55.16 5 1
github.com/ryabkov82/gophkeeper/internal/client/service/credential/credential.go:55.16,58.3 2 0
github.com/ryabkov82/gophkeeper/internal/client/service/credential/credential.go:60.2,64.12 2 1
github.com/ryabkov82/gophkeeper/internal/client/service/credential/credential.go:68.106,78.16 6 1
github.com/ryabkov82/gophkeeper/internal/client/service/credential/credential.go:78.16,81.3 2 0
github.com/ryabkov82/gophkeeper/internal/client/service/credential/credential.go:83.2,88.18 3 1
github.com/ryabkov82/gophkeeper/internal/client/service/credential/credential.go:92.93,99.16 4 1
github.com/ryabkov82/gophkeeper/internal/client/service/credential/credential.go:99.16,102.3 2 0
github.com/ryabkov82/gophkeeper/internal/client/service/credential/credential.go:104.2,105.47 2 1
github.com/ryabkov82/gophkeeper/internal/client/service/credential/credential.go:105.47,107.3 1 1
github.com/ryabkov82/gophkeeper/internal/client/service/credential/credential.go:108.2,111.19 2 1
github.com/ryabkov82/gophkeeper/internal/client/service/credential/credential.go:115.97,124.16 5 1
github.com/ryabkov82/gophkeeper/internal/client/service/credential/credential.go:124.16,127.3 2 0
github.com/ryabkov82/gophkeeper/internal/client/service/credential/credential.go:129.2,132.12 2 1
github.com/ryabkov82/gophkeeper/internal/client/service/credential/credential.go:136.84,145.16 5 1
github.com/ryabkov82/gophkeeper/internal/client/service/credential/credential.go:145.16,148.3 2 0
github.com/ryabkov82/gophkeeper/internal/client/service/credential/credential.go:150.2,153.12 2 1
github.com/ryabkov82/gophkeeper/internal/client/service/credential/credential.go:157.60,168.2 10 1
github.com/ryabkov82/gophkeeper/internal/client/service/credential/credential.go:170.67,181.2 1 1
github.com/ryabkov82/gophkeeper/internal/client/app/run.go:40.9,42.16 2 1
github.com/ryabkov82/gophkeeper/internal/client/app/run.go:42.16,44.3 1 1
github.com/ryabkov82/gophkeeper/internal/client/app/run.go:45.2,55.35 7 1
github.com/ryabkov82/gophkeeper/internal/client/app/services.go:45.69,47.85 1 1
github.com/ryabkov82/gophkeeper/internal/client/app/services.go:47.85,49.3 1 1
github.com/ryabkov82/gophkeeper/internal/client/app/services.go:51.2,78.8 9 1
github.com/ryabkov82/gophkeeper/internal/client/app/services.go:86.85,88.16 2 1
github.com/ryabkov82/gophkeeper/internal/client/app/services.go:88.16,91.3 2 1
github.com/ryabkov82/gophkeeper/internal/client/app/services.go:92.2,92.18 1 1
github.com/ryabkov82/gophkeeper/internal/client/app/services.go:98.37,100.24 2 1
github.com/ryabkov82/gophkeeper/internal/client/app/services.go:100.24,105.13 4 1
github.com/ryabkov82/gophkeeper/internal/client/app/services.go:105.13,108.4 2 1
github.com/ryabkov82/gophkeeper/internal/client/app/services.go:110.3,110.10 1 1
github.com/ryabkov82/gophkeeper/internal/client/app/services.go:111.15,111.15 0 1
github.com/ryabkov82/gophkeeper/internal/client/app/services.go:113.21,114.101 1 0
github.com/ryabkov82/gophkeeper/internal/client/app/services.go:117.2,117.12 1 1
github.com/ryabkov82/gophkeeper/internal/client/app/services_auth.go:16.67,18.16 2 1
github.com/ryabkov82/gophkeeper/internal/client/app/services_auth.go:18.16,20.3 1 0
github.com/ryabkov82/gophkeeper/internal/client/app/services_auth.go:21.2,23.12 3 1
github.com/ryabkov82/gophkeeper/internal/client/app/services_auth.go:36.84,38.48 1 1
github.com/ryabkov82/gophkeeper/internal/client/app/services_auth.go:38.48,40.3 1 0
github.com/ryabkov82/gophkeeper/internal/client/app/services_auth.go:42.2,43.16 2 1
github.com/ryabkov82/gophkeeper/internal/client/app/services_auth.go:43.16,45.3 1 0
github.com/ryabkov82/gophkeeper/internal/client/app/services_auth.go:47.2,47.20 1 1
github.com/ryabkov82/gophkeeper/internal/client/app/services_auth.go:47.20,49.3 1 1
github.com/ryabkov82/gophkeeper/internal/client/app/services_auth.go:51.2,51.78 1 1
github.com/ryabkov82/gophkeeper/internal/client/app/services_auth.go:51.78,53.3 1 1
github.com/ryabkov82/gophkeeper/internal/client/app/services_auth.go:55.2,56.12 2 1
github.com/ryabkov82/gophkeeper/internal/client/app/services_auth.go:67.87,69.48 1 1
github.com/ryabkov82/gophkeeper/internal/client/app/services_auth.go:69.48,71.3 1 0
github.com/ryabkov82/gophkeeper/internal/client/app/services_auth.go:73.2,74.16 2 1
github.com/ryabkov82/gophkeeper/internal/client/app/services_auth.go:74.16,76.3 1 1
github.com/ryabkov82/gophkeeper/internal/client/app/services_auth.go:78.2,78.42 1 1
github.com/ryabkov82/gophkeeper/internal/client/app/services_credential.go:16.73,18.16 2 1
github.com/ryabkov82/gophkeeper/internal/client/app/services_credential.go:18.16,20.3 1 1
github.com/ryabkov82/gophkeeper/internal/client/app/services_credential.go:22.2,24.12 3 1
github.com/ryabkov82/gophkeeper/internal/client/app/services_credential.go:35.91,37.16 2 1
github.com/ryabkov82/gophkeeper/internal/client/app/services_credential.go:37.16,39.3 1 1
github.com/ryabkov82/gophkeeper/internal/client/app/services_credential.go:41.2,42.16 2 1
github.com/ryabkov82/gophkeeper/internal/client/app/services_credential.go:42.16,44.3 1 0
github.com/ryabkov82/gophkeeper/internal/client/app/services_credential.go:46.2,47.45 2 1
github.com/ryabkov82/gophkeeper/internal/client/app/services_credential.go:47.45,49.3 1 0
github.com/ryabkov82/gophkeeper/internal/client/app/services_credential.go:51.2,51.56 1 1
github.com/ryabkov82/gophkeeper/internal/client/app/services_credential.go:62.100,64.16 2 1
github.com/ryabkov82/gophkeeper/internal/client/app/services_credential.go:64.16,66.3 1 1
github.com/ryabkov82/gophkeeper/internal/client/app/services_credential.go:67.2,68.16 2 1
github.com/ryabkov82/gophkeeper/internal/client/app/services_credential.go:68.16,70.3 1 0
github.com/ryabkov82/gophkeeper/internal/client/app/services_credential.go:72.2,73.16 2 1
github.com/ryabkov82/gophkeeper/internal/client/app/services_credential.go:73.16,75.3 1 0
github.com/ryabkov82/gophkeeper/internal/client/app/services_credential.go:77.2,78.45 2 1
github.com/ryabkov82/gophkeeper/internal/client/app/services_credential.go:78.45,80.3 1 0
github.com/ryabkov82/gophkeeper/internal/client/app/services_credential.go:82.2,82.18 1 1
github.com/ryabkov82/gophkeeper/internal/client/app/services_credential.go:91.87,93.16 2 1
github.com/ryabkov82/gophkeeper/internal/client/app/services_credential.go:93.16,95.3 1 1
github.com/ryabkov82/gophkeeper/internal/client/app/services_credential.go:96.2,97.16 2 1
github.com/ryabkov82/gophkeeper/internal/client/app/services_credential.go:97.16,99.3 1 0
github.com/ryabkov82/gophkeeper/internal/client/app/services_credential.go:101.2,102.16 2 1
github.com/ryabkov82/gophkeeper/internal/client/app/services_credential.go:102.16,104.3 1 0
github.com/ryabkov82/gophkeeper/internal/client/app/services_credential.go:106.2,106.23 1 1
github.com/ryabkov82/gophkeeper/internal/client/app/services_credential.go:106.23,108.46 2 1
github.com/ryabkov82/gophkeeper/internal/client/app/services_credential.go:108.46,110.4 1 0
github.com/ryabkov82/gophkeeper/internal/client/app/services_credential.go:113.2,113.19 1 1
github.com/ryabkov82/gophkeeper/internal/client/app/services_credential.go:124.91,126.16 2 1
github.com/ryabkov82/gophkeeper/internal/client/app/services_credential.go:126.16,128.3 1 1
github.com/ryabkov82/gophkeeper/internal/client/app/services_credential.go:129.2,130.16 2 1
github.com/ryabkov82/gophkeeper/internal/client/app/services_credential.go:130.16,132.3 1 0
github.com/ryabkov82/gophkeeper/internal/client/app/services_credential.go:134.2,135.45 2 1
github.com/ryabkov82/gophkeeper/internal/client/app/services_credential.go:135.45,137.3 1 0
github.com/ryabkov82/gophkeeper/internal/client/app/services_credential.go:139.2,139.56 1 1
github.com/ryabkov82/gophkeeper/internal/client/app/services_credential.go:148.78,150.16 2 1
github.com/ryabkov82/gophkeeper/internal/client/app/services_credential.go:150.16,152.3 1 1
github.com/ryabkov82/gophkeeper/internal/client/app/services_credential.go:153.2,153.54 1 1
github.com/ryabkov82/gophkeeper/internal/pkg/jwtauth/jwtauth.go:40.69,42.2 1 0
github.com/ryabkov82/gophkeeper/internal/pkg/jwtauth/jwtauth.go:46.55,48.25 2 0
github.com/ryabkov82/gophkeeper/internal/pkg/jwtauth/jwtauth.go:48.25,50.3 1 0
github.com/ryabkov82/gophkeeper/internal/pkg/jwtauth/jwtauth.go:51.2,51.20 1 0
github.com/ryabkov82/gophkeeper/internal/server/server.go:29.55,32.16 2 0
github.com/ryabkov82/gophkeeper/internal/server/server.go:32.16,34.3 1 0
github.com/ryabkov82/gophkeeper/internal/server/server.go:37.2,42.65 4 0
github.com/ryabkov82/gophkeeper/internal/server/server.go:42.65,44.3 1 0
github.com/ryabkov82/gophkeeper/internal/client/tui/data.go:10.34,23.2 2 0
github.com/ryabkov82/gophkeeper/internal/client/tui/data.go:26.60,27.27 1 0
github.com/ryabkov82/gophkeeper/internal/client/tui/data.go:28.18,29.23 1 0
github.com/ryabkov82/gophkeeper/internal/client/tui/data.go:30.14,31.27 1 0
github.com/ryabkov82/gophkeeper/internal/client/tui/data.go:34.2,34.15 1 0
github.com/ryabkov82/gophkeeper/internal/client/tui/data.go:38.37,45.2 1 0
github.com/ryabkov82/gophkeeper/internal/client/tui/login.go:18.35,22.26 3 1
github.com/ryabkov82/gophkeeper/internal/client/tui/login.go:22.26,24.3 1 1
github.com/ryabkov82/gophkeeper/internal/client/tui/login.go:25.2,31.10 5 1
github.com/ryabkov82/gophkeeper/internal/client/tui/login.go:34.57,35.27 1 1
github.com/ryabkov82/gophkeeper/internal/client/tui/login.go:36.18,37.23 1 1
github.com/ryabkov82/gophkeeper/internal/client/tui/login.go:38.16,39.41 1 1
github.com/ryabkov82/gophkeeper/internal/client/tui/login.go:39.41,44.76 3 1
github.com/ryabkov82/gophkeeper/internal/client/tui/login.go:44.76,47.6 2 1
github.com/ryabkov82/gophkeeper/internal/client/tui/login.go:49.5,52.6 1 1
github.com/ryabkov82/gophkeeper/internal/client/tui/login.go:56.4,57.35 2 0
github.com/ryabkov82/gophkeeper/internal/client/tui/login.go:59.14,61.17 2 0
github.com/ryabkov82/gophkeeper/internal/client/tui/login.go:63.17,64.22 1 0
github.com/ryabkov82/gophkeeper/internal/client/tui/login.go:66.41,68.37 2 1
github.com/ryabkov82/gophkeeper/internal/client/tui/login.go:68.37,70.5 1 1
github.com/ryabkov82/gophkeeper/internal/client/tui/login.go:70.10,72.5 1 1
github.com/ryabkov82/gophkeeper/internal/client/tui/login.go:73.4,73.35 1 1
github.com/ryabkov82/gophkeeper/internal/client/tui/login.go:76.23,80.16 3 0
github.com/ryabkov82/gophkeeper/internal/client/tui/login.go:82.22,84.16 2 0
github.com/ryabkov82/gophkeeper/internal/client/tui/login.go:87.2,89.15 3 0
github.com/ryabkov82/gophkeeper/internal/client/tui/login.go:92.34,98.33 4 1
github.com/ryabkov82/gophkeeper/internal/client/tui/login.go:98.33,100.26 2 1
github.com/ryabkov82/gophkeeper/internal/client/tui/login.go:100.26,102.4 1 1
github.com/ryabkov82/gophkeeper/internal/client/tui/login.go:102.9,104.4 1 1
github.com/ryabkov82/gophkeeper/internal/client/tui/login.go:106.3,106.51 1 1
github.com/ryabkov82/gophkeeper/internal/client/tui/login.go:109.2,109.23 1 1
github.com/ryabkov82/gophkeeper/internal/client/tui/login.go:109.23,111.3 1 1
github.com/ryabkov82/gophkeeper/internal/client/tui/login.go:113.2,117.25 2 1
github.com/ryabkov82/gophkeeper/internal/client/tui/login.go:120.64,121.27 1 1
github.com/ryabkov82/gophkeeper/internal/client/tui/login.go:122.18,123.23 1 1
github.com/ryabkov82/gophkeeper/internal/client/tui/login.go:124.16,126.17 2 1
github.com/ryabkov82/gophkeeper/internal/client/tui/login.go:127.17,128.22 1 1
github.com/ryabkov82/gophkeeper/internal/client/tui/login.go:131.2,131.15 1 0
github.com/ryabkov82/gophkeeper/internal/client/tui/login.go:134.41,138.2 1 0
github.com/ryabkov82/gophkeeper/internal/client/tui/login.go:141.94,142.24 1 1
github.com/ryabkov82/gophkeeper/internal/client/tui/login.go:142.24,144.17 2 1
github.com/ryabkov82/gophkeeper/internal/client/tui/login.go:144.17,146.4 1 1
github.com/ryabkov82/gophkeeper/internal/client/tui/login.go:147.3,147.27 1 1
github.com/ryabkov82/gophkeeper/internal/client/tui/menu.go:11.56,12.27 1 1
github.com/ryabkov82/gophkeeper/internal/client/tui/menu.go:13.18,14.23 1 1
github.com/ryabkov82/gophkeeper/internal/client/tui/menu.go:15.26,16.24 1 1
github.com/ryabkov82/gophkeeper/internal/client/tui/menu.go:16.24,18.5 1 1
github.com/ryabkov82/gophkeeper/internal/client/tui/menu.go:19.22,20.41 1 1
github.com/ryabkov82/gophkeeper/internal/client/tui/menu.go:20.41,22.5 1 1
github.com/ryabkov82/gophkeeper/internal/client/tui/menu.go:23.16,25.20 2 1
github.com/ryabkov82/gophkeeper/internal/client/tui/menu.go:26.17,27.25 1 1
github.com/ryabkov82/gophkeeper/internal/client/tui/menu.go:28.20,29.28 1 1
github.com/ryabkov82/gophkeeper/internal/client/tui/menu.go:30.28,32.19 2 0
github.com/ryabkov82/gophkeeper/internal/client/tui/menu.go:32.19,34.6 1 0
github.com/ryabkov82/gophkeeper/internal/client/tui/menu.go:34.11,38.6 3 0
github.com/ryabkov82/gophkeeper/internal/client/tui/menu.go:39.16,40.23 1 1
github.com/ryabkov82/gophkeeper/internal/client/tui/menu.go:42.17,43.22 1 1
github.com/ryabkov82/gophkeeper/internal/client/tui/menu.go:46.2,46.15 1 1
github.com/ryabkov82/gophkeeper/internal/client/tui/menu.go:50.33,68.35 6 1
github.com/ryabkov82/gophkeeper/internal/client/tui/menu.go:68.35,69.24 1 1
github.com/ryabkov82/gophkeeper/internal/client/tui/menu.go:69.24,72.4 1 1
github.com/ryabkov82/gophkeeper/internal/client/tui/menu.go:72.9,75.4 1 1
github.com/ryabkov82/gophkeeper/internal/client/tui/menu.go:79.2,89.19 5 1
github.com/ryabkov82/gophkeeper/internal/client/tui/model.go:71.63,87.2 1 1
github.com/ryabkov82/gophkeeper/internal/client/tui/model.go:90.31,92.2 1 0
github.com/ryabkov82/gophkeeper/internal/client/tui/model.go:95.57,96.24 1 0
github.com/ryabkov82/gophkeeper/internal/client/tui/model.go:97.14,98.28 1 0
github.com/ryabkov82/gophkeeper/internal/client/tui/model.go:99.15,100.29 1 0
github.com/ryabkov82/gophkeeper/internal/client/tui/model.go:101.22,102.36 1 0
github.com/ryabkov82/gophkeeper/internal/client/tui/model.go:103.18,104.32 1 0
github.com/ryabkov82/gophkeeper/internal/client/tui/model.go:105.25,106.39 1 0
github.com/ryabkov82/gophkeeper/internal/client/tui/model.go:107.19,108.32 1 0
github.com/ryabkov82/gophkeeper/internal/client/tui/model.go:109.10,110.16 1 0
github.com/ryabkov82/gophkeeper/internal/client/tui/model.go:115.30,116.24 1 0
github.com/ryabkov82/gophkeeper/internal/client/tui/model.go:117.14,118.23 1 0
github.com/ryabkov82/gophkeeper/internal/client/tui/model.go:119.15,120.24 1 0
github.com/ryabkov82/gophkeeper/internal/client/tui/model.go:121.22,122.31 1 0
github.com/ryabkov82/gophkeeper/internal/client/tui/model.go:123.18,124.27 1 0
github.com/ryabkov82/gophkeeper/internal/client/tui/model.go:125.25,126.34 1 0
github.com/ryabkov82/gophkeeper/internal/client/tui/model.go:127.19,128.27 1 0
github.com/ryabkov82/gophkeeper/internal/client/tui/model.go:129.10,130.12 1 0
github.com/ryabkov82/gophkeeper/internal/client/tui/register.go:19.38,24.26 3 1
github.com/ryabkov82/gophkeeper/internal/client/tui/register.go:24.26,26.3 1 1
github.com/ryabkov82/gophkeeper/internal/client/tui/register.go:28.2,34.10 5 1
github.com/ryabkov82/gophkeeper/internal/client/tui/register.go:37.56,44.2 6 1
github.com/ryabkov82/gophkeeper/internal/client/tui/register.go:46.60,47.27 1 1
github.com/ryabkov82/gophkeeper/internal/client/tui/register.go:48.18,49.23 1 1
github.com/ryabkov82/gophkeeper/internal/client/tui/register.go:50.16,51.41 1 1
github.com/ryabkov82/gophkeeper/internal/client/tui/register.go:51.41,53.51 1 1
github.com/ryabkov82/gophkeeper/internal/client/tui/register.go:53.51,56.6 2 1
github.com/ryabkov82/gophkeeper/internal/client/tui/register.go:58.5,61.6 1 1
github.com/ryabkov82/gophkeeper/internal/client/tui/register.go:65.4,66.35 2 0
github.com/ryabkov82/gophkeeper/internal/client/tui/register.go:68.14,70.17 2 0
github.com/ryabkov82/gophkeeper/internal/client/tui/register.go:71.17,72.22 1 0
github.com/ryabkov82/gophkeeper/internal/client/tui/register.go:73.41,75.37 2 1
github.com/ryabkov82/gophkeeper/internal/client/tui/register.go:75.37,77.5 1 1
github.com/ryabkov82/gophkeeper/internal/client/tui/register.go:77.10,79.5 1 1
github.com/ryabkov82/gophkeeper/internal/client/tui/register.go:80.4,80.35 1 1
github.com/ryabkov82/gophkeeper/internal/client/tui/register.go:82.26,85.16 3 0
github.com/ryabkov82/gophkeeper/internal/client/tui/register.go:87.25,89.16 2 0
github.com/ryabkov82/gophkeeper/internal/client/tui/register.go:92.2,94.15 3 0
github.com/ryabkov82/gophkeeper/internal/client/tui/register.go:97.37,105.33 4 1
github.com/ryabkov82/gophkeeper/internal/client/tui/register.go:105.33,108.26 2 1
github.com/ryabkov82/gophkeeper/internal/client/tui/register.go:108.26,110.4 1 1
github.com/ryabkov82/gophkeeper/internal/client/tui/register.go:110.9,112.4 1 1
github.com/ryabkov82/gophkeeper/internal/client/tui/register.go:117.3,117.51 1 1
github.com/ryabkov82/gophkeeper/internal/client/tui/register.go:121.2,121.26 1 1
github.com/ryabkov82/gophkeeper/internal/client/tui/register.go:121.26,123.3 1 1
github.com/ryabkov82/gophkeeper/internal/client/tui/register.go:126.2,130.25 2 1
github.com/ryabkov82/gophkeeper/internal/client/tui/register.go:134.97,135.24 1 1
github.com/ryabkov82/gophkeeper/internal/client/tui/register.go:135.24,137.17 2 1
github.com/ryabkov82/gophkeeper/internal/client/tui/register.go:137.17,139.4 1 1
github.com/ryabkov82/gophkeeper/internal/client/tui/register.go:140.3,140.30 1 1
github.com/ryabkov82/gophkeeper/internal/client/tui/register.go:145.38,146.26 1 1
github.com/ryabkov82/gophkeeper/internal/client/tui/register.go:146.26,147.26 1 1
github.com/ryabkov82/gophkeeper/internal/client/tui/register.go:147.26,149.4 1 1
github.com/ryabkov82/gophkeeper/internal/client/tui/register.go:149.9,151.4 1 1
github.com/ryabkov82/gophkeeper/internal/client/tui/register.go:153.2,153.10 1 1
github.com/ryabkov82/gophkeeper/internal/client/tui/register.go:156.67,157.27 1 1
github.com/ryabkov82/gophkeeper/internal/client/tui/register.go:158.18,159.23 1 1
github.com/ryabkov82/gophkeeper/internal/client/tui/register.go:160.16,162.17 2 1
github.com/ryabkov82/gophkeeper/internal/client/tui/register.go:163.17,164.22 1 1
github.com/ryabkov82/gophkeeper/internal/client/tui/register.go:167.2,167.15 1 1
github.com/ryabkov82/gophkeeper/internal/client/tui/register.go:170.44,174.2 1 0
github.com/ryabkov82/gophkeeper/internal/client/tui/runner.go:18.47,20.2 1 0
github.com/ryabkov82/gophkeeper/internal/client/tui/runner.go:22.29,24.2 1 0
github.com/ryabkov82/gophkeeper/internal/client/tui/runner.go:27.58,29.2 1 0
github.com/ryabkov82/gophkeeper/internal/client/tui/runner.go:52.9,60.12 4 1
github.com/ryabkov82/gophkeeper/internal/client/tui/runner.go:60.12,63.3 2 1
github.com/ryabkov82/gophkeeper/internal/client/tui/runner.go:65.2,65.9 1 1
github.com/ryabkov82/gophkeeper/internal/client/tui/runner.go:66.20,70.42 2 1
github.com/ryabkov82/gophkeeper/internal/client/tui/runner.go:70.42,72.4 1 0
github.com/ryabkov82/gophkeeper/internal/client/tui/runner.go:74.3,77.13 3 1
github.com/ryabkov82/gophkeeper/internal/client/tui/runner.go:79.21,80.17 1 1
github.com/ryabkov82/gophkeeper/internal/client/tui/runner.go:80.17,82.4 1 1
github.com/ryabkov82/gophkeeper/internal/client/tui/runner.go:83.3,84.13 2 1
github.com/ryabkov82/gophkeeper/internal/client/paths/paths.go:25.38,27.22 2 1
github.com/ryabkov82/gophkeeper/internal/client/paths/paths.go:28.17,30.20 2 1
github.com/ryabkov82/gophkeeper/internal/client/paths/paths.go:30.20,32.4 1 1
github.com/ryabkov82/gophkeeper/internal/client/paths/paths.go:33.3,33.56 1 1
github.com/ryabkov82/gophkeeper/internal/client/paths/paths.go:34.16,36.17 2 0
github.com/ryabkov82/gophkeeper/internal/client/paths/paths.go:36.17,38.4 1 0
github.com/ryabkov82/gophkeeper/internal/client/paths/paths.go:39.3,39.67 1 0
github.com/ryabkov82/gophkeeper/internal/client/paths/paths.go:40.10,42.17 2 0
github.com/ryabkov82/gophkeeper/internal/client/paths/paths.go:42.17,44.4 1 0
github.com/ryabkov82/gophkeeper/internal/client/paths/paths.go:45.3,45.75 1 0
github.com/ryabkov82/gophkeeper/internal/client/paths/paths.go:49.2,49.51 1 1
github.com/ryabkov82/gophkeeper/internal/client/paths/paths.go:49.51,51.3 1 0
github.com/ryabkov82/gophkeeper/internal/client/paths/paths.go:53.2,53.20 1 1
github.com/ryabkov82/gophkeeper/internal/client/paths/paths.go:61.45,63.16 2 1
github.com/ryabkov82/gophkeeper/internal/client/paths/paths.go:63.16,65.3 1 0
github.com/ryabkov82/gophkeeper/internal/client/paths/paths.go:66.2,66.56 1 1
github.com/ryabkov82/gophkeeper/internal/client/paths/paths.go:75.43,77.16 2 1
github.com/ryabkov82/gophkeeper/internal/client/paths/paths.go:77.16,79.3 1 0
github.com/ryabkov82/gophkeeper/internal/client/paths/paths.go:80.2,80.58 1 1
github.com/ryabkov82/gophkeeper/internal/client/app/cryptowrap/credential.go:21.61,23.2 1 1
github.com/ryabkov82/gophkeeper/internal/client/app/cryptowrap/credential.go:30.61,32.2 1 1
github.com/ryabkov82/gophkeeper/internal/client/app/cryptowrap/credential.go:39.63,41.16 2 1
github.com/ryabkov82/gophkeeper/internal/client/app/cryptowrap/credential.go:41.16,43.3 1 0
github.com/ryabkov82/gophkeeper/internal/client/app/cryptowrap/credential.go:44.2,45.16 2 1
github.com/ryabkov82/gophkeeper/internal/client/app/cryptowrap/credential.go:45.16,47.3 1 0
github.com/ryabkov82/gophkeeper/internal/client/app/cryptowrap/credential.go:48.2,49.16 2 1
github.com/ryabkov82/gophkeeper/internal/client/app/cryptowrap/credential.go:49.16,51.3 1 0
github.com/ryabkov82/gophkeeper/internal/client/app/cryptowrap/credential.go:53.2,57.12 4 1
github.com/ryabkov82/gophkeeper/internal/client/app/cryptowrap/credential.go:65.63,67.16 2 1
github.com/ryabkov82/gophkeeper/internal/client/app/cryptowrap/credential.go:67.16,69.3 1 1
github.com/ryabkov82/gophkeeper/internal/client/app/cryptowrap/credential.go:70.2,71.16 2 1
github.com/ryabkov82/gophkeeper/internal/client/app/cryptowrap/credential.go:71.16,73.3 1 0
github.com/ryabkov82/gophkeeper/internal/client/app/cryptowrap/credential.go:75.2,76.16 2 1
github.com/ryabkov82/gophkeeper/internal/client/app/cryptowrap/credential.go:76.16,78.3 1 0
github.com/ryabkov82/gophkeeper/internal/client/app/cryptowrap/credential.go:79.2,80.16 2 1
github.com/ryabkov82/gophkeeper/internal/client/app/cryptowrap/credential.go:80.16,82.3 1 0
github.com/ryabkov82/gophkeeper/internal/client/app/cryptowrap/credential.go:84.2,85.16 2 1
github.com/ryabkov82/gophkeeper/internal/client/app/cryptowrap/credential.go:85.16,87.3 1 0
github.com/ryabkov82/gophkeeper/internal/client/app/cryptowrap/credential.go:88.2,89.16 2 1
github.com/ryabkov82/gophkeeper/internal/client/app/cryptowrap/credential.go:89.16,91.3 1 0
github.com/ryabkov82/gophkeeper/internal/client/app/cryptowrap/credential.go:93.2,97.12 4 1
github.com/ryabkov82/gophkeeper/internal/pkg/crypto/crypto.go:11.67,12.20 1 1
github.com/ryabkov82/gophkeeper/internal/pkg/crypto/crypto.go:12.20,14.3 1 1
github.com/ryabkov82/gophkeeper/internal/pkg/crypto/crypto.go:17.2,19.16 3 1
github.com/ryabkov82/gophkeeper/internal/pkg/crypto/crypto.go:19.16,21.3 1 0
github.com/ryabkov82/gophkeeper/internal/pkg/crypto/crypto.go:22.2,28.24 4 1
github.com/ryabkov82/gophkeeper/internal/pkg/crypto/crypto.go:32.55,36.2 3 1
github.com/ryabkov82/gophkeeper/internal/client/config/config.go:38.45,41.16 2 1
github.com/ryabkov82/gophkeeper/internal/client/config/config.go:41.16,43.3 1 0
github.com/ryabkov82/gophkeeper/internal/client/config/config.go:45.2,46.16 2 1
github.com/ryabkov82/gophkeeper/internal/client/config/config.go:46.16,48.3 1 0
github.com/ryabkov82/gophkeeper/internal/client/config/config.go:50.2,51.16 2 1
github.com/ryabkov82/gophkeeper/internal/client/config/config.go:51.16,53.3 1 0
github.com/ryabkov82/gophkeeper/internal/client/config/config.go:55.2,65.8 1 1
github.com/ryabkov82/gophkeeper/internal/client/config/config.go:73.36,76.16 2 1
github.com/ryabkov82/gophkeeper/internal/client/config/config.go:76.16,78.3 1 0
github.com/ryabkov82/gophkeeper/internal/client/config/config.go:81.2,81.57 1 1
github.com/ryabkov82/gophkeeper/internal/client/config/config.go:81.57,83.17 2 1
github.com/ryabkov82/gophkeeper/internal/client/config/config.go:83.17,85.4 1 0
github.com/ryabkov82/gophkeeper/internal/client/config/config.go:86.3,86.29 1 1
github.com/ryabkov82/gophkeeper/internal/client/config/config.go:90.2,90.43 1 1
github.com/ryabkov82/gophkeeper/internal/client/config/config.go:90.43,92.3 1 0
github.com/ryabkov82/gophkeeper/internal/client/config/config.go:95.2,95.41 1 1
github.com/ryabkov82/gophkeeper/internal/client/config/config.go:95.41,97.3 1 1
github.com/ryabkov82/gophkeeper/internal/client/config/config.go:100.2,100.65 1 1
github.com/ryabkov82/gophkeeper/internal/client/config/config.go:100.65,102.3 1 0
github.com/ryabkov82/gophkeeper/internal/client/config/config.go:104.2,104.16 1 1
github.com/ryabkov82/gophkeeper/internal/client/config/config.go:104.16,105.60 1 1
github.com/ryabkov82/gophkeeper/internal/client/config/config.go:105.60,107.4 1 1
github.com/ryabkov82/gophkeeper/internal/client/config/config.go:110.2,110.17 1 1
github.com/ryabkov82/gophkeeper/internal/client/config/config.go:114.47,115.16 1 1
github.com/ryabkov82/gophkeeper/internal/client/config/config.go:115.16,117.3 1 1
github.com/ryabkov82/gophkeeper/internal/client/config/config.go:119.2,120.16 2 1
github.com/ryabkov82/gophkeeper/internal/client/config/config.go:120.16,122.3 1 1
github.com/ryabkov82/gophkeeper/internal/client/config/config.go:124.2,124.16 1 1
github.com/ryabkov82/gophkeeper/internal/client/config/config.go:124.16,126.3 1 0
github.com/ryabkov82/gophkeeper/internal/client/config/config.go:128.2,129.65 2 1
github.com/ryabkov82/gophkeeper/internal/client/config/config.go:129.65,131.3 1 1
github.com/ryabkov82/gophkeeper/internal/client/config/config.go:133.2,133.12 1 1
github.com/ryabkov82/gophkeeper/internal/client/config/config.go:138.33,140.34 1 1
github.com/ryabkov82/gophkeeper/internal/client/config/config.go:140.34,141.39 1 1
github.com/ryabkov82/gophkeeper/internal/client/config/config.go:141.39,142.26 1 0
github.com/ryabkov82/gophkeeper/internal/client/config/config.go:142.26,144.5 1 0
github.com/ryabkov82/gophkeeper/internal/client/config/config.go:146.3,146.36 1 1
github.com/ryabkov82/gophkeeper/internal/client/config/config.go:146.36,148.4 1 0
github.com/ryabkov82/gophkeeper/internal/client/config/config.go:149.3,149.42 1 1
github.com/ryabkov82/gophkeeper/internal/client/config/config.go:149.42,151.4 1 0
github.com/ryabkov82/gophkeeper/internal/client/config/config.go:154.2,154.55 1 1
github.com/ryabkov82/gophkeeper/internal/client/config/config.go:154.55,156.3 1 1
github.com/ryabkov82/gophkeeper/internal/client/config/config.go:157.2,157.11 1 1
github.com/ryabkov82/gophkeeper/internal/client/config/config.go:160.55,162.16 2 1
github.com/ryabkov82/gophkeeper/internal/client/config/config.go:162.16,164.3 1 0
github.com/ryabkov82/gophkeeper/internal/client/config/config.go:165.2,166.51 2 1
github.com/ryabkov82/gophkeeper/internal/client/config/config.go:166.51,168.3 1 0
github.com/ryabkov82/gophkeeper/internal/client/config/config.go:170.2,170.21 1 1
github.com/ryabkov82/gophkeeper/internal/client/config/config.go:170.21,172.3 1 0
github.com/ryabkov82/gophkeeper/internal/client/config/config.go:173.2,173.18 1 1
github.com/ryabkov82/gophkeeper/internal/client/config/config.go:176.43,177.29 1 1
github.com/ryabkov82/gophkeeper/internal/client/config/config.go:177.29,179.3 1 1
github.com/ryabkov82/gophkeeper/internal/client/config/config.go:180.2,180.16 1 1
github.com/ryabkov82/gophkeeper/internal/client/config/config.go:180.16,182.3 1 0
github.com/ryabkov82/gophkeeper/internal/client/config/config.go:183.2,183.23 1 1
github.com/ryabkov82/gophkeeper/internal/client/config/config.go:183.23,185.3 1 1
github.com/ryabkov82/gophkeeper/internal/client/config/config.go:186.2,186.26 1 1
github.com/ryabkov82/gophkeeper/internal/client/config/config.go:186.26,188.3 1 1
github.com/ryabkov82/gophkeeper/internal/client/config/config.go:189.2,189.22 1 1
github.com/ryabkov82/gophkeeper/internal/client/config/config.go:189.22,191.3 1 1
github.com/ryabkov82/gophkeeper/internal/client/config/config.go:192.2,192.24 1 1
github.com/ryabkov82/gophkeeper/internal/client/config/config.go:192.24,194.3 1 1
github.com/ryabkov82/gophkeeper/internal/client/config/config.go:197.45,203.74 3 1
github.com/ryabkov82/gophkeeper/internal/client/config/config.go:203.74,204.50 1 1
github.com/ryabkov82/gophkeeper/internal/client/config/config.go:204.50,207.4 2 0
github.com/ryabkov82/gophkeeper/internal/client/config/config.go:208.3,209.13 2 1
github.com/ryabkov82/gophkeeper/internal/client/config/config.go:212.2,219.51 6 1
github.com/ryabkov82/gophkeeper/internal/client/config/config.go:219.51,220.35 1 0
github.com/ryabkov82/gophkeeper/internal/client/config/config.go:220.35,222.4 1 0
github.com/ryabkov82/gophkeeper/internal/client/config/config.go:223.3,223.54 1 0
github.com/ryabkov82/gophkeeper/internal/client/config/config.go:226.2,226.22 1 1
github.com/ryabkov82/gophkeeper/internal/client/config/config.go:229.43,230.51 1 1
github.com/ryabkov82/gophkeeper/internal/client/config/config.go:230.51,231.52 1 1
github.com/ryabkov82/gophkeeper/internal/client/config/config.go:231.52,233.4 1 1
github.com/ryabkov82/gophkeeper/internal/client/config/config.go:234.3,234.26 1 1
github.com/ryabkov82/gophkeeper/internal/client/config/config.go:237.2,237.44 1 1
github.com/ryabkov82/gophkeeper/internal/client/config/config.go:237.44,238.51 1 1
github.com/ryabkov82/gophkeeper/internal/client/config/config.go:238.51,240.4 1 1
github.com/ryabkov82/gophkeeper/internal/client/config/config.go:240.9,242.4 1 1
github.com/ryabkov82/gophkeeper/internal/client/config/config.go:245.2,245.52 1 1
github.com/ryabkov82/gophkeeper/internal/client/config/config.go:245.52,246.51 1 1
github.com/ryabkov82/gophkeeper/internal/client/config/config.go:246.51,248.4 1 1
github.com/ryabkov82/gophkeeper/internal/client/config/config.go:248.9,250.4 1 0
github.com/ryabkov82/gophkeeper/internal/client/config/config.go:253.2,253.49 1 1
github.com/ryabkov82/gophkeeper/internal/client/config/config.go:253.49,255.3 1 0
github.com/ryabkov82/gophkeeper/internal/client/config/config.go:257.2,257.44 1 1
github.com/ryabkov82/gophkeeper/internal/client/config/config.go:257.44,258.52 1 1
github.com/ryabkov82/gophkeeper/internal/client/config/config.go:258.52,260.4 1 1
github.com/ryabkov82/gophkeeper/internal/client/config/config.go:260.9,262.4 1 0
github.com/ryabkov82/gophkeeper/internal/client/config/config.go:265.2,265.46 1 1
github.com/ryabkov82/gophkeeper/internal/client/config/config.go:265.46,267.3 1 1
github.com/ryabkov82/gophkeeper/internal/client/config/config.go:269.2,269.12 1 1
github.com/ryabkov82/gophkeeper/internal/client/config/config.go:272.57,281.51 3 1
github.com/ryabkov82/gophkeeper/internal/client/config/config.go:281.51,283.3 1 0
github.com/ryabkov82/gophkeeper/internal/client/config/config.go:285.2,285.23 1 1
github.com/ryabkov82/gophkeeper/internal/client/config/config.go:285.23,287.17 2 1
github.com/ryabkov82/gophkeeper/internal/client/config/config.go:287.17,289.4 1 0
github.com/ryabkov82/gophkeeper/internal/client/config/config.go:290.3,290.23 1 1
github.com/ryabkov82/gophkeeper/internal/client/config/config.go:293.2,293.12 1 1
github.com/ryabkov82/gophkeeper/internal/client/crypto/encrypt.go:17.59,18.56 1 1
github.com/ryabkov82/gophkeeper/internal/client/crypto/encrypt.go:18.56,20.3 1 1
github.com/ryabkov82/gophkeeper/internal/client/crypto/encrypt.go:21.2,22.16 2 1
github.com/ryabkov82/gophkeeper/internal/client/crypto/encrypt.go:22.16,24.3 1 0
github.com/ryabkov82/gophkeeper/internal/client/crypto/encrypt.go:25.2,26.16 2 1
github.com/ryabkov82/gophkeeper/internal/client/crypto/encrypt.go:26.16,28.3 1 0
github.com/ryabkov82/gophkeeper/internal/client/crypto/encrypt.go:29.2,30.59 2 1
github.com/ryabkov82/gophkeeper/internal/client/crypto/encrypt.go:30.59,32.3 1 0
github.com/ryabkov82/gophkeeper/internal/client/crypto/encrypt.go:33.2,33.52 1 1
github.com/ryabkov82/gophkeeper/internal/client/crypto/encrypt.go:40.60,41.56 1 1
github.com/ryabkov82/gophkeeper/internal/client/crypto/encrypt.go:41.56,43.3 1 1
github.com/ryabkov82/gophkeeper/internal/client/crypto/encrypt.go:44.2,45.16 2 1
github.com/ryabkov82/gophkeeper/internal/client/crypto/encrypt.go:45.16,47.3 1 0
github.com/ryabkov82/gophkeeper/internal/client/crypto/encrypt.go:48.2,49.16 2 1
github.com/ryabkov82/gophkeeper/internal/client/crypto/encrypt.go:49.16,51.3 1 0
github.com/ryabkov82/gophkeeper/internal/client/crypto/encrypt.go:52.2,52.39 1 1
github.com/ryabkov82/gophkeeper/internal/client/crypto/encrypt.go:52.39,54.3 1 1
github.com/ryabkov82/gophkeeper/internal/client/crypto/encrypt.go:55.2,57.38 3 1
github.com/ryabkov82/gophkeeper/internal/client/crypto/kdf.go:29.76,30.20 1 1
github.com/ryabkov82/gophkeeper/internal/client/crypto/kdf.go:30.20,32.3 1 1
github.com/ryabkov82/gophkeeper/internal/client/crypto/kdf.go:34.2,40.25 3 1
github.com/ryabkov82/gophkeeper/internal/client/storage/file_crypto_key_storage.go:28.65,36.2 1 1
github.com/ryabkov82/gophkeeper/internal/client/storage/file_crypto_key_storage.go:39.89,41.46 2 1
github.com/ryabkov82/gophkeeper/internal/client/storage/file_crypto_key_storage.go:41.46,43.3 1 1
github.com/ryabkov82/gophkeeper/internal/client/storage/file_crypto_key_storage.go:45.2,52.16 3 1
github.com/ryabkov82/gophkeeper/internal/client/storage/file_crypto_key_storage.go:52.16,54.3 1 0
github.com/ryabkov82/gophkeeper/internal/client/storage/file_crypto_key_storage.go:56.2,57.53 2 1
github.com/ryabkov82/gophkeeper/internal/client/storage/file_crypto_key_storage.go:57.53,59.3 1 1
github.com/ryabkov82/gophkeeper/internal/client/storage/file_crypto_key_storage.go:60.2,60.31 1 1
github.com/ryabkov82/gophkeeper/internal/client/storage/file_crypto_key_storage.go:64.82,66.16 2 1
github.com/ryabkov82/gophkeeper/internal/client/storage/file_crypto_key_storage.go:66.16,68.3 1 1
github.com/ryabkov82/gophkeeper/internal/client/storage/file_crypto_key_storage.go:69.2,70.51 2 1
github.com/ryabkov82/gophkeeper/internal/client/storage/file_crypto_key_storage.go:70.51,72.3 1 1
github.com/ryabkov82/gophkeeper/internal/client/storage/file_crypto_key_storage.go:73.2,74.16 2 1
github.com/ryabkov82/gophkeeper/internal/client/storage/file_crypto_key_storage.go:74.16,76.3 1 1
github.com/ryabkov82/gophkeeper/internal/client/storage/file_crypto_key_storage.go:77.2,77.29 1 1
github.com/ryabkov82/gophkeeper/internal/client/storage/file_crypto_key_storage.go:81.46,83.2 1 1
github.com/ryabkov82/gophkeeper/internal/client/storage/file_token_storage.go:20.57,28.2 1 1
github.com/ryabkov82/gophkeeper/internal/client/storage/file_token_storage.go:32.53,34.46 2 1
github.com/ryabkov82/gophkeeper/internal/client/storage/file_token_storage.go:34.46,36.3 1 1
github.com/ryabkov82/gophkeeper/internal/client/storage/file_token_storage.go:37.2,37.49 1 1
github.com/ryabkov82/gophkeeper/internal/client/storage/file_token_storage.go:42.51,44.16 2 1
github.com/ryabkov82/gophkeeper/internal/client/storage/file_token_storage.go:44.16,46.3 1 1
github.com/ryabkov82/gophkeeper/internal/client/storage/file_token_storage.go:47.2,47.26 1 1
github.com/ryabkov82/gophkeeper/internal/client/storage/file_token_storage.go:52.42,54.2 1 1
github.com/ryabkov82/gophkeeper/internal/client/service/cryptokey/cryptokey.go:46.96,51.2 1 1
github.com/ryabkov82/gophkeeper/internal/client/service/cryptokey/cryptokey.go:60.83,62.16 2 1
github.com/ryabkov82/gophkeeper/internal/client/service/cryptokey/cryptokey.go:62.16,64.3 1 0
github.com/ryabkov82/gophkeeper/internal/client/service/cryptokey/cryptokey.go:65.2,65.53 1 1
github.com/ryabkov82/gophkeeper/internal/client/service/cryptokey/cryptokey.go:65.53,67.3 1 1
github.com/ryabkov82/gophkeeper/internal/client/service/cryptokey/cryptokey.go:68.2,71.12 4 1
github.com/ryabkov82/gophkeeper/internal/client/service/cryptokey/cryptokey.go:78.54,79.21 1 1
github.com/ryabkov82/gophkeeper/internal/client/service/cryptokey/cryptokey.go:79.21,81.3 1 1
github.com/ryabkov82/gophkeeper/internal/client/service/cryptokey/cryptokey.go:82.2,83.16 2 1
github.com/ryabkov82/gophkeeper/internal/client/service/cryptokey/cryptokey.go:83.16,86.3 2 1
github.com/ryabkov82/gophkeeper/internal/client/service/cryptokey/cryptokey.go:87.2,89.17 3 1
github.com/ryabkov82/gophkeeper/internal/client/service/cryptokey/cryptokey.go:97.45,101.2 3 1
github.com/ryabkov82/gophkeeper/internal/pkg/jwtutils/jwtutils.go:49.58,54.2 1 1
github.com/ryabkov82/gophkeeper/internal/pkg/jwtutils/jwtutils.go:57.77,67.2 3 1
github.com/ryabkov82/gophkeeper/internal/pkg/jwtutils/jwtutils.go:92.76,93.80 1 1
github.com/ryabkov82/gophkeeper/internal/pkg/jwtutils/jwtutils.go:93.80,95.58 1 1
github.com/ryabkov82/gophkeeper/internal/pkg/jwtutils/jwtutils.go:95.58,97.4 1 0
github.com/ryabkov82/gophkeeper/internal/pkg/jwtutils/jwtutils.go:98.3,98.24 1 1
github.com/ryabkov82/gophkeeper/internal/pkg/jwtutils/jwtutils.go:101.2,101.16 1 1
github.com/ryabkov82/gophkeeper/internal/pkg/jwtutils/jwtutils.go:101.16,103.3 1 1
github.com/ryabkov82/gophkeeper/internal/pkg/jwtutils/jwtutils.go:105.2,105.67 1 1
github.com/ryabkov82/gophkeeper/internal/pkg/jwtutils/jwtutils.go:105.67,107.3 1 1
github.com/ryabkov82/gophkeeper/internal/pkg/jwtutils/jwtutils.go:109.2,109.29 1 0
github.com/ryabkov82/gophkeeper/internal/pkg/jwtutils/jwtutils.go:113.41,115.2 1 1
github.com/ryabkov82/gophkeeper/internal/pkg/logger/logger.go:45.57,48.16 2 1
github.com/ryabkov82/gophkeeper/internal/pkg/logger/logger.go:48.16,50.3 1 1
github.com/ryabkov82/gophkeeper/internal/pkg/logger/logger.go:53.2,53.23 1 1
github.com/ryabkov82/gophkeeper/internal/pkg/logger/logger.go:53.23,60.17 4 1
github.com/ryabkov82/gophkeeper/internal/pkg/logger/logger.go:60.17,62.4 1 0
github.com/ryabkov82/gophkeeper/internal/pkg/logger/logger.go:64.3,65.13 2 1
github.com/ryabkov82/gophkeeper/internal/pkg/logger/logger.go:94.2,117.12 10 1
github.com/ryabkov82/gophkeeper/internal/pkg/logger/logger.go:141.58,143.57 1 0
github.com/ryabkov82/gophkeeper/internal/pkg/logger/logger.go:143.57,145.3 1 0
github.com/ryabkov82/gophkeeper/internal/pkg/logger/logger.go:147.2,148.36 2 0
github.com/ryabkov82/gophkeeper/internal/pkg/logger/logger.go:157.20,159.16 1 1
github.com/ryabkov82/gophkeeper/internal/pkg/logger/logger.go:159.16,161.3 1 1
github.com/ryabkov82/gophkeeper/internal/pkg/logger/logger.go:162.2,162.21 1 1
github.com/ryabkov82/gophkeeper/internal/pkg/logger/logger.go:162.21,165.17 3 1
github.com/ryabkov82/gophkeeper/internal/pkg/logger/logger.go:165.17,167.4 1 0
github.com/ryabkov82/gophkeeper/internal/pkg/logger/logger.go:169.2,169.12 1 1
github.com/ryabkov82/gophkeeper/internal/pkg/jwtauth/jwtauth.go:40.69,42.2 1 1
github.com/ryabkov82/gophkeeper/internal/pkg/jwtauth/jwtauth.go:46.55,48.25 2 1
github.com/ryabkov82/gophkeeper/internal/pkg/jwtauth/jwtauth.go:48.25,50.3 1 1
github.com/ryabkov82/gophkeeper/internal/pkg/jwtauth/jwtauth.go:51.2,51.20 1 1
github.com/ryabkov82/gophkeeper/internal/server/grpc/handlers/auth_handler.go:30.80,35.2 1 1
github.com/ryabkov82/gophkeeper/internal/server/grpc/handlers/auth_handler.go:38.110,46.65 4 1
github.com/ryabkov82/gophkeeper/internal/server/grpc/handlers/auth_handler.go:46.65,52.3 2 1
github.com/ryabkov82/gophkeeper/internal/server/grpc/handlers/auth_handler.go:54.2,60.19 4 1
github.com/ryabkov82/gophkeeper/internal/server/grpc/handlers/auth_handler.go:64.101,73.16 5 1
github.com/ryabkov82/gophkeeper/internal/server/grpc/handlers/auth_handler.go:73.16,79.3 2 1
github.com/ryabkov82/gophkeeper/internal/server/grpc/handlers/auth_handler.go:81.2,88.19 5 1
github.com/ryabkov82/gophkeeper/internal/server/grpc/handlers/creds_handler.go:26.97,31.2 1 1
github.com/ryabkov82/gophkeeper/internal/server/grpc/handlers/creds_handler.go:35.138,37.16 2 1
github.com/ryabkov82/gophkeeper/internal/server/grpc/handlers/creds_handler.go:37.16,39.3 1 1
github.com/ryabkov82/gophkeeper/internal/server/grpc/handlers/creds_handler.go:41.2,56.16 4 1
github.com/ryabkov82/gophkeeper/internal/server/grpc/handlers/creds_handler.go:56.16,63.3 2 0
github.com/ryabkov82/gophkeeper/internal/server/grpc/handlers/creds_handler.go:65.2,72.18 4 1
github.com/ryabkov82/gophkeeper/internal/server/grpc/handlers/creds_handler.go:77.141,79.16 2 1
github.com/ryabkov82/gophkeeper/internal/server/grpc/handlers/creds_handler.go:79.16,81.3 1 0
github.com/ryabkov82/gophkeeper/internal/server/grpc/handlers/creds_handler.go:83.2,89.16 3 1
github.com/ryabkov82/gophkeeper/internal/server/grpc/handlers/creds_handler.go:89.16,96.3 2 0
github.com/ryabkov82/gophkeeper/internal/server/grpc/handlers/creds_handler.go:97.2,97.42 1 1
github.com/ryabkov82/gophkeeper/internal/server/grpc/handlers/creds_handler.go:97.42,103.3 2 1
github.com/ryabkov82/gophkeeper/internal/server/grpc/handlers/creds_handler.go:105.2,112.18 4 1
github.com/ryabkov82/gophkeeper/internal/server/grpc/handlers/creds_handler.go:117.127,119.16 2 1
github.com/ryabkov82/gophkeeper/internal/server/grpc/handlers/creds_handler.go:119.16,121.3 1 0
github.com/ryabkov82/gophkeeper/internal/server/grpc/handlers/creds_handler.go:123.2,128.16 3 1
github.com/ryabkov82/gophkeeper/internal/server/grpc/handlers/creds_handler.go:128.16,134.3 2 0
github.com/ryabkov82/gophkeeper/internal/server/grpc/handlers/creds_handler.go:136.2,142.23 3 1
github.com/ryabkov82/gophkeeper/internal/server/grpc/handlers/creds_handler.go:142.23,144.3 1 1
github.com/ryabkov82/gophkeeper/internal/server/grpc/handlers/creds_handler.go:146.2,146.18 1 1
github.com/ryabkov82/gophkeeper/internal/server/grpc/handlers/creds_handler.go:151.138,153.16 2 1
github.com/ryabkov82/gophkeeper/internal/server/grpc/handlers/creds_handler.go:153.16,155.3 1 0
github.com/ryabkov82/gophkeeper/internal/server/grpc/handlers/creds_handler.go:157.2,173.16 5 1
github.com/ryabkov82/gophkeeper/internal/server/grpc/handlers/creds_handler.go:173.16,175.3 1 0
github.com/ryabkov82/gophkeeper/internal/server/grpc/handlers/creds_handler.go:176.2,176.50 1 1
github.com/ryabkov82/gophkeeper/internal/server/grpc/handlers/creds_handler.go:176.50,178.3 1 0
github.com/ryabkov82/gophkeeper/internal/server/grpc/handlers/creds_handler.go:180.2,181.16 2 1
github.com/ryabkov82/gophkeeper/internal/server/grpc/handlers/creds_handler.go:181.16,188.3 2 0
github.com/ryabkov82/gophkeeper/internal/server/grpc/handlers/creds_handler.go:190.2,195.44 2 1
github.com/ryabkov82/gophkeeper/internal/server/grpc/handlers/creds_handler.go:200.138,202.16 2 1
github.com/ryabkov82/gophkeeper/internal/server/grpc/handlers/creds_handler.go:202.16,204.3 1 0
github.com/ryabkov82/gophkeeper/internal/server/grpc/handlers/creds_handler.go:206.2,212.16 3 1
github.com/ryabkov82/gophkeeper/internal/server/grpc/handlers/creds_handler.go:212.16,214.3 1 0
github.com/ryabkov82/gophkeeper/internal/server/grpc/handlers/creds_handler.go:215.2,215.50 1 1
github.com/ryabkov82/gophkeeper/internal/server/grpc/handlers/creds_handler.go:215.50,217.3 1 0
github.com/ryabkov82/gophkeeper/internal/server/grpc/handlers/creds_handler.go:219.2,220.16 2 1
github.com/ryabkov82/gophkeeper/internal/server/grpc/handlers/creds_handler.go:220.16,227.3 2 0
github.com/ryabkov82/gophkeeper/internal/server/grpc/handlers/creds_handler.go:229.2,234.44 2 1
github.com/ryabkov82/gophkeeper/internal/server/grpc/handlers/creds_handler.go:238.60,249.2 10 1
github.com/ryabkov82/gophkeeper/internal/server/config/config.go:31.48,32.16 1 1
github.com/ryabkov82/gophkeeper/internal/server/config/config.go:32.16,34.3 1 1
github.com/ryabkov82/gophkeeper/internal/server/config/config.go:36.2,37.16 2 1
github.com/ryabkov82/gophkeeper/internal/server/config/config.go:37.16,39.3 1 1
github.com/ryabkov82/gophkeeper/internal/server/config/config.go:42.2,44.65 2 1
github.com/ryabkov82/gophkeeper/internal/server/config/config.go:44.65,46.3 1 1
github.com/ryabkov82/gophkeeper/internal/server/config/config.go:48.2,48.12 1 1
github.com/ryabkov82/gophkeeper/internal/server/config/config.go:51.56,52.53 1 1
github.com/ryabkov82/gophkeeper/internal/server/config/config.go:52.53,54.3 1 1
github.com/ryabkov82/gophkeeper/internal/server/config/config.go:55.2,55.52 1 1
github.com/ryabkov82/gophkeeper/internal/server/config/config.go:55.52,57.3 1 1
github.com/ryabkov82/gophkeeper/internal/server/config/config.go:58.2,58.12 1 1
github.com/ryabkov82/gophkeeper/internal/server/config/config.go:66.30,78.57 2 1
github.com/ryabkov82/gophkeeper/internal/server/config/config.go:78.57,80.17 2 1
github.com/ryabkov82/gophkeeper/internal/server/config/config.go:80.17,82.4 1 0
github.com/ryabkov82/gophkeeper/internal/server/config/config.go:83.3,83.29 1 1
github.com/ryabkov82/gophkeeper/internal/server/config/config.go:87.2,87.43 1 1
github.com/ryabkov82/gophkeeper/internal/server/config/config.go:87.43,89.3 1 0
github.com/ryabkov82/gophkeeper/internal/server/config/config.go:92.2,92.41 1 1
github.com/ryabkov82/gophkeeper/internal/server/config/config.go:92.41,94.3 1 1
github.com/ryabkov82/gophkeeper/internal/server/config/config.go:97.2,97.67 1 1
github.com/ryabkov82/gophkeeper/internal/server/config/config.go:97.67,99.3 1 0
github.com/ryabkov82/gophkeeper/internal/server/config/config.go:102.2,102.19 1 1
github.com/ryabkov82/gophkeeper/internal/server/config/config.go:102.19,103.76 1 1
github.com/ryabkov82/gophkeeper/internal/server/config/config.go:103.76,105.4 1 0
github.com/ryabkov82/gophkeeper/internal/server/config/config.go:108.2,108.17 1 1
github.com/ryabkov82/gophkeeper/internal/server/config/config.go:112.33,114.34 1 1
github.com/ryabkov82/gophkeeper/internal/server/config/config.go:114.34,115.39 1 1
github.com/ryabkov82/gophkeeper/internal/server/config/config.go:115.39,116.26 1 0
github.com/ryabkov82/gophkeeper/internal/server/config/config.go:116.26,118.5 1 0
github.com/ryabkov82/gophkeeper/internal/server/config/config.go:120.3,120.36 1 1
github.com/ryabkov82/gophkeeper/internal/server/config/config.go:120.36,122.4 1 0
github.com/ryabkov82/gophkeeper/internal/server/config/config.go:123.3,123.42 1 1
github.com/ryabkov82/gophkeeper/internal/server/config/config.go:123.42,125.4 1 0
github.com/ryabkov82/gophkeeper/internal/server/config/config.go:128.2,128.55 1 1
github.com/ryabkov82/gophkeeper/internal/server/config/config.go:128.55,130.3 1 1
github.com/ryabkov82/gophkeeper/internal/server/config/config.go:131.2,131.11 1 1
github.com/ryabkov82/gophkeeper/internal/server/config/config.go:135.49,137.16 2 1
github.com/ryabkov82/gophkeeper/internal/server/config/config.go:137.16,139.3 1 0
github.com/ryabkov82/gophkeeper/internal/server/config/config.go:140.2,141.51 2 1
github.com/ryabkov82/gophkeeper/internal/server/config/config.go:141.51,143.3 1 0
github.com/ryabkov82/gophkeeper/internal/server/config/config.go:144.2,144.18 1 1
github.com/ryabkov82/gophkeeper/internal/server/config/config.go:148.37,149.30 1 1
github.com/ryabkov82/gophkeeper/internal/server/config/config.go:149.30,151.3 1 1
github.com/ryabkov82/gophkeeper/internal/server/config/config.go:152.2,152.25 1 1
github.com/ryabkov82/gophkeeper/internal/server/config/config.go:152.25,154.3 1 0
github.com/ryabkov82/gophkeeper/internal/server/config/config.go:155.2,155.22 1 1
github.com/ryabkov82/gophkeeper/internal/server/config/config.go:155.22,157.3 1 1
github.com/ryabkov82/gophkeeper/internal/server/config/config.go:158.2,158.19 1 1
github.com/ryabkov82/gophkeeper/internal/server/config/config.go:158.19,160.3 1 1
github.com/ryabkov82/gophkeeper/internal/server/config/config.go:161.2,161.27 1 1
github.com/ryabkov82/gophkeeper/internal/server/config/config.go:161.27,163.3 1 1
github.com/ryabkov82/gophkeeper/internal/server/config/config.go:164.2,164.26 1 1
github.com/ryabkov82/gophkeeper/internal/server/config/config.go:164.26,166.3 1 1
github.com/ryabkov82/gophkeeper/internal/server/config/config.go:167.2,167.24 1 1
github.com/ryabkov82/gophkeeper/internal/server/config/config.go:167.24,169.3 1 1
github.com/ryabkov82/gophkeeper/internal/server/config/config.go:174.39,177.74 2 1
github.com/ryabkov82/gophkeeper/internal/server/config/config.go:177.74,178.51 1 1
github.com/ryabkov82/gophkeeper/internal/server/config/config.go:178.51,181.4 2 0
github.com/ryabkov82/gophkeeper/internal/server/config/config.go:182.3,183.13 2 1
github.com/ryabkov82/gophkeeper/internal/server/config/config.go:186.2,192.22 5 1
github.com/ryabkov82/gophkeeper/internal/server/config/config.go:196.37,197.56 1 1
github.com/ryabkov82/gophkeeper/internal/server/config/config.go:197.56,198.53 1 1
github.com/ryabkov82/gophkeeper/internal/server/config/config.go:198.53,200.4 1 1
github.com/ryabkov82/gophkeeper/internal/server/config/config.go:201.3,201.27 1 1
github.com/ryabkov82/gophkeeper/internal/server/config/config.go:203.2,203.52 1 1
github.com/ryabkov82/gophkeeper/internal/server/config/config.go:203.52,205.3 1 1
github.com/ryabkov82/gophkeeper/internal/server/config/config.go:207.2,207.53 1 1
github.com/ryabkov82/gophkeeper/internal/server/config/config.go:207.53,208.23 1 1
github.com/ryabkov82/gophkeeper/internal/server/config/config.go:208.23,210.4 1 1
github.com/ryabkov82/gophkeeper/internal/server/config/config.go:211.3,211.22 1 1
github.com/ryabkov82/gophkeeper/internal/server/config/config.go:214.2,214.62 1 1
github.com/ryabkov82/gophkeeper/internal/server/config/config.go:214.62,216.3 1 1
github.com/ryabkov82/gophkeeper/internal/server/config/config.go:219.2,219.69 1 1
github.com/ryabkov82/gophkeeper/internal/server/config/config.go:219.69,220.62 1 0
github.com/ryabkov82/gophkeeper/internal/server/config/config.go:220.62,222.4 1 0
github.com/ryabkov82/gophkeeper/internal/server/config/config.go:222.9,224.4 1 0
github.com/ryabkov82/gophkeeper/internal/server/config/config.go:227.2,227.58 1 1
github.com/ryabkov82/gophkeeper/internal/server/config/config.go:227.58,229.3 1 1
github.com/ryabkov82/gophkeeper/internal/server/config/config.go:231.2,231.55 1 1
github.com/ryabkov82/gophkeeper/internal/server/config/config.go:231.55,233.3 1 1
github.com/ryabkov82/gophkeeper/internal/server/config/config.go:235.2,235.12 1 1
github.com/ryabkov82/gophkeeper/internal/pkg/jwtauth/jwtauth.go:40.69,42.2 1 1
github.com/ryabkov82/gophkeeper/internal/pkg/jwtauth/jwtauth.go:46.55,48.25 2 1
github.com/ryabkov82/gophkeeper/internal/pkg/jwtauth/jwtauth.go:48.25,50.3 1 0
github.com/ryabkov82/gophkeeper/internal/pkg/jwtauth/jwtauth.go:51.2,51.20 1 1
github.com/ryabkov82/gophkeeper/internal/server/grpc/interceptors/jwt_auth.go:38.102,39.128 1 1
github.com/ryabkov82/gophkeeper/internal/server/grpc/interceptors/jwt_auth.go:39.128,41.38 1 1
github.com/ryabkov82/gophkeeper/internal/server/grpc/interceptors/jwt_auth.go:41.38,43.4 1 1
github.com/ryabkov82/gophkeeper/internal/server/grpc/interceptors/jwt_auth.go:45.3,48.10 3 1
github.com/ryabkov82/gophkeeper/internal/server/grpc/interceptors/jwt_auth.go:48.10,51.4 2 1
github.com/ryabkov82/gophkeeper/internal/server/grpc/interceptors/jwt_auth.go:53.3,54.28 2 1
github.com/ryabkov82/gophkeeper/internal/server/grpc/interceptors/jwt_auth.go:54.28,57.4 2 1
github.com/ryabkov82/gophkeeper/internal/server/grpc/interceptors/jwt_auth.go:59.3,61.64 3 1
github.com/ryabkov82/gophkeeper/internal/server/grpc/interceptors/jwt_auth.go:61.64,64.4 2 1
github.com/ryabkov82/gophkeeper/internal/server/grpc/interceptors/jwt_auth.go:65.3,68.17 3 1
github.com/ryabkov82/gophkeeper/internal/server/grpc/interceptors/jwt_auth.go:68.17,71.4 2 1
github.com/ryabkov82/gophkeeper/internal/server/grpc/interceptors/jwt_auth.go:73.3,74.26 2 1
github.com/ryabkov82/gophkeeper/internal/server/grpc/interceptors/jwt_auth.go:74.26,77.4 2 0
github.com/ryabkov82/gophkeeper/internal/server/grpc/interceptors/jwt_auth.go:79.3,82.30 3 1
github.com/ryabkov82/gophkeeper/internal/server/grpc/interceptors/jwt_auth.go:86.41,93.2 2 1
github.com/ryabkov82/gophkeeper/internal/server/grpc/interceptors/logger.go:50.70,56.34 1 1
github.com/ryabkov82/gophkeeper/internal/server/grpc/interceptors/logger.go:56.34,61.16 2 1
github.com/ryabkov82/gophkeeper/internal/server/grpc/interceptors/logger.go:61.16,72.4 3 1
github.com/ryabkov82/gophkeeper/internal/server/grpc/interceptors/logger.go:75.3,75.27 1 1
github.com/ryabkov82/gophkeeper/internal/server/storage/factory.go:10.59,15.2 1 0
github.com/ryabkov82/gophkeeper/internal/migrations/migrate.go:30.38,33.53 2 0
github.com/ryabkov82/gophkeeper/internal/migrations/migrate.go:33.53,35.3 1 0
github.com/ryabkov82/gophkeeper/internal/migrations/migrate.go:37.2,38.16 2 0
github.com/ryabkov82/gophkeeper/internal/migrations/migrate.go:38.16,40.3 1 0
github.com/ryabkov82/gophkeeper/internal/migrations/migrate.go:42.2,43.12 2 0
github.com/ryabkov82/gophkeeper/internal/server/storage/postgres/credential_storage.go:17.56,19.2 1 1
github.com/ryabkov82/gophkeeper/internal/server/storage/postgres/credential_storage.go:22.85,36.2 3 1
github.com/ryabkov82/gophkeeper/internal/server/storage/postgres/credential_storage.go:39.94,57.26 5 1
github.com/ryabkov82/gophkeeper/internal/server/storage/postgres/credential_storage.go:57.26,59.3 1 1
github.com/ryabkov82/gophkeeper/internal/server/storage/postgres/credential_storage.go:60.2,60.16 1 1
github.com/ryabkov82/gophkeeper/internal/server/storage/postgres/credential_storage.go:60.16,62.3 1 0
github.com/ryabkov82/gophkeeper/internal/server/storage/postgres/credential_storage.go:63.2,63.19 1 1
github.com/ryabkov82/gophkeeper/internal/server/storage/postgres/credential_storage.go:67.103,73.16 3 1
github.com/ryabkov82/gophkeeper/internal/server/storage/postgres/credential_storage.go:73.16,75.3 1 0
github.com/ryabkov82/gophkeeper/internal/server/storage/postgres/credential_storage.go:76.2,79.18 3 1
github.com/ryabkov82/gophkeeper/internal/server/storage/postgres/credential_storage.go:79.18,90.17 2 1
github.com/ryabkov82/gophkeeper/internal/server/storage/postgres/credential_storage.go:90.17,92.4 1 0
github.com/ryabkov82/gophkeeper/internal/server/storage/postgres/credential_storage.go:93.3,93.30 1 1
github.com/ryabkov82/gophkeeper/internal/server/storage/postgres/credential_storage.go:95.2,95.35 1 1
github.com/ryabkov82/gophkeeper/internal/server/storage/postgres/credential_storage.go:95.35,97.3 1 0
github.com/ryabkov82/gophkeeper/internal/server/storage/postgres/credential_storage.go:98.2,98.19 1 1
github.com/ryabkov82/gophkeeper/internal/server/storage/postgres/credential_storage.go:102.85,115.16 3 1
github.com/ryabkov82/gophkeeper/internal/server/storage/postgres/credential_storage.go:115.16,117.3 1 0
github.com/ryabkov82/gophkeeper/internal/server/storage/postgres/credential_storage.go:118.2,119.16 2 1
github.com/ryabkov82/gophkeeper/internal/server/storage/postgres/credential_storage.go:119.16,121.3 1 0
github.com/ryabkov82/gophkeeper/internal/server/storage/postgres/credential_storage.go:122.2,122.23 1 1
github.com/ryabkov82/gophkeeper/internal/server/storage/postgres/credential_storage.go:122.23,124.3 1 1
github.com/ryabkov82/gophkeeper/internal/server/storage/postgres/credential_storage.go:125.2,125.12 1 1
github.com/ryabkov82/gophkeeper/internal/server/storage/postgres/credential_storage.go:129.72,132.16 3 1
github.com/ryabkov82/gophkeeper/internal/server/storage/postgres/credential_storage.go:132.16,134.3 1 0
github.com/ryabkov82/gophkeeper/internal/server/storage/postgres/credential_storage.go:135.2,136.16 2 1
github.com/ryabkov82/gophkeeper/internal/server/storage/postgres/credential_storage.go:136.16,138.3 1 0
github.com/ryabkov82/gophkeeper/internal/server/storage/postgres/credential_storage.go:139.2,139.23 1 1
github.com/ryabkov82/gophkeeper/internal/server/storage/postgres/credential_storage.go:139.23,141.3 1 1
github.com/ryabkov82/gophkeeper/internal/server/storage/postgres/credential_storage.go:142.2,142.12 1 1
github.com/ryabkov82/gophkeeper/internal/server/storage/postgres/init.go:24.91,26.16 2 1
github.com/ryabkov82/gophkeeper/internal/server/storage/postgres/init.go:26.16,28.3 1 1
github.com/ryabkov82/gophkeeper/internal/server/storage/postgres/init.go:30.2,30.39 1 1
github.com/ryabkov82/gophkeeper/internal/server/storage/postgres/init.go:30.39,32.3 1 1
github.com/ryabkov82/gophkeeper/internal/server/storage/postgres/init.go:34.2,34.42 1 1
github.com/ryabkov82/gophkeeper/internal/server/storage/postgres/init.go:34.42,36.3 1 1
github.com/ryabkov82/gophkeeper/internal/server/storage/postgres/init.go:38.2,38.19 1 1
github.com/ryabkov82/gophkeeper/internal/server/storage/postgres/init.go:42.40,45.53 1 0
github.com/ryabkov82/gophkeeper/internal/server/storage/postgres/init.go:45.53,47.18 2 0
github.com/ryabkov82/gophkeeper/internal/server/storage/postgres/init.go:47.18,49.5 1 0
github.com/ryabkov82/gophkeeper/internal/server/storage/postgres/init.go:50.4,50.22 1 0
github.com/ryabkov82/gophkeeper/internal/server/storage/postgres/init.go:52.21,53.38 1 0
github.com/ryabkov82/gophkeeper/internal/server/storage/postgres/init.go:53.38,55.5 1 0
github.com/ryabkov82/gophkeeper/internal/server/storage/postgres/init.go:56.4,56.58 1 0
github.com/ryabkov82/gophkeeper/internal/server/storage/postgres/user_storage.go:24.46,26.2 1 1
github.com/ryabkov82/gophkeeper/internal/server/storage/postgres/user_storage.go:40.87,46.16 3 1
github.com/ryabkov82/gophkeeper/internal/server/storage/postgres/user_storage.go:46.16,48.3 1 1
github.com/ryabkov82/gophkeeper/internal/server/storage/postgres/user_storage.go:49.2,49.12 1 1
github.com/ryabkov82/gophkeeper/internal/server/storage/postgres/user_storage.go:65.94,75.35 5 1
github.com/ryabkov82/gophkeeper/internal/server/storage/postgres/user_storage.go:75.35,77.3 1 1
github.com/ryabkov82/gophkeeper/internal/server/storage/postgres/user_storage.go:78.2,78.16 1 1
github.com/ryabkov82/gophkeeper/internal/server/storage/postgres/user_storage.go:78.16,80.3 1 1
github.com/ryabkov82/gophkeeper/internal/server/storage/postgres/user_storage.go:81.2,81.19 1 1
github.com/ryabkov82/gophkeeper/internal/server/service/auth.go:20.110,25.2 1 1
github.com/ryabkov82/gophkeeper/internal/server/service/auth.go:41.83,42.35 1 1
github.com/ryabkov82/gophkeeper/internal/server/service/auth.go:42.35,44.3 1 1
github.com/ryabkov82/gophkeeper/internal/server/service/auth.go:46.2,47.16 2 1
github.com/ryabkov82/gophkeeper/internal/server/service/auth.go:47.16,49.3 1 0
github.com/ryabkov82/gophkeeper/internal/server/service/auth.go:51.2,51.54 1 1
github.com/ryabkov82/gophkeeper/internal/server/service/auth.go:69.98,71.16 2 1
github.com/ryabkov82/gophkeeper/internal/server/service/auth.go:71.16,73.3 1 1
github.com/ryabkov82/gophkeeper/internal/server/service/auth.go:75.2,75.17 1 1
github.com/ryabkov82/gophkeeper/internal/server/service/auth.go:75.17,77.3 1 0
github.com/ryabkov82/gophkeeper/internal/server/service/auth.go:78.2,78.68 1 1
github.com/ryabkov82/gophkeeper/internal/server/service/auth.go:78.68,80.3 1 1
github.com/ryabkov82/gophkeeper/internal/server/service/auth.go:82.2,83.16 2 1
github.com/ryabkov82/gophkeeper/internal/server/service/auth.go:83.16,85.3 1 0
github.com/ryabkov82/gophkeeper/internal/server/service/auth.go:87.2,87.38 1 1
github.com/ryabkov82/gophkeeper/internal/server/service/credential.go:20.97,22.2 1 1
github.com/ryabkov82/gophkeeper/internal/server/service/credential.go:25.87,26.19 1 1
github.com/ryabkov82/gophkeeper/internal/server/service/credential.go:26.19,28.3 1 1
github.com/ryabkov82/gophkeeper/internal/server/service/credential.go:29.2,32.33 4 1
github.com/ryabkov82/gophkeeper/internal/server/service/credential.go:36.96,37.14 1 1
github.com/ryabkov82/gophkeeper/internal/server/service/credential.go:37.14,39.3 1 1
github.com/ryabkov82/gophkeeper/internal/server/service/credential.go:40.2,40.32 1 1
github.com/ryabkov82/gophkeeper/internal/server/service/credential.go:44.105,45.18 1 1
github.com/ryabkov82/gophkeeper/internal/server/service/credential.go:45.18,47.3 1 1
github.com/ryabkov82/gophkeeper/internal/server/service/credential.go:48.2,48.40 1 1
github.com/ryabkov82/gophkeeper/internal/server/service/credential.go:52.87,53.19 1 1
github.com/ryabkov82/gophkeeper/internal/server/service/credential.go:53.19,55.3 1 1
github.com/ryabkov82/gophkeeper/internal/server/service/credential.go:56.2,57.33 2 1
github.com/ryabkov82/gophkeeper/internal/server/service/credential.go:61.74,62.14 1 1
github.com/ryabkov82/gophkeeper/internal/server/service/credential.go:62.14,64.3 1 1
github.com/ryabkov82/gophkeeper/internal/server/service/credential.go:65.2,65.31 1 1
github.com/ryabkov82/gophkeeper/internal/server/service/factory.go:10.95,16.2 1 0
github.com/ryabkov82/gophkeeper/internal/pkg/jwtauth/jwtauth.go:40.69,42.2 1 0
github.com/ryabkov82/gophkeeper/internal/pkg/jwtauth/jwtauth.go:46.55,48.25 2 0
github.com/ryabkov82/gophkeeper/internal/pkg/jwtauth/jwtauth.go:48.25,50.3 1 0
github.com/ryabkov82/gophkeeper/internal/pkg/jwtauth/jwtauth.go:51.2,51.20 1 0
github.com/ryabkov82/gophkeeper/internal/server/grpc/server.go:24.110,37.19 4 1
github.com/ryabkov82/gophkeeper/internal/server/grpc/server.go:37.19,39.17 2 1
github.com/ryabkov82/gophkeeper/internal/server/grpc/server.go:39.17,41.4 1 1
github.com/ryabkov82/gophkeeper/internal/server/grpc/server.go:42.3,43.41 2 0
github.com/ryabkov82/gophkeeper/internal/server/grpc/server.go:44.8,46.3 1 1
github.com/ryabkov82/gophkeeper/internal/server/grpc/server.go:48.2,58.15 6 1
github.com/ryabkov82/gophkeeper/internal/server/grpc/server.go:62.96,63.12 1 1
github.com/ryabkov82/gophkeeper/internal/server/grpc/server.go:63.12,64.38 1 1
github.com/ryabkov82/gophkeeper/internal/server/grpc/server.go:64.38,66.4 1 0
github.com/ryabkov82/gophkeeper/internal/server/grpc/server.go:68.2,78.12 7 1
github.com/ryabkov82/gophkeeper/internal/server/grpc/server.go:78.12,81.3 2 1
github.com/ryabkov82/gophkeeper/internal/server/grpc/server.go:83.2,83.9 1 1
github.com/ryabkov82/gophkeeper/internal/server/grpc/server.go:84.14,85.43 1 1
github.com/ryabkov82/gophkeeper/internal/server/grpc/server.go:86.20,88.11 2 0
github.com/ryabkov82/gophkeeper/internal/server/grpc/server.go:110.93,112.16 2 0
github.com/ryabkov82/gophkeeper/internal/server/grpc/server.go:112.16,115.3 2 0
github.com/ryabkov82/gophkeeper/internal/server/grpc/server.go:117.2,118.16 2 0
github.com/ryabkov82/gophkeeper/internal/server/grpc/server.go:118.16,121.3 2 0
github.com/ryabkov82/gophkeeper/internal/server/grpc/server.go:123.2,127.12 4 0
