mode: set
github.com/ryabkov82/gophkeeper/cmd/client/main.go:13.13,15.16 2 0
github.com/ryabkov82/gophkeeper/cmd/client/main.go:15.16,17.3 1 0
github.com/ryabkov82/gophkeeper/cmd/client/main.go:19.2,22.89 2 0
github.com/ryabkov82/gophkeeper/cmd/client/main.go:22.89,25.4 1 0
github.com/ryabkov82/gophkeeper/cmd/client/main.go:28.2,28.16 1 0
github.com/ryabkov82/gophkeeper/cmd/client/main.go:28.16,30.3 1 0
github.com/ryabkov82/gophkeeper/cmd/server/main.go:19.13,24.16 3 0
github.com/ryabkov82/gophkeeper/cmd/server/main.go:24.16,26.3 1 0
github.com/ryabkov82/gophkeeper/cmd/server/main.go:28.2,28.60 1 0
github.com/ryabkov82/gophkeeper/cmd/server/main.go:28.60,30.3 1 0
github.com/ryabkov82/gophkeeper/cmd/server/main.go:32.2,34.37 2 0
github.com/ryabkov82/gophkeeper/cmd/server/main.go:38.23,40.24 1 0
github.com/ryabkov82/gophkeeper/cmd/server/main.go:40.24,42.3 1 0
github.com/ryabkov82/gophkeeper/cmd/server/main.go:43.2,43.21 1 0
github.com/ryabkov82/gophkeeper/cmd/server/main.go:43.21,45.3 1 0
github.com/ryabkov82/gophkeeper/cmd/server/main.go:46.2,46.23 1 0
github.com/ryabkov82/gophkeeper/cmd/server/main.go:46.23,48.3 1 0
github.com/ryabkov82/gophkeeper/cmd/server/main.go:50.2,52.59 3 0
github.com/ryabkov82/gophkeeper/internal/client/app/app.go:52.69,54.85 1 1
github.com/ryabkov82/gophkeeper/internal/client/app/app.go:54.85,56.3 1 1
github.com/ryabkov82/gophkeeper/internal/client/app/app.go:58.2,97.8 12 1
github.com/ryabkov82/gophkeeper/internal/client/app/app.go:105.85,107.16 2 1
github.com/ryabkov82/gophkeeper/internal/client/app/app.go:107.16,110.3 2 1
github.com/ryabkov82/gophkeeper/internal/client/app/app.go:111.2,111.18 1 1
github.com/ryabkov82/gophkeeper/internal/client/app/app.go:117.37,119.24 2 1
github.com/ryabkov82/gophkeeper/internal/client/app/app.go:119.24,124.13 4 1
github.com/ryabkov82/gophkeeper/internal/client/app/app.go:124.13,127.4 2 1
github.com/ryabkov82/gophkeeper/internal/client/app/app.go:129.3,129.10 1 1
github.com/ryabkov82/gophkeeper/internal/client/app/app.go:130.15,130.15 0 1
github.com/ryabkov82/gophkeeper/internal/client/app/app.go:132.21,133.101 1 0
github.com/ryabkov82/gophkeeper/internal/client/app/app.go:136.2,136.12 1 1
github.com/ryabkov82/gophkeeper/internal/client/app/app_auth.go:16.67,18.16 2 1
github.com/ryabkov82/gophkeeper/internal/client/app/app_auth.go:18.16,20.3 1 0
github.com/ryabkov82/gophkeeper/internal/client/app/app_auth.go:21.2,23.12 3 1
github.com/ryabkov82/gophkeeper/internal/client/app/app_auth.go:36.84,38.48 1 1
github.com/ryabkov82/gophkeeper/internal/client/app/app_auth.go:38.48,40.3 1 0
github.com/ryabkov82/gophkeeper/internal/client/app/app_auth.go:42.2,43.16 2 1
github.com/ryabkov82/gophkeeper/internal/client/app/app_auth.go:43.16,45.3 1 0
github.com/ryabkov82/gophkeeper/internal/client/app/app_auth.go:47.2,47.20 1 1
github.com/ryabkov82/gophkeeper/internal/client/app/app_auth.go:47.20,49.3 1 1
github.com/ryabkov82/gophkeeper/internal/client/app/app_auth.go:51.2,51.78 1 1
github.com/ryabkov82/gophkeeper/internal/client/app/app_auth.go:51.78,53.3 1 1
github.com/ryabkov82/gophkeeper/internal/client/app/app_auth.go:55.2,56.12 2 1
github.com/ryabkov82/gophkeeper/internal/client/app/app_auth.go:67.87,69.48 1 1
github.com/ryabkov82/gophkeeper/internal/client/app/app_auth.go:69.48,71.3 1 0
github.com/ryabkov82/gophkeeper/internal/client/app/app_auth.go:73.2,74.16 2 1
github.com/ryabkov82/gophkeeper/internal/client/app/app_auth.go:74.16,76.3 1 1
github.com/ryabkov82/gophkeeper/internal/client/app/app_auth.go:78.2,78.42 1 1
github.com/ryabkov82/gophkeeper/internal/client/app/app_bankcard.go:12.71,14.16 2 1
github.com/ryabkov82/gophkeeper/internal/client/app/app_bankcard.go:14.16,16.3 1 1
github.com/ryabkov82/gophkeeper/internal/client/app/app_bankcard.go:18.2,20.12 3 1
github.com/ryabkov82/gophkeeper/internal/client/app/app_bankcard.go:24.87,26.16 2 1
github.com/ryabkov82/gophkeeper/internal/client/app/app_bankcard.go:26.16,28.3 1 1
github.com/ryabkov82/gophkeeper/internal/client/app/app_bankcard.go:30.2,31.16 2 1
github.com/ryabkov82/gophkeeper/internal/client/app/app_bankcard.go:31.16,33.3 1 0
github.com/ryabkov82/gophkeeper/internal/client/app/app_bankcard.go:35.2,36.45 2 1
github.com/ryabkov82/gophkeeper/internal/client/app/app_bankcard.go:36.45,38.3 1 0
github.com/ryabkov82/gophkeeper/internal/client/app/app_bankcard.go:40.2,40.52 1 1
github.com/ryabkov82/gophkeeper/internal/client/app/app_bankcard.go:44.96,46.16 2 1
github.com/ryabkov82/gophkeeper/internal/client/app/app_bankcard.go:46.16,48.3 1 1
github.com/ryabkov82/gophkeeper/internal/client/app/app_bankcard.go:50.2,51.16 2 1
github.com/ryabkov82/gophkeeper/internal/client/app/app_bankcard.go:51.16,53.3 1 0
github.com/ryabkov82/gophkeeper/internal/client/app/app_bankcard.go:55.2,56.16 2 1
github.com/ryabkov82/gophkeeper/internal/client/app/app_bankcard.go:56.16,58.3 1 0
github.com/ryabkov82/gophkeeper/internal/client/app/app_bankcard.go:60.2,61.45 2 1
github.com/ryabkov82/gophkeeper/internal/client/app/app_bankcard.go:61.45,63.3 1 0
github.com/ryabkov82/gophkeeper/internal/client/app/app_bankcard.go:65.2,65.18 1 1
github.com/ryabkov82/gophkeeper/internal/client/app/app_bankcard.go:69.83,71.16 2 1
github.com/ryabkov82/gophkeeper/internal/client/app/app_bankcard.go:71.16,73.3 1 1
github.com/ryabkov82/gophkeeper/internal/client/app/app_bankcard.go:75.2,76.16 2 1
github.com/ryabkov82/gophkeeper/internal/client/app/app_bankcard.go:76.16,78.3 1 0
github.com/ryabkov82/gophkeeper/internal/client/app/app_bankcard.go:80.2,81.16 2 1
github.com/ryabkov82/gophkeeper/internal/client/app/app_bankcard.go:81.16,83.3 1 0
github.com/ryabkov82/gophkeeper/internal/client/app/app_bankcard.go:85.2,85.23 1 1
github.com/ryabkov82/gophkeeper/internal/client/app/app_bankcard.go:85.23,87.46 2 1
github.com/ryabkov82/gophkeeper/internal/client/app/app_bankcard.go:87.46,89.4 1 0
github.com/ryabkov82/gophkeeper/internal/client/app/app_bankcard.go:92.2,92.19 1 1
github.com/ryabkov82/gophkeeper/internal/client/app/app_bankcard.go:96.87,98.16 2 1
github.com/ryabkov82/gophkeeper/internal/client/app/app_bankcard.go:98.16,100.3 1 1
github.com/ryabkov82/gophkeeper/internal/client/app/app_bankcard.go:102.2,103.16 2 1
github.com/ryabkov82/gophkeeper/internal/client/app/app_bankcard.go:103.16,105.3 1 0
github.com/ryabkov82/gophkeeper/internal/client/app/app_bankcard.go:107.2,108.45 2 1
github.com/ryabkov82/gophkeeper/internal/client/app/app_bankcard.go:108.45,110.3 1 0
github.com/ryabkov82/gophkeeper/internal/client/app/app_bankcard.go:112.2,112.52 1 1
github.com/ryabkov82/gophkeeper/internal/client/app/app_bankcard.go:116.76,118.16 2 1
github.com/ryabkov82/gophkeeper/internal/client/app/app_bankcard.go:118.16,120.3 1 1
github.com/ryabkov82/gophkeeper/internal/client/app/app_bankcard.go:121.2,121.50 1 1
github.com/ryabkov82/gophkeeper/internal/client/app/app_binarydata.go:22.54,24.11 2 0
github.com/ryabkov82/gophkeeper/internal/client/app/app_binarydata.go:24.11,26.10 2 0
github.com/ryabkov82/gophkeeper/internal/client/app/app_binarydata.go:27.33,27.33 0 0
github.com/ryabkov82/gophkeeper/internal/client/app/app_binarydata.go:28.11,28.11 0 0
github.com/ryabkov82/gophkeeper/internal/client/app/app_binarydata.go:31.2,31.15 1 0
github.com/ryabkov82/gophkeeper/internal/client/app/app_binarydata.go:41.56,43.27 2 1
github.com/ryabkov82/gophkeeper/internal/client/app/app_binarydata.go:43.27,45.10 2 1
github.com/ryabkov82/gophkeeper/internal/client/app/app_binarydata.go:46.22,46.22 0 1
github.com/ryabkov82/gophkeeper/internal/client/app/app_binarydata.go:47.11,47.11 0 0
github.com/ryabkov82/gophkeeper/internal/client/app/app_binarydata.go:50.2,50.15 1 1
github.com/ryabkov82/gophkeeper/internal/client/app/app_binarydata.go:59.50,60.9 1 1
github.com/ryabkov82/gophkeeper/internal/client/app/app_binarydata.go:61.23,62.25 1 0
github.com/ryabkov82/gophkeeper/internal/client/app/app_binarydata.go:63.10,64.22 1 1
github.com/ryabkov82/gophkeeper/internal/client/app/app_binarydata.go:69.73,71.16 2 1
github.com/ryabkov82/gophkeeper/internal/client/app/app_binarydata.go:71.16,73.3 1 0
github.com/ryabkov82/gophkeeper/internal/client/app/app_binarydata.go:75.2,77.12 3 1
github.com/ryabkov82/gophkeeper/internal/client/app/app_binarydata.go:81.100,82.54 1 1
github.com/ryabkov82/gophkeeper/internal/client/app/app_binarydata.go:82.54,84.3 1 0
github.com/ryabkov82/gophkeeper/internal/client/app/app_binarydata.go:86.2,87.16 2 1
github.com/ryabkov82/gophkeeper/internal/client/app/app_binarydata.go:87.16,89.3 1 0
github.com/ryabkov82/gophkeeper/internal/client/app/app_binarydata.go:91.2,92.16 2 1
github.com/ryabkov82/gophkeeper/internal/client/app/app_binarydata.go:92.16,94.3 1 0
github.com/ryabkov82/gophkeeper/internal/client/app/app_binarydata.go:96.2,97.45 2 1
github.com/ryabkov82/gophkeeper/internal/client/app/app_binarydata.go:97.45,99.3 1 0
github.com/ryabkov82/gophkeeper/internal/client/app/app_binarydata.go:101.2,101.18 1 1
github.com/ryabkov82/gophkeeper/internal/client/app/app_binarydata.go:105.87,106.54 1 1
github.com/ryabkov82/gophkeeper/internal/client/app/app_binarydata.go:106.54,108.3 1 0
github.com/ryabkov82/gophkeeper/internal/client/app/app_binarydata.go:110.2,111.16 2 1
github.com/ryabkov82/gophkeeper/internal/client/app/app_binarydata.go:111.16,113.3 1 0
github.com/ryabkov82/gophkeeper/internal/client/app/app_binarydata.go:115.2,115.18 1 1
github.com/ryabkov82/gophkeeper/internal/client/app/app_binarydata.go:125.9,126.54 1 1
github.com/ryabkov82/gophkeeper/internal/client/app/app_binarydata.go:126.54,128.3 1 0
github.com/ryabkov82/gophkeeper/internal/client/app/app_binarydata.go:130.2,132.16 3 1
github.com/ryabkov82/gophkeeper/internal/client/app/app_binarydata.go:132.16,134.3 1 0
github.com/ryabkov82/gophkeeper/internal/client/app/app_binarydata.go:137.2,138.45 2 1
github.com/ryabkov82/gophkeeper/internal/client/app/app_binarydata.go:138.45,140.3 1 0
github.com/ryabkov82/gophkeeper/internal/client/app/app_binarydata.go:142.2,143.16 2 1
github.com/ryabkov82/gophkeeper/internal/client/app/app_binarydata.go:143.16,145.3 1 0
github.com/ryabkov82/gophkeeper/internal/client/app/app_binarydata.go:146.2,149.16 3 1
github.com/ryabkov82/gophkeeper/internal/client/app/app_binarydata.go:149.16,151.3 1 0
github.com/ryabkov82/gophkeeper/internal/client/app/app_binarydata.go:152.2,161.12 4 1
github.com/ryabkov82/gophkeeper/internal/client/app/app_binarydata.go:161.12,163.67 2 1
github.com/ryabkov82/gophkeeper/internal/client/app/app_binarydata.go:163.67,165.4 1 1
github.com/ryabkov82/gophkeeper/internal/client/app/app_binarydata.go:168.2,169.12 2 1
github.com/ryabkov82/gophkeeper/internal/client/app/app_binarydata.go:169.12,171.3 1 1
github.com/ryabkov82/gophkeeper/internal/client/app/app_binarydata.go:173.2,173.9 1 1
github.com/ryabkov82/gophkeeper/internal/client/app/app_binarydata.go:174.20,176.19 2 0
github.com/ryabkov82/gophkeeper/internal/client/app/app_binarydata.go:177.21,179.13 2 1
github.com/ryabkov82/gophkeeper/internal/client/app/app_binarydata.go:184.135,186.2 1 1
github.com/ryabkov82/gophkeeper/internal/client/app/app_binarydata.go:189.95,190.54 1 1
github.com/ryabkov82/gophkeeper/internal/client/app/app_binarydata.go:190.54,192.3 1 0
github.com/ryabkov82/gophkeeper/internal/client/app/app_binarydata.go:194.2,195.16 2 1
github.com/ryabkov82/gophkeeper/internal/client/app/app_binarydata.go:195.16,197.3 1 0
github.com/ryabkov82/gophkeeper/internal/client/app/app_binarydata.go:199.2,200.45 2 1
github.com/ryabkov82/gophkeeper/internal/client/app/app_binarydata.go:200.45,202.3 1 0
github.com/ryabkov82/gophkeeper/internal/client/app/app_binarydata.go:204.2,204.50 1 1
github.com/ryabkov82/gophkeeper/internal/client/app/app_binarydata.go:208.95,209.54 1 1
github.com/ryabkov82/gophkeeper/internal/client/app/app_binarydata.go:209.54,211.3 1 0
github.com/ryabkov82/gophkeeper/internal/client/app/app_binarydata.go:213.2,214.16 2 1
github.com/ryabkov82/gophkeeper/internal/client/app/app_binarydata.go:214.16,216.3 1 0
github.com/ryabkov82/gophkeeper/internal/client/app/app_binarydata.go:218.2,219.45 2 1
github.com/ryabkov82/gophkeeper/internal/client/app/app_binarydata.go:219.45,221.3 1 0
github.com/ryabkov82/gophkeeper/internal/client/app/app_binarydata.go:223.2,223.50 1 1
github.com/ryabkov82/gophkeeper/internal/client/app/app_binarydata.go:231.9,232.54 1 1
github.com/ryabkov82/gophkeeper/internal/client/app/app_binarydata.go:232.54,234.3 1 0
github.com/ryabkov82/gophkeeper/internal/client/app/app_binarydata.go:236.2,237.16 2 1
github.com/ryabkov82/gophkeeper/internal/client/app/app_binarydata.go:237.16,239.3 1 0
github.com/ryabkov82/gophkeeper/internal/client/app/app_binarydata.go:241.2,242.16 2 1
github.com/ryabkov82/gophkeeper/internal/client/app/app_binarydata.go:242.16,244.3 1 0
github.com/ryabkov82/gophkeeper/internal/client/app/app_binarydata.go:245.2,248.16 3 1
github.com/ryabkov82/gophkeeper/internal/client/app/app_binarydata.go:248.16,250.3 1 0
github.com/ryabkov82/gophkeeper/internal/client/app/app_binarydata.go:251.2,259.59 4 1
github.com/ryabkov82/gophkeeper/internal/client/app/app_binarydata.go:259.59,261.3 1 0
github.com/ryabkov82/gophkeeper/internal/client/app/app_binarydata.go:263.2,263.12 1 1
github.com/ryabkov82/gophkeeper/internal/client/app/app_binarydata.go:268.78,269.54 1 1
github.com/ryabkov82/gophkeeper/internal/client/app/app_binarydata.go:269.54,271.3 1 0
github.com/ryabkov82/gophkeeper/internal/client/app/app_binarydata.go:272.2,272.44 1 1
github.com/ryabkov82/gophkeeper/internal/client/app/app_credential.go:16.73,18.16 2 1
github.com/ryabkov82/gophkeeper/internal/client/app/app_credential.go:18.16,20.3 1 1
github.com/ryabkov82/gophkeeper/internal/client/app/app_credential.go:22.2,24.12 3 1
github.com/ryabkov82/gophkeeper/internal/client/app/app_credential.go:35.91,37.16 2 1
github.com/ryabkov82/gophkeeper/internal/client/app/app_credential.go:37.16,39.3 1 1
github.com/ryabkov82/gophkeeper/internal/client/app/app_credential.go:41.2,42.16 2 1
github.com/ryabkov82/gophkeeper/internal/client/app/app_credential.go:42.16,44.3 1 0
github.com/ryabkov82/gophkeeper/internal/client/app/app_credential.go:46.2,47.45 2 1
github.com/ryabkov82/gophkeeper/internal/client/app/app_credential.go:47.45,49.3 1 0
github.com/ryabkov82/gophkeeper/internal/client/app/app_credential.go:51.2,51.56 1 1
github.com/ryabkov82/gophkeeper/internal/client/app/app_credential.go:62.100,64.16 2 1
github.com/ryabkov82/gophkeeper/internal/client/app/app_credential.go:64.16,66.3 1 1
github.com/ryabkov82/gophkeeper/internal/client/app/app_credential.go:67.2,68.16 2 1
github.com/ryabkov82/gophkeeper/internal/client/app/app_credential.go:68.16,70.3 1 0
github.com/ryabkov82/gophkeeper/internal/client/app/app_credential.go:72.2,73.16 2 1
github.com/ryabkov82/gophkeeper/internal/client/app/app_credential.go:73.16,75.3 1 0
github.com/ryabkov82/gophkeeper/internal/client/app/app_credential.go:77.2,78.45 2 1
github.com/ryabkov82/gophkeeper/internal/client/app/app_credential.go:78.45,80.3 1 0
github.com/ryabkov82/gophkeeper/internal/client/app/app_credential.go:82.2,82.18 1 1
github.com/ryabkov82/gophkeeper/internal/client/app/app_credential.go:91.87,93.16 2 1
github.com/ryabkov82/gophkeeper/internal/client/app/app_credential.go:93.16,95.3 1 1
github.com/ryabkov82/gophkeeper/internal/client/app/app_credential.go:96.2,97.16 2 1
github.com/ryabkov82/gophkeeper/internal/client/app/app_credential.go:97.16,99.3 1 0
github.com/ryabkov82/gophkeeper/internal/client/app/app_credential.go:101.2,102.16 2 1
github.com/ryabkov82/gophkeeper/internal/client/app/app_credential.go:102.16,104.3 1 0
github.com/ryabkov82/gophkeeper/internal/client/app/app_credential.go:106.2,106.23 1 1
github.com/ryabkov82/gophkeeper/internal/client/app/app_credential.go:106.23,108.46 2 1
github.com/ryabkov82/gophkeeper/internal/client/app/app_credential.go:108.46,110.4 1 0
github.com/ryabkov82/gophkeeper/internal/client/app/app_credential.go:113.2,113.19 1 1
github.com/ryabkov82/gophkeeper/internal/client/app/app_credential.go:124.91,126.16 2 1
github.com/ryabkov82/gophkeeper/internal/client/app/app_credential.go:126.16,128.3 1 1
github.com/ryabkov82/gophkeeper/internal/client/app/app_credential.go:129.2,130.16 2 1
github.com/ryabkov82/gophkeeper/internal/client/app/app_credential.go:130.16,132.3 1 0
github.com/ryabkov82/gophkeeper/internal/client/app/app_credential.go:134.2,135.45 2 1
github.com/ryabkov82/gophkeeper/internal/client/app/app_credential.go:135.45,137.3 1 0
github.com/ryabkov82/gophkeeper/internal/client/app/app_credential.go:139.2,139.56 1 1
github.com/ryabkov82/gophkeeper/internal/client/app/app_credential.go:148.78,150.16 2 1
github.com/ryabkov82/gophkeeper/internal/client/app/app_credential.go:150.16,152.3 1 1
github.com/ryabkov82/gophkeeper/internal/client/app/app_credential.go:153.2,153.54 1 1
github.com/ryabkov82/gophkeeper/internal/client/app/app_textdata.go:12.71,14.16 2 1
github.com/ryabkov82/gophkeeper/internal/client/app/app_textdata.go:14.16,16.3 1 1
github.com/ryabkov82/gophkeeper/internal/client/app/app_textdata.go:18.2,20.12 3 1
github.com/ryabkov82/gophkeeper/internal/client/app/app_textdata.go:24.87,25.52 1 1
github.com/ryabkov82/gophkeeper/internal/client/app/app_textdata.go:25.52,27.3 1 1
github.com/ryabkov82/gophkeeper/internal/client/app/app_textdata.go:29.2,30.16 2 1
github.com/ryabkov82/gophkeeper/internal/client/app/app_textdata.go:30.16,32.3 1 0
github.com/ryabkov82/gophkeeper/internal/client/app/app_textdata.go:34.2,35.45 2 1
github.com/ryabkov82/gophkeeper/internal/client/app/app_textdata.go:35.45,37.3 1 0
github.com/ryabkov82/gophkeeper/internal/client/app/app_textdata.go:39.2,39.52 1 1
github.com/ryabkov82/gophkeeper/internal/client/app/app_textdata.go:43.96,44.52 1 1
github.com/ryabkov82/gophkeeper/internal/client/app/app_textdata.go:44.52,46.3 1 1
github.com/ryabkov82/gophkeeper/internal/client/app/app_textdata.go:48.2,49.16 2 1
github.com/ryabkov82/gophkeeper/internal/client/app/app_textdata.go:49.16,51.3 1 0
github.com/ryabkov82/gophkeeper/internal/client/app/app_textdata.go:53.2,54.16 2 1
github.com/ryabkov82/gophkeeper/internal/client/app/app_textdata.go:54.16,56.3 1 0
github.com/ryabkov82/gophkeeper/internal/client/app/app_textdata.go:58.2,59.45 2 1
github.com/ryabkov82/gophkeeper/internal/client/app/app_textdata.go:59.45,61.3 1 0
github.com/ryabkov82/gophkeeper/internal/client/app/app_textdata.go:63.2,63.18 1 1
github.com/ryabkov82/gophkeeper/internal/client/app/app_textdata.go:67.89,68.52 1 1
github.com/ryabkov82/gophkeeper/internal/client/app/app_textdata.go:68.52,70.3 1 1
github.com/ryabkov82/gophkeeper/internal/client/app/app_textdata.go:71.2,71.49 1 1
github.com/ryabkov82/gophkeeper/internal/client/app/app_textdata.go:75.87,76.52 1 1
github.com/ryabkov82/gophkeeper/internal/client/app/app_textdata.go:76.52,78.3 1 1
github.com/ryabkov82/gophkeeper/internal/client/app/app_textdata.go:80.2,81.16 2 1
github.com/ryabkov82/gophkeeper/internal/client/app/app_textdata.go:81.16,83.3 1 0
github.com/ryabkov82/gophkeeper/internal/client/app/app_textdata.go:85.2,86.45 2 1
github.com/ryabkov82/gophkeeper/internal/client/app/app_textdata.go:86.45,88.3 1 0
github.com/ryabkov82/gophkeeper/internal/client/app/app_textdata.go:90.2,90.52 1 1
github.com/ryabkov82/gophkeeper/internal/client/app/app_textdata.go:94.76,95.52 1 1
github.com/ryabkov82/gophkeeper/internal/client/app/app_textdata.go:95.52,97.3 1 1
github.com/ryabkov82/gophkeeper/internal/client/app/app_textdata.go:98.2,98.50 1 1
github.com/ryabkov82/gophkeeper/internal/client/app/run.go:40.9,42.16 2 1
github.com/ryabkov82/gophkeeper/internal/client/app/run.go:42.16,44.3 1 1
github.com/ryabkov82/gophkeeper/internal/client/app/run.go:45.2,55.35 7 1
github.com/ryabkov82/gophkeeper/internal/client/connection/auth_interceptor.go:17.110,30.10 2 1
github.com/ryabkov82/gophkeeper/internal/client/connection/auth_interceptor.go:30.10,33.22 3 1
github.com/ryabkov82/gophkeeper/internal/client/connection/auth_interceptor.go:33.22,35.4 1 1
github.com/ryabkov82/gophkeeper/internal/client/connection/auth_interceptor.go:37.3,37.44 1 1
github.com/ryabkov82/gophkeeper/internal/client/connection/auth_interceptor.go:37.44,39.19 2 1
github.com/ryabkov82/gophkeeper/internal/client/connection/auth_interceptor.go:39.19,41.12 2 1
github.com/ryabkov82/gophkeeper/internal/client/connection/auth_interceptor.go:41.12,43.6 1 1
github.com/ryabkov82/gophkeeper/internal/client/connection/auth_interceptor.go:43.11,45.6 1 0
github.com/ryabkov82/gophkeeper/internal/client/connection/auth_interceptor.go:46.5,48.92 3 1
github.com/ryabkov82/gophkeeper/internal/client/connection/auth_interceptor.go:49.10,51.5 1 1
github.com/ryabkov82/gophkeeper/internal/client/connection/auth_interceptor.go:52.9,54.4 1 1
github.com/ryabkov82/gophkeeper/internal/client/connection/auth_interceptor.go:56.3,56.55 1 1
github.com/ryabkov82/gophkeeper/internal/client/connection/auth_interceptor.go:67.33,80.2 2 1
github.com/ryabkov82/gophkeeper/internal/client/connection/auth_interceptor.go:91.109,93.18 2 1
github.com/ryabkov82/gophkeeper/internal/client/connection/auth_interceptor.go:93.18,95.3 1 1
github.com/ryabkov82/gophkeeper/internal/client/connection/auth_interceptor.go:96.2,96.30 1 1
github.com/ryabkov82/gophkeeper/internal/client/connection/auth_interceptor.go:96.30,99.3 2 1
github.com/ryabkov82/gophkeeper/internal/client/connection/auth_interceptor.go:101.2,102.17 2 1
github.com/ryabkov82/gophkeeper/internal/client/connection/auth_interceptor.go:102.17,105.3 2 1
github.com/ryabkov82/gophkeeper/internal/client/connection/auth_interceptor.go:107.2,108.67 2 1
github.com/ryabkov82/gophkeeper/internal/client/connection/auth_interceptor.go:113.59,115.2 1 1
github.com/ryabkov82/gophkeeper/internal/client/connection/auth_interceptor.go:117.62,119.22 1 1
github.com/ryabkov82/gophkeeper/internal/client/connection/auth_interceptor.go:119.22,121.3 1 1
github.com/ryabkov82/gophkeeper/internal/client/connection/auth_interceptor.go:122.2,125.13 4 1
github.com/ryabkov82/gophkeeper/internal/client/connection/connection.go:81.87,88.2 1 1
github.com/ryabkov82/gophkeeper/internal/client/connection/connection.go:93.66,97.62 3 1
github.com/ryabkov82/gophkeeper/internal/client/connection/connection.go:97.62,100.3 2 0
github.com/ryabkov82/gophkeeper/internal/client/connection/connection.go:102.2,102.19 1 1
github.com/ryabkov82/gophkeeper/internal/client/connection/connection.go:102.19,105.3 2 0
github.com/ryabkov82/gophkeeper/internal/client/connection/connection.go:107.2,107.33 1 1
github.com/ryabkov82/gophkeeper/internal/client/connection/connection.go:107.33,111.3 3 1
github.com/ryabkov82/gophkeeper/internal/client/connection/connection.go:113.2,115.12 2 1
github.com/ryabkov82/gophkeeper/internal/client/connection/connection.go:115.12,118.3 2 1
github.com/ryabkov82/gophkeeper/internal/client/connection/connection.go:120.2,120.9 1 1
github.com/ryabkov82/gophkeeper/internal/client/connection/connection.go:121.20,123.24 2 0
github.com/ryabkov82/gophkeeper/internal/client/connection/connection.go:124.30,125.24 1 1
github.com/ryabkov82/gophkeeper/internal/client/connection/connection.go:125.24,128.4 2 1
github.com/ryabkov82/gophkeeper/internal/client/connection/connection.go:129.3,131.26 3 1
github.com/ryabkov82/gophkeeper/internal/client/connection/connection.go:138.75,141.21 2 1
github.com/ryabkov82/gophkeeper/internal/client/connection/connection.go:141.21,143.17 2 0
github.com/ryabkov82/gophkeeper/internal/client/connection/connection.go:143.17,145.4 1 0
github.com/ryabkov82/gophkeeper/internal/client/connection/connection.go:147.3,152.32 2 0
github.com/ryabkov82/gophkeeper/internal/client/connection/connection.go:152.32,154.18 2 0
github.com/ryabkov82/gophkeeper/internal/client/connection/connection.go:154.18,157.5 2 0
github.com/ryabkov82/gophkeeper/internal/client/connection/connection.go:160.4,161.44 2 0
github.com/ryabkov82/gophkeeper/internal/client/connection/connection.go:161.44,164.5 2 0
github.com/ryabkov82/gophkeeper/internal/client/connection/connection.go:165.4,167.84 2 0
github.com/ryabkov82/gophkeeper/internal/client/connection/connection.go:179.3,180.50 2 0
github.com/ryabkov82/gophkeeper/internal/client/connection/connection.go:181.8,184.3 2 1
github.com/ryabkov82/gophkeeper/internal/client/connection/connection.go:186.2,192.16 4 1
github.com/ryabkov82/gophkeeper/internal/client/connection/connection.go:192.16,195.3 2 1
github.com/ryabkov82/gophkeeper/internal/client/connection/connection.go:197.2,201.33 4 1
github.com/ryabkov82/gophkeeper/internal/client/connection/connection.go:201.33,203.3 1 1
github.com/ryabkov82/gophkeeper/internal/client/connection/connection.go:205.2,205.6 1 0
github.com/ryabkov82/gophkeeper/internal/client/connection/connection.go:205.6,206.43 1 0
github.com/ryabkov82/gophkeeper/internal/client/connection/connection.go:206.43,210.4 3 0
github.com/ryabkov82/gophkeeper/internal/client/connection/connection.go:212.3,215.16 3 0
github.com/ryabkov82/gophkeeper/internal/client/connection/connection.go:216.27,217.20 1 0
github.com/ryabkov82/gophkeeper/internal/client/connection/connection.go:218.38,221.47 3 0
github.com/ryabkov82/gophkeeper/internal/client/connection/connection.go:222.30,224.49 2 0
github.com/ryabkov82/gophkeeper/internal/client/connection/connection.go:230.34,234.2 3 1
github.com/ryabkov82/gophkeeper/internal/client/connection/connection.go:237.33,241.19 3 1
github.com/ryabkov82/gophkeeper/internal/client/connection/connection.go:241.19,244.3 2 1
github.com/ryabkov82/gophkeeper/internal/client/connection/connection.go:245.2,245.12 1 1
github.com/ryabkov82/gophkeeper/internal/client/connection/connection.go:250.35,254.2 3 1
github.com/ryabkov82/gophkeeper/internal/client/connection/connection.go:306.80,308.16 2 0
github.com/ryabkov82/gophkeeper/internal/client/connection/connection.go:308.16,310.3 1 0
github.com/ryabkov82/gophkeeper/internal/client/connection/connection.go:311.2,311.18 1 0
github.com/ryabkov82/gophkeeper/internal/client/service/binarydata/binarydata.go:32.66,36.2 1 1
github.com/ryabkov82/gophkeeper/internal/client/service/binarydata/binarydata.go:39.74,41.2 1 1
github.com/ryabkov82/gophkeeper/internal/client/service/binarydata/binarydata.go:44.100,48.16 3 1
github.com/ryabkov82/gophkeeper/internal/client/service/binarydata/binarydata.go:48.16,50.3 1 0
github.com/ryabkov82/gophkeeper/internal/client/service/binarydata/binarydata.go:53.2,61.45 8 1
github.com/ryabkov82/gophkeeper/internal/client/service/binarydata/binarydata.go:61.45,63.58 1 0
github.com/ryabkov82/gophkeeper/internal/client/service/binarydata/binarydata.go:63.58,65.4 1 0
github.com/ryabkov82/gophkeeper/internal/client/service/binarydata/binarydata.go:66.3,66.68 1 0
github.com/ryabkov82/gophkeeper/internal/client/service/binarydata/binarydata.go:69.2,70.6 2 1
github.com/ryabkov82/gophkeeper/internal/client/service/binarydata/binarydata.go:70.6,73.12 2 1
github.com/ryabkov82/gophkeeper/internal/client/service/binarydata/binarydata.go:73.12,76.50 3 1
github.com/ryabkov82/gophkeeper/internal/client/service/binarydata/binarydata.go:76.50,78.60 1 0
github.com/ryabkov82/gophkeeper/internal/client/service/binarydata/binarydata.go:78.60,81.6 1 0
github.com/ryabkov82/gophkeeper/internal/client/service/binarydata/binarydata.go:82.5,82.47 1 0
github.com/ryabkov82/gophkeeper/internal/client/service/binarydata/binarydata.go:85.3,85.21 1 1
github.com/ryabkov82/gophkeeper/internal/client/service/binarydata/binarydata.go:85.21,86.9 1 1
github.com/ryabkov82/gophkeeper/internal/client/service/binarydata/binarydata.go:88.3,88.18 1 1
github.com/ryabkov82/gophkeeper/internal/client/service/binarydata/binarydata.go:88.18,90.4 1 0
github.com/ryabkov82/gophkeeper/internal/client/service/binarydata/binarydata.go:93.2,94.16 2 1
github.com/ryabkov82/gophkeeper/internal/client/service/binarydata/binarydata.go:94.16,96.3 1 0
github.com/ryabkov82/gophkeeper/internal/client/service/binarydata/binarydata.go:98.2,100.12 3 1
github.com/ryabkov82/gophkeeper/internal/client/service/binarydata/binarydata.go:104.91,116.16 9 1
github.com/ryabkov82/gophkeeper/internal/client/service/binarydata/binarydata.go:116.16,118.3 1 0
github.com/ryabkov82/gophkeeper/internal/client/service/binarydata/binarydata.go:120.2,122.12 3 1
github.com/ryabkov82/gophkeeper/internal/client/service/binarydata/binarydata.go:126.91,138.16 9 1
github.com/ryabkov82/gophkeeper/internal/client/service/binarydata/binarydata.go:138.16,140.3 1 0
github.com/ryabkov82/gophkeeper/internal/client/service/binarydata/binarydata.go:142.2,144.12 3 1
github.com/ryabkov82/gophkeeper/internal/client/service/binarydata/binarydata.go:148.93,155.16 5 1
github.com/ryabkov82/gophkeeper/internal/client/service/binarydata/binarydata.go:155.16,157.3 1 0
github.com/ryabkov82/gophkeeper/internal/client/service/binarydata/binarydata.go:160.2,162.12 2 1
github.com/ryabkov82/gophkeeper/internal/client/service/binarydata/binarydata.go:162.12,164.7 2 1
github.com/ryabkov82/gophkeeper/internal/client/service/binarydata/binarydata.go:164.7,166.21 2 1
github.com/ryabkov82/gophkeeper/internal/client/service/binarydata/binarydata.go:166.21,168.5 1 1
github.com/ryabkov82/gophkeeper/internal/client/service/binarydata/binarydata.go:169.4,169.18 1 1
github.com/ryabkov82/gophkeeper/internal/client/service/binarydata/binarydata.go:169.18,172.5 2 0
github.com/ryabkov82/gophkeeper/internal/client/service/binarydata/binarydata.go:173.4,173.32 1 1
github.com/ryabkov82/gophkeeper/internal/client/service/binarydata/binarydata.go:173.32,174.56 1 1
github.com/ryabkov82/gophkeeper/internal/client/service/binarydata/binarydata.go:174.56,177.6 2 0
github.com/ryabkov82/gophkeeper/internal/client/service/binarydata/binarydata.go:182.2,182.16 1 1
github.com/ryabkov82/gophkeeper/internal/client/service/binarydata/binarydata.go:186.83,190.16 3 1
github.com/ryabkov82/gophkeeper/internal/client/service/binarydata/binarydata.go:190.16,192.3 1 0
github.com/ryabkov82/gophkeeper/internal/client/service/binarydata/binarydata.go:194.2,195.39 2 1
github.com/ryabkov82/gophkeeper/internal/client/service/binarydata/binarydata.go:195.39,201.3 1 1
github.com/ryabkov82/gophkeeper/internal/client/service/binarydata/binarydata.go:203.2,204.20 2 1
github.com/ryabkov82/gophkeeper/internal/client/service/binarydata/binarydata.go:208.74,215.16 5 1
github.com/ryabkov82/gophkeeper/internal/client/service/binarydata/binarydata.go:215.16,217.3 1 0
github.com/ryabkov82/gophkeeper/internal/client/service/binarydata/binarydata.go:219.2,220.12 2 1
github.com/ryabkov82/gophkeeper/internal/client/service/binarydata/binarydata.go:224.96,231.16 5 1
github.com/ryabkov82/gophkeeper/internal/client/service/binarydata/binarydata.go:231.16,233.3 1 0
github.com/ryabkov82/gophkeeper/internal/client/service/binarydata/binarydata.go:235.2,236.17 2 1
github.com/ryabkov82/gophkeeper/internal/client/service/binarydata/binarydata.go:236.17,238.3 1 0
github.com/ryabkov82/gophkeeper/internal/client/service/binarydata/binarydata.go:240.2,250.18 3 1
github.com/ryabkov82/gophkeeper/internal/client/service/bankcard/bankcard.go:32.62,36.2 1 1
github.com/ryabkov82/gophkeeper/internal/client/service/bankcard/bankcard.go:39.70,41.2 1 1
github.com/ryabkov82/gophkeeper/internal/client/service/bankcard/bankcard.go:44.91,54.16 5 1
github.com/ryabkov82/gophkeeper/internal/client/service/bankcard/bankcard.go:54.16,57.3 2 1
github.com/ryabkov82/gophkeeper/internal/client/service/bankcard/bankcard.go:59.2,63.12 2 1
github.com/ryabkov82/gophkeeper/internal/client/service/bankcard/bankcard.go:67.100,76.16 5 1
github.com/ryabkov82/gophkeeper/internal/client/service/bankcard/bankcard.go:76.16,79.3 2 1
github.com/ryabkov82/gophkeeper/internal/client/service/bankcard/bankcard.go:81.2,86.18 3 1
github.com/ryabkov82/gophkeeper/internal/client/service/bankcard/bankcard.go:90.87,94.16 3 1
github.com/ryabkov82/gophkeeper/internal/client/service/bankcard/bankcard.go:94.16,97.3 2 1
github.com/ryabkov82/gophkeeper/internal/client/service/bankcard/bankcard.go:99.2,100.45 2 1
github.com/ryabkov82/gophkeeper/internal/client/service/bankcard/bankcard.go:100.45,102.3 1 1
github.com/ryabkov82/gophkeeper/internal/client/service/bankcard/bankcard.go:104.2,107.19 2 1
github.com/ryabkov82/gophkeeper/internal/client/service/bankcard/bankcard.go:111.91,120.16 5 1
github.com/ryabkov82/gophkeeper/internal/client/service/bankcard/bankcard.go:120.16,123.3 2 1
github.com/ryabkov82/gophkeeper/internal/client/service/bankcard/bankcard.go:125.2,128.12 2 1
github.com/ryabkov82/gophkeeper/internal/client/service/bankcard/bankcard.go:132.80,141.16 5 1
github.com/ryabkov82/gophkeeper/internal/client/service/bankcard/bankcard.go:141.16,144.3 2 1
github.com/ryabkov82/gophkeeper/internal/client/service/bankcard/bankcard.go:146.2,149.12 2 1
github.com/ryabkov82/gophkeeper/internal/client/service/bankcard/bankcard.go:153.54,166.2 12 1
github.com/ryabkov82/gophkeeper/internal/client/service/bankcard/bankcard.go:168.61,181.2 1 1
github.com/ryabkov82/gophkeeper/internal/client/service/auth/auth.go:49.16,54.2 1 1
github.com/ryabkov82/gophkeeper/internal/client/service/auth/auth.go:58.52,61.49 3 1
github.com/ryabkov82/gophkeeper/internal/client/service/auth/auth.go:61.49,64.3 2 0
github.com/ryabkov82/gophkeeper/internal/client/service/auth/auth.go:65.2,65.12 1 1
github.com/ryabkov82/gophkeeper/internal/client/service/auth/auth.go:70.41,71.19 1 1
github.com/ryabkov82/gophkeeper/internal/client/service/auth/auth.go:71.19,74.17 3 1
github.com/ryabkov82/gophkeeper/internal/client/service/auth/auth.go:74.17,76.4 1 0
github.com/ryabkov82/gophkeeper/internal/client/service/auth/auth.go:77.3,77.18 1 1
github.com/ryabkov82/gophkeeper/internal/client/service/auth/auth.go:79.2,79.16 1 1
github.com/ryabkov82/gophkeeper/internal/client/service/auth/auth.go:83.37,86.45 3 1
github.com/ryabkov82/gophkeeper/internal/client/service/auth/auth.go:86.45,89.3 2 0
github.com/ryabkov82/gophkeeper/internal/client/service/auth/auth.go:90.2,90.12 1 1
github.com/ryabkov82/gophkeeper/internal/client/service/auth/auth.go:103.65,105.2 1 0
github.com/ryabkov82/gophkeeper/internal/client/service/auth/auth.go:109.90,118.16 6 1
github.com/ryabkov82/gophkeeper/internal/client/service/auth/auth.go:118.16,121.3 2 0
github.com/ryabkov82/gophkeeper/internal/client/service/auth/auth.go:123.2,123.58 1 1
github.com/ryabkov82/gophkeeper/internal/client/service/auth/auth.go:123.58,125.3 1 0
github.com/ryabkov82/gophkeeper/internal/client/service/auth/auth.go:127.2,133.18 3 1
github.com/ryabkov82/gophkeeper/internal/client/service/auth/auth.go:138.83,146.16 6 1
github.com/ryabkov82/gophkeeper/internal/client/service/auth/auth.go:146.16,149.3 2 0
github.com/ryabkov82/gophkeeper/internal/client/service/auth/auth.go:151.2,152.12 2 1
github.com/ryabkov82/gophkeeper/internal/client/service/textdata/textdata.go:42.62,44.2 1 1
github.com/ryabkov82/gophkeeper/internal/client/service/textdata/textdata.go:47.70,49.2 1 1
github.com/ryabkov82/gophkeeper/internal/client/service/textdata/textdata.go:53.91,54.40 1 1
github.com/ryabkov82/gophkeeper/internal/client/service/textdata/textdata.go:54.40,56.3 1 1
github.com/ryabkov82/gophkeeper/internal/client/service/textdata/textdata.go:58.2,62.16 4 1
github.com/ryabkov82/gophkeeper/internal/client/service/textdata/textdata.go:62.16,65.3 2 1
github.com/ryabkov82/gophkeeper/internal/client/service/textdata/textdata.go:67.2,68.12 2 1
github.com/ryabkov82/gophkeeper/internal/client/service/textdata/textdata.go:72.100,77.16 4 1
github.com/ryabkov82/gophkeeper/internal/client/service/textdata/textdata.go:77.16,79.3 1 0
github.com/ryabkov82/gophkeeper/internal/client/service/textdata/textdata.go:81.2,81.51 1 1
github.com/ryabkov82/gophkeeper/internal/client/service/textdata/textdata.go:86.93,88.16 2 1
github.com/ryabkov82/gophkeeper/internal/client/service/textdata/textdata.go:88.16,91.3 2 0
github.com/ryabkov82/gophkeeper/internal/client/service/textdata/textdata.go:93.2,94.46 2 1
github.com/ryabkov82/gophkeeper/internal/client/service/textdata/textdata.go:94.46,100.3 1 1
github.com/ryabkov82/gophkeeper/internal/client/service/textdata/textdata.go:102.2,105.20 2 1
github.com/ryabkov82/gophkeeper/internal/client/service/textdata/textdata.go:110.91,111.40 1 1
github.com/ryabkov82/gophkeeper/internal/client/service/textdata/textdata.go:111.40,113.3 1 1
github.com/ryabkov82/gophkeeper/internal/client/service/textdata/textdata.go:115.2,119.16 4 1
github.com/ryabkov82/gophkeeper/internal/client/service/textdata/textdata.go:119.16,121.3 1 0
github.com/ryabkov82/gophkeeper/internal/client/service/textdata/textdata.go:123.2,123.12 1 1
github.com/ryabkov82/gophkeeper/internal/client/service/textdata/textdata.go:127.80,132.16 4 1
github.com/ryabkov82/gophkeeper/internal/client/service/textdata/textdata.go:132.16,134.3 1 1
github.com/ryabkov82/gophkeeper/internal/client/service/textdata/textdata.go:136.2,136.12 1 1
github.com/ryabkov82/gophkeeper/internal/client/service/textdata/textdata.go:140.55,148.2 7 1
github.com/ryabkov82/gophkeeper/internal/client/service/textdata/textdata.go:151.59,159.2 1 1
github.com/ryabkov82/gophkeeper/internal/client/service/credential/credential.go:32.66,36.2 1 1
github.com/ryabkov82/gophkeeper/internal/client/service/credential/credential.go:40.74,42.2 1 1
github.com/ryabkov82/gophkeeper/internal/client/service/credential/credential.go:45.97,55.16 5 1
github.com/ryabkov82/gophkeeper/internal/client/service/credential/credential.go:55.16,58.3 2 0
github.com/ryabkov82/gophkeeper/internal/client/service/credential/credential.go:60.2,64.12 2 1
github.com/ryabkov82/gophkeeper/internal/client/service/credential/credential.go:68.106,78.16 6 1
github.com/ryabkov82/gophkeeper/internal/client/service/credential/credential.go:78.16,81.3 2 0
github.com/ryabkov82/gophkeeper/internal/client/service/credential/credential.go:83.2,88.18 3 1
github.com/ryabkov82/gophkeeper/internal/client/service/credential/credential.go:92.93,99.16 4 1
github.com/ryabkov82/gophkeeper/internal/client/service/credential/credential.go:99.16,102.3 2 0
github.com/ryabkov82/gophkeeper/internal/client/service/credential/credential.go:104.2,105.47 2 1
github.com/ryabkov82/gophkeeper/internal/client/service/credential/credential.go:105.47,107.3 1 1
github.com/ryabkov82/gophkeeper/internal/client/service/credential/credential.go:108.2,111.19 2 1
github.com/ryabkov82/gophkeeper/internal/client/service/credential/credential.go:115.97,124.16 5 1
github.com/ryabkov82/gophkeeper/internal/client/service/credential/credential.go:124.16,127.3 2 0
github.com/ryabkov82/gophkeeper/internal/client/service/credential/credential.go:129.2,132.12 2 1
github.com/ryabkov82/gophkeeper/internal/client/service/credential/credential.go:136.84,145.16 5 1
github.com/ryabkov82/gophkeeper/internal/client/service/credential/credential.go:145.16,148.3 2 0
github.com/ryabkov82/gophkeeper/internal/client/service/credential/credential.go:150.2,153.12 2 1
github.com/ryabkov82/gophkeeper/internal/client/service/credential/credential.go:157.60,168.2 10 1
github.com/ryabkov82/gophkeeper/internal/client/service/credential/credential.go:170.67,181.2 1 1
github.com/ryabkov82/gophkeeper/internal/client/paths/paths.go:25.38,27.22 2 1
github.com/ryabkov82/gophkeeper/internal/client/paths/paths.go:28.17,30.20 2 1
github.com/ryabkov82/gophkeeper/internal/client/paths/paths.go:30.20,32.4 1 1
github.com/ryabkov82/gophkeeper/internal/client/paths/paths.go:33.3,33.56 1 1
github.com/ryabkov82/gophkeeper/internal/client/paths/paths.go:34.16,36.17 2 0
github.com/ryabkov82/gophkeeper/internal/client/paths/paths.go:36.17,38.4 1 0
github.com/ryabkov82/gophkeeper/internal/client/paths/paths.go:39.3,39.67 1 0
github.com/ryabkov82/gophkeeper/internal/client/paths/paths.go:40.10,42.17 2 0
github.com/ryabkov82/gophkeeper/internal/client/paths/paths.go:42.17,44.4 1 0
github.com/ryabkov82/gophkeeper/internal/client/paths/paths.go:45.3,45.75 1 0
github.com/ryabkov82/gophkeeper/internal/client/paths/paths.go:49.2,49.51 1 1
github.com/ryabkov82/gophkeeper/internal/client/paths/paths.go:49.51,51.3 1 0
github.com/ryabkov82/gophkeeper/internal/client/paths/paths.go:53.2,53.20 1 1
github.com/ryabkov82/gophkeeper/internal/client/paths/paths.go:61.45,63.16 2 1
github.com/ryabkov82/gophkeeper/internal/client/paths/paths.go:63.16,65.3 1 0
github.com/ryabkov82/gophkeeper/internal/client/paths/paths.go:66.2,66.56 1 1
github.com/ryabkov82/gophkeeper/internal/client/paths/paths.go:75.43,77.16 2 1
github.com/ryabkov82/gophkeeper/internal/client/paths/paths.go:77.16,79.3 1 0
github.com/ryabkov82/gophkeeper/internal/client/paths/paths.go:80.2,80.58 1 1
github.com/ryabkov82/gophkeeper/internal/client/config/config.go:82.45,85.16 2 1
github.com/ryabkov82/gophkeeper/internal/client/config/config.go:85.16,87.3 1 0
github.com/ryabkov82/gophkeeper/internal/client/config/config.go:89.2,90.16 2 1
github.com/ryabkov82/gophkeeper/internal/client/config/config.go:90.16,92.3 1 0
github.com/ryabkov82/gophkeeper/internal/client/config/config.go:94.2,95.16 2 1
github.com/ryabkov82/gophkeeper/internal/client/config/config.go:95.16,97.3 1 0
github.com/ryabkov82/gophkeeper/internal/client/config/config.go:99.2,109.8 1 1
github.com/ryabkov82/gophkeeper/internal/client/config/config.go:117.36,120.16 2 1
github.com/ryabkov82/gophkeeper/internal/client/config/config.go:120.16,122.3 1 0
github.com/ryabkov82/gophkeeper/internal/client/config/config.go:125.2,125.57 1 1
github.com/ryabkov82/gophkeeper/internal/client/config/config.go:125.57,127.17 2 1
github.com/ryabkov82/gophkeeper/internal/client/config/config.go:127.17,129.4 1 0
github.com/ryabkov82/gophkeeper/internal/client/config/config.go:130.3,130.29 1 1
github.com/ryabkov82/gophkeeper/internal/client/config/config.go:134.2,134.43 1 1
github.com/ryabkov82/gophkeeper/internal/client/config/config.go:134.43,136.3 1 0
github.com/ryabkov82/gophkeeper/internal/client/config/config.go:139.2,139.41 1 1
github.com/ryabkov82/gophkeeper/internal/client/config/config.go:139.41,141.3 1 1
github.com/ryabkov82/gophkeeper/internal/client/config/config.go:144.2,144.65 1 1
github.com/ryabkov82/gophkeeper/internal/client/config/config.go:144.65,146.3 1 0
github.com/ryabkov82/gophkeeper/internal/client/config/config.go:148.2,148.16 1 1
github.com/ryabkov82/gophkeeper/internal/client/config/config.go:148.16,149.60 1 1
github.com/ryabkov82/gophkeeper/internal/client/config/config.go:149.60,151.4 1 1
github.com/ryabkov82/gophkeeper/internal/client/config/config.go:154.2,154.17 1 1
github.com/ryabkov82/gophkeeper/internal/client/config/config.go:158.47,159.16 1 1
github.com/ryabkov82/gophkeeper/internal/client/config/config.go:159.16,161.3 1 1
github.com/ryabkov82/gophkeeper/internal/client/config/config.go:163.2,164.16 2 1
github.com/ryabkov82/gophkeeper/internal/client/config/config.go:164.16,166.3 1 1
github.com/ryabkov82/gophkeeper/internal/client/config/config.go:168.2,168.16 1 1
github.com/ryabkov82/gophkeeper/internal/client/config/config.go:168.16,170.3 1 0
github.com/ryabkov82/gophkeeper/internal/client/config/config.go:172.2,173.65 2 1
github.com/ryabkov82/gophkeeper/internal/client/config/config.go:173.65,175.3 1 1
github.com/ryabkov82/gophkeeper/internal/client/config/config.go:177.2,177.12 1 1
github.com/ryabkov82/gophkeeper/internal/client/config/config.go:182.33,184.34 1 1
github.com/ryabkov82/gophkeeper/internal/client/config/config.go:184.34,185.39 1 1
github.com/ryabkov82/gophkeeper/internal/client/config/config.go:185.39,186.26 1 0
github.com/ryabkov82/gophkeeper/internal/client/config/config.go:186.26,188.5 1 0
github.com/ryabkov82/gophkeeper/internal/client/config/config.go:190.3,190.36 1 1
github.com/ryabkov82/gophkeeper/internal/client/config/config.go:190.36,192.4 1 0
github.com/ryabkov82/gophkeeper/internal/client/config/config.go:193.3,193.42 1 1
github.com/ryabkov82/gophkeeper/internal/client/config/config.go:193.42,195.4 1 0
github.com/ryabkov82/gophkeeper/internal/client/config/config.go:198.2,198.55 1 1
github.com/ryabkov82/gophkeeper/internal/client/config/config.go:198.55,200.3 1 1
github.com/ryabkov82/gophkeeper/internal/client/config/config.go:201.2,201.11 1 1
github.com/ryabkov82/gophkeeper/internal/client/config/config.go:204.55,206.16 2 1
github.com/ryabkov82/gophkeeper/internal/client/config/config.go:206.16,208.3 1 0
github.com/ryabkov82/gophkeeper/internal/client/config/config.go:209.2,210.51 2 1
github.com/ryabkov82/gophkeeper/internal/client/config/config.go:210.51,212.3 1 0
github.com/ryabkov82/gophkeeper/internal/client/config/config.go:214.2,214.21 1 1
github.com/ryabkov82/gophkeeper/internal/client/config/config.go:214.21,216.3 1 0
github.com/ryabkov82/gophkeeper/internal/client/config/config.go:217.2,217.18 1 1
github.com/ryabkov82/gophkeeper/internal/client/config/config.go:220.43,221.29 1 1
github.com/ryabkov82/gophkeeper/internal/client/config/config.go:221.29,223.3 1 1
github.com/ryabkov82/gophkeeper/internal/client/config/config.go:224.2,224.16 1 1
github.com/ryabkov82/gophkeeper/internal/client/config/config.go:224.16,226.3 1 0
github.com/ryabkov82/gophkeeper/internal/client/config/config.go:227.2,227.23 1 1
github.com/ryabkov82/gophkeeper/internal/client/config/config.go:227.23,229.3 1 1
github.com/ryabkov82/gophkeeper/internal/client/config/config.go:230.2,230.26 1 1
github.com/ryabkov82/gophkeeper/internal/client/config/config.go:230.26,232.3 1 1
github.com/ryabkov82/gophkeeper/internal/client/config/config.go:233.2,233.22 1 1
github.com/ryabkov82/gophkeeper/internal/client/config/config.go:233.22,235.3 1 1
github.com/ryabkov82/gophkeeper/internal/client/config/config.go:236.2,236.24 1 1
github.com/ryabkov82/gophkeeper/internal/client/config/config.go:236.24,238.3 1 1
github.com/ryabkov82/gophkeeper/internal/client/config/config.go:241.45,247.74 3 1
github.com/ryabkov82/gophkeeper/internal/client/config/config.go:247.74,248.50 1 1
github.com/ryabkov82/gophkeeper/internal/client/config/config.go:248.50,251.4 2 0
github.com/ryabkov82/gophkeeper/internal/client/config/config.go:252.3,253.13 2 1
github.com/ryabkov82/gophkeeper/internal/client/config/config.go:256.2,263.51 6 1
github.com/ryabkov82/gophkeeper/internal/client/config/config.go:263.51,264.35 1 0
github.com/ryabkov82/gophkeeper/internal/client/config/config.go:264.35,266.4 1 0
github.com/ryabkov82/gophkeeper/internal/client/config/config.go:267.3,267.54 1 0
github.com/ryabkov82/gophkeeper/internal/client/config/config.go:270.2,270.22 1 1
github.com/ryabkov82/gophkeeper/internal/client/config/config.go:273.43,274.51 1 1
github.com/ryabkov82/gophkeeper/internal/client/config/config.go:274.51,275.52 1 1
github.com/ryabkov82/gophkeeper/internal/client/config/config.go:275.52,277.4 1 1
github.com/ryabkov82/gophkeeper/internal/client/config/config.go:278.3,278.26 1 1
github.com/ryabkov82/gophkeeper/internal/client/config/config.go:281.2,281.44 1 1
github.com/ryabkov82/gophkeeper/internal/client/config/config.go:281.44,282.51 1 1
github.com/ryabkov82/gophkeeper/internal/client/config/config.go:282.51,284.4 1 1
github.com/ryabkov82/gophkeeper/internal/client/config/config.go:284.9,286.4 1 1
github.com/ryabkov82/gophkeeper/internal/client/config/config.go:289.2,289.52 1 1
github.com/ryabkov82/gophkeeper/internal/client/config/config.go:289.52,290.51 1 1
github.com/ryabkov82/gophkeeper/internal/client/config/config.go:290.51,292.4 1 1
github.com/ryabkov82/gophkeeper/internal/client/config/config.go:292.9,294.4 1 0
github.com/ryabkov82/gophkeeper/internal/client/config/config.go:297.2,297.49 1 1
github.com/ryabkov82/gophkeeper/internal/client/config/config.go:297.49,299.3 1 0
github.com/ryabkov82/gophkeeper/internal/client/config/config.go:301.2,301.44 1 1
github.com/ryabkov82/gophkeeper/internal/client/config/config.go:301.44,302.52 1 1
github.com/ryabkov82/gophkeeper/internal/client/config/config.go:302.52,304.4 1 1
github.com/ryabkov82/gophkeeper/internal/client/config/config.go:304.9,306.4 1 0
github.com/ryabkov82/gophkeeper/internal/client/config/config.go:309.2,309.46 1 1
github.com/ryabkov82/gophkeeper/internal/client/config/config.go:309.46,311.3 1 1
github.com/ryabkov82/gophkeeper/internal/client/config/config.go:313.2,313.12 1 1
github.com/ryabkov82/gophkeeper/internal/client/config/config.go:316.57,325.51 3 1
github.com/ryabkov82/gophkeeper/internal/client/config/config.go:325.51,327.3 1 0
github.com/ryabkov82/gophkeeper/internal/client/config/config.go:329.2,329.23 1 1
github.com/ryabkov82/gophkeeper/internal/client/config/config.go:329.23,331.17 2 1
github.com/ryabkov82/gophkeeper/internal/client/config/config.go:331.17,333.4 1 0
github.com/ryabkov82/gophkeeper/internal/client/config/config.go:334.3,334.23 1 1
github.com/ryabkov82/gophkeeper/internal/client/config/config.go:337.2,337.12 1 1
github.com/ryabkov82/gophkeeper/internal/client/cryptowrap/bankcard.go:22.59,24.2 1 1
github.com/ryabkov82/gophkeeper/internal/client/cryptowrap/bankcard.go:31.59,33.2 1 1
github.com/ryabkov82/gophkeeper/internal/client/cryptowrap/bankcard.go:40.62,42.16 2 1
github.com/ryabkov82/gophkeeper/internal/client/cryptowrap/bankcard.go:42.16,44.3 1 1
github.com/ryabkov82/gophkeeper/internal/client/cryptowrap/bankcard.go:45.2,46.16 2 1
github.com/ryabkov82/gophkeeper/internal/client/cryptowrap/bankcard.go:46.16,48.3 1 0
github.com/ryabkov82/gophkeeper/internal/client/cryptowrap/bankcard.go:49.2,50.16 2 1
github.com/ryabkov82/gophkeeper/internal/client/cryptowrap/bankcard.go:50.16,52.3 1 0
github.com/ryabkov82/gophkeeper/internal/client/cryptowrap/bankcard.go:53.2,54.16 2 1
github.com/ryabkov82/gophkeeper/internal/client/cryptowrap/bankcard.go:54.16,56.3 1 0
github.com/ryabkov82/gophkeeper/internal/client/cryptowrap/bankcard.go:57.2,58.16 2 1
github.com/ryabkov82/gophkeeper/internal/client/cryptowrap/bankcard.go:58.16,60.3 1 0
github.com/ryabkov82/gophkeeper/internal/client/cryptowrap/bankcard.go:62.2,68.12 6 1
github.com/ryabkov82/gophkeeper/internal/client/cryptowrap/bankcard.go:76.62,78.16 2 1
github.com/ryabkov82/gophkeeper/internal/client/cryptowrap/bankcard.go:78.16,80.3 1 1
github.com/ryabkov82/gophkeeper/internal/client/cryptowrap/bankcard.go:81.2,82.16 2 1
github.com/ryabkov82/gophkeeper/internal/client/cryptowrap/bankcard.go:82.16,84.3 1 1
github.com/ryabkov82/gophkeeper/internal/client/cryptowrap/bankcard.go:86.2,87.16 2 1
github.com/ryabkov82/gophkeeper/internal/client/cryptowrap/bankcard.go:87.16,89.3 1 0
github.com/ryabkov82/gophkeeper/internal/client/cryptowrap/bankcard.go:90.2,91.16 2 1
github.com/ryabkov82/gophkeeper/internal/client/cryptowrap/bankcard.go:91.16,93.3 1 0
github.com/ryabkov82/gophkeeper/internal/client/cryptowrap/bankcard.go:95.2,96.16 2 1
github.com/ryabkov82/gophkeeper/internal/client/cryptowrap/bankcard.go:96.16,98.3 1 0
github.com/ryabkov82/gophkeeper/internal/client/cryptowrap/bankcard.go:99.2,100.16 2 1
github.com/ryabkov82/gophkeeper/internal/client/cryptowrap/bankcard.go:100.16,102.3 1 0
github.com/ryabkov82/gophkeeper/internal/client/cryptowrap/bankcard.go:104.2,105.16 2 1
github.com/ryabkov82/gophkeeper/internal/client/cryptowrap/bankcard.go:105.16,107.3 1 0
github.com/ryabkov82/gophkeeper/internal/client/cryptowrap/bankcard.go:108.2,109.16 2 1
github.com/ryabkov82/gophkeeper/internal/client/cryptowrap/bankcard.go:109.16,111.3 1 0
github.com/ryabkov82/gophkeeper/internal/client/cryptowrap/bankcard.go:113.2,114.16 2 1
github.com/ryabkov82/gophkeeper/internal/client/cryptowrap/bankcard.go:114.16,116.3 1 0
github.com/ryabkov82/gophkeeper/internal/client/cryptowrap/bankcard.go:117.2,118.16 2 1
github.com/ryabkov82/gophkeeper/internal/client/cryptowrap/bankcard.go:118.16,120.3 1 0
github.com/ryabkov82/gophkeeper/internal/client/cryptowrap/bankcard.go:122.2,128.12 6 1
github.com/ryabkov82/gophkeeper/internal/client/cryptowrap/binarydata.go:17.61,20.16 2 1
github.com/ryabkov82/gophkeeper/internal/client/cryptowrap/binarydata.go:20.16,22.3 1 0
github.com/ryabkov82/gophkeeper/internal/client/cryptowrap/binarydata.go:24.2,25.16 2 1
github.com/ryabkov82/gophkeeper/internal/client/cryptowrap/binarydata.go:25.16,27.3 1 0
github.com/ryabkov82/gophkeeper/internal/client/cryptowrap/binarydata.go:29.2,31.12 3 1
github.com/ryabkov82/gophkeeper/internal/client/cryptowrap/binarydata.go:35.61,37.16 2 1
github.com/ryabkov82/gophkeeper/internal/client/cryptowrap/binarydata.go:37.16,39.3 1 0
github.com/ryabkov82/gophkeeper/internal/client/cryptowrap/binarydata.go:40.2,41.16 2 1
github.com/ryabkov82/gophkeeper/internal/client/cryptowrap/binarydata.go:41.16,43.3 1 0
github.com/ryabkov82/gophkeeper/internal/client/cryptowrap/binarydata.go:44.2,47.16 3 1
github.com/ryabkov82/gophkeeper/internal/client/cryptowrap/binarydata.go:47.16,49.3 1 0
github.com/ryabkov82/gophkeeper/internal/client/cryptowrap/binarydata.go:50.2,51.16 2 1
github.com/ryabkov82/gophkeeper/internal/client/cryptowrap/binarydata.go:51.16,53.3 1 0
github.com/ryabkov82/gophkeeper/internal/client/cryptowrap/binarydata.go:54.2,56.12 2 1
github.com/ryabkov82/gophkeeper/internal/client/cryptowrap/credential.go:21.61,23.2 1 1
github.com/ryabkov82/gophkeeper/internal/client/cryptowrap/credential.go:30.61,32.2 1 1
github.com/ryabkov82/gophkeeper/internal/client/cryptowrap/credential.go:39.63,41.16 2 1
github.com/ryabkov82/gophkeeper/internal/client/cryptowrap/credential.go:41.16,43.3 1 0
github.com/ryabkov82/gophkeeper/internal/client/cryptowrap/credential.go:44.2,45.16 2 1
github.com/ryabkov82/gophkeeper/internal/client/cryptowrap/credential.go:45.16,47.3 1 0
github.com/ryabkov82/gophkeeper/internal/client/cryptowrap/credential.go:48.2,49.16 2 1
github.com/ryabkov82/gophkeeper/internal/client/cryptowrap/credential.go:49.16,51.3 1 0
github.com/ryabkov82/gophkeeper/internal/client/cryptowrap/credential.go:53.2,57.12 4 1
github.com/ryabkov82/gophkeeper/internal/client/cryptowrap/credential.go:65.63,67.16 2 1
github.com/ryabkov82/gophkeeper/internal/client/cryptowrap/credential.go:67.16,69.3 1 1
github.com/ryabkov82/gophkeeper/internal/client/cryptowrap/credential.go:70.2,71.16 2 1
github.com/ryabkov82/gophkeeper/internal/client/cryptowrap/credential.go:71.16,73.3 1 0
github.com/ryabkov82/gophkeeper/internal/client/cryptowrap/credential.go:75.2,76.16 2 1
github.com/ryabkov82/gophkeeper/internal/client/cryptowrap/credential.go:76.16,78.3 1 0
github.com/ryabkov82/gophkeeper/internal/client/cryptowrap/credential.go:79.2,80.16 2 1
github.com/ryabkov82/gophkeeper/internal/client/cryptowrap/credential.go:80.16,82.3 1 0
github.com/ryabkov82/gophkeeper/internal/client/cryptowrap/credential.go:84.2,85.16 2 1
github.com/ryabkov82/gophkeeper/internal/client/cryptowrap/credential.go:85.16,87.3 1 0
github.com/ryabkov82/gophkeeper/internal/client/cryptowrap/credential.go:88.2,89.16 2 1
github.com/ryabkov82/gophkeeper/internal/client/cryptowrap/credential.go:89.16,91.3 1 0
github.com/ryabkov82/gophkeeper/internal/client/cryptowrap/credential.go:93.2,97.12 4 1
github.com/ryabkov82/gophkeeper/internal/client/cryptowrap/textdata.go:19.59,21.2 1 1
github.com/ryabkov82/gophkeeper/internal/client/cryptowrap/textdata.go:25.59,27.2 1 1
github.com/ryabkov82/gophkeeper/internal/client/cryptowrap/textdata.go:31.60,33.16 2 1
github.com/ryabkov82/gophkeeper/internal/client/cryptowrap/textdata.go:33.16,35.3 1 1
github.com/ryabkov82/gophkeeper/internal/client/cryptowrap/textdata.go:36.2,39.16 3 1
github.com/ryabkov82/gophkeeper/internal/client/cryptowrap/textdata.go:39.16,41.3 1 0
github.com/ryabkov82/gophkeeper/internal/client/cryptowrap/textdata.go:42.2,44.12 2 1
github.com/ryabkov82/gophkeeper/internal/client/cryptowrap/textdata.go:49.60,51.16 2 1
github.com/ryabkov82/gophkeeper/internal/client/cryptowrap/textdata.go:51.16,53.3 1 1
github.com/ryabkov82/gophkeeper/internal/client/cryptowrap/textdata.go:54.2,57.16 3 1
github.com/ryabkov82/gophkeeper/internal/client/cryptowrap/textdata.go:57.16,59.3 1 0
github.com/ryabkov82/gophkeeper/internal/client/cryptowrap/textdata.go:60.2,61.16 2 1
github.com/ryabkov82/gophkeeper/internal/client/cryptowrap/textdata.go:61.16,63.3 1 0
github.com/ryabkov82/gophkeeper/internal/client/cryptowrap/textdata.go:64.2,66.12 2 1
github.com/ryabkov82/gophkeeper/internal/client/service/cryptokey/cryptokey.go:46.96,51.2 1 1
github.com/ryabkov82/gophkeeper/internal/client/service/cryptokey/cryptokey.go:60.83,62.16 2 1
github.com/ryabkov82/gophkeeper/internal/client/service/cryptokey/cryptokey.go:62.16,64.3 1 0
github.com/ryabkov82/gophkeeper/internal/client/service/cryptokey/cryptokey.go:65.2,65.53 1 1
github.com/ryabkov82/gophkeeper/internal/client/service/cryptokey/cryptokey.go:65.53,67.3 1 1
github.com/ryabkov82/gophkeeper/internal/client/service/cryptokey/cryptokey.go:68.2,71.12 4 1
github.com/ryabkov82/gophkeeper/internal/client/service/cryptokey/cryptokey.go:78.54,79.21 1 1
github.com/ryabkov82/gophkeeper/internal/client/service/cryptokey/cryptokey.go:79.21,81.3 1 1
github.com/ryabkov82/gophkeeper/internal/client/service/cryptokey/cryptokey.go:82.2,83.16 2 1
github.com/ryabkov82/gophkeeper/internal/client/service/cryptokey/cryptokey.go:83.16,86.3 2 1
github.com/ryabkov82/gophkeeper/internal/client/service/cryptokey/cryptokey.go:87.2,89.17 3 1
github.com/ryabkov82/gophkeeper/internal/client/service/cryptokey/cryptokey.go:97.45,101.2 3 1
github.com/ryabkov82/gophkeeper/internal/client/crypto/encrypt.go:19.59,20.56 1 1
github.com/ryabkov82/gophkeeper/internal/client/crypto/encrypt.go:20.56,22.3 1 1
github.com/ryabkov82/gophkeeper/internal/client/crypto/encrypt.go:23.2,24.16 2 1
github.com/ryabkov82/gophkeeper/internal/client/crypto/encrypt.go:24.16,26.3 1 0
github.com/ryabkov82/gophkeeper/internal/client/crypto/encrypt.go:27.2,28.16 2 1
github.com/ryabkov82/gophkeeper/internal/client/crypto/encrypt.go:28.16,30.3 1 0
github.com/ryabkov82/gophkeeper/internal/client/crypto/encrypt.go:31.2,32.59 2 1
github.com/ryabkov82/gophkeeper/internal/client/crypto/encrypt.go:32.59,34.3 1 0
github.com/ryabkov82/gophkeeper/internal/client/crypto/encrypt.go:35.2,35.52 1 1
github.com/ryabkov82/gophkeeper/internal/client/crypto/encrypt.go:42.60,43.56 1 1
github.com/ryabkov82/gophkeeper/internal/client/crypto/encrypt.go:43.56,45.3 1 1
github.com/ryabkov82/gophkeeper/internal/client/crypto/encrypt.go:46.2,47.16 2 1
github.com/ryabkov82/gophkeeper/internal/client/crypto/encrypt.go:47.16,49.3 1 0
github.com/ryabkov82/gophkeeper/internal/client/crypto/encrypt.go:50.2,51.16 2 1
github.com/ryabkov82/gophkeeper/internal/client/crypto/encrypt.go:51.16,53.3 1 0
github.com/ryabkov82/gophkeeper/internal/client/crypto/encrypt.go:54.2,54.39 1 1
github.com/ryabkov82/gophkeeper/internal/client/crypto/encrypt.go:54.39,56.3 1 1
github.com/ryabkov82/gophkeeper/internal/client/crypto/encrypt.go:57.2,59.38 3 1
github.com/ryabkov82/gophkeeper/internal/client/crypto/encrypt.go:67.64,70.16 2 1
github.com/ryabkov82/gophkeeper/internal/client/crypto/encrypt.go:70.16,72.3 1 1
github.com/ryabkov82/gophkeeper/internal/client/crypto/encrypt.go:73.2,74.16 2 1
github.com/ryabkov82/gophkeeper/internal/client/crypto/encrypt.go:74.16,76.3 1 0
github.com/ryabkov82/gophkeeper/internal/client/crypto/encrypt.go:77.2,78.19 2 1
github.com/ryabkov82/gophkeeper/internal/client/crypto/encrypt.go:78.19,80.3 1 0
github.com/ryabkov82/gophkeeper/internal/client/crypto/encrypt.go:83.2,84.43 2 1
github.com/ryabkov82/gophkeeper/internal/client/crypto/encrypt.go:84.43,86.3 1 0
github.com/ryabkov82/gophkeeper/internal/client/crypto/encrypt.go:87.2,87.41 1 1
github.com/ryabkov82/gophkeeper/internal/client/crypto/encrypt.go:87.41,89.3 1 0
github.com/ryabkov82/gophkeeper/internal/client/crypto/encrypt.go:91.2,94.6 3 1
github.com/ryabkov82/gophkeeper/internal/client/crypto/encrypt.go:94.6,96.12 2 1
github.com/ryabkov82/gophkeeper/internal/client/crypto/encrypt.go:96.12,105.33 5 1
github.com/ryabkov82/gophkeeper/internal/client/crypto/encrypt.go:105.33,107.5 1 0
github.com/ryabkov82/gophkeeper/internal/client/crypto/encrypt.go:108.4,109.66 2 1
github.com/ryabkov82/gophkeeper/internal/client/crypto/encrypt.go:109.66,111.5 1 0
github.com/ryabkov82/gophkeeper/internal/client/crypto/encrypt.go:112.4,112.41 1 1
github.com/ryabkov82/gophkeeper/internal/client/crypto/encrypt.go:112.41,114.5 1 0
github.com/ryabkov82/gophkeeper/internal/client/crypto/encrypt.go:116.4,116.11 1 1
github.com/ryabkov82/gophkeeper/internal/client/crypto/encrypt.go:118.3,118.21 1 1
github.com/ryabkov82/gophkeeper/internal/client/crypto/encrypt.go:118.21,119.9 1 1
github.com/ryabkov82/gophkeeper/internal/client/crypto/encrypt.go:121.3,121.18 1 1
github.com/ryabkov82/gophkeeper/internal/client/crypto/encrypt.go:121.18,123.4 1 0
github.com/ryabkov82/gophkeeper/internal/client/crypto/encrypt.go:126.2,126.12 1 1
github.com/ryabkov82/gophkeeper/internal/client/crypto/encrypt.go:130.64,132.16 2 1
github.com/ryabkov82/gophkeeper/internal/client/crypto/encrypt.go:132.16,134.3 1 0
github.com/ryabkov82/gophkeeper/internal/client/crypto/encrypt.go:135.2,136.16 2 1
github.com/ryabkov82/gophkeeper/internal/client/crypto/encrypt.go:136.16,138.3 1 0
github.com/ryabkov82/gophkeeper/internal/client/crypto/encrypt.go:139.2,140.19 2 1
github.com/ryabkov82/gophkeeper/internal/client/crypto/encrypt.go:140.19,142.3 1 0
github.com/ryabkov82/gophkeeper/internal/client/crypto/encrypt.go:145.2,146.48 2 1
github.com/ryabkov82/gophkeeper/internal/client/crypto/encrypt.go:146.48,147.20 1 0
github.com/ryabkov82/gophkeeper/internal/client/crypto/encrypt.go:147.20,149.4 1 0
github.com/ryabkov82/gophkeeper/internal/client/crypto/encrypt.go:150.3,150.48 1 0
github.com/ryabkov82/gophkeeper/internal/client/crypto/encrypt.go:153.2,154.6 2 1
github.com/ryabkov82/gophkeeper/internal/client/crypto/encrypt.go:154.6,157.65 2 1
github.com/ryabkov82/gophkeeper/internal/client/crypto/encrypt.go:157.65,158.21 1 1
github.com/ryabkov82/gophkeeper/internal/client/crypto/encrypt.go:158.21,159.10 1 1
github.com/ryabkov82/gophkeeper/internal/client/crypto/encrypt.go:161.4,161.43 1 0
github.com/ryabkov82/gophkeeper/internal/client/crypto/encrypt.go:163.3,163.16 1 1
github.com/ryabkov82/gophkeeper/internal/client/crypto/encrypt.go:163.16,166.12 2 0
github.com/ryabkov82/gophkeeper/internal/client/crypto/encrypt.go:169.3,170.47 2 1
github.com/ryabkov82/gophkeeper/internal/client/crypto/encrypt.go:170.47,172.4 1 1
github.com/ryabkov82/gophkeeper/internal/client/crypto/encrypt.go:174.3,179.17 5 1
github.com/ryabkov82/gophkeeper/internal/client/crypto/encrypt.go:179.17,181.4 1 1
github.com/ryabkov82/gophkeeper/internal/client/crypto/encrypt.go:182.3,182.40 1 1
github.com/ryabkov82/gophkeeper/internal/client/crypto/encrypt.go:182.40,184.4 1 0
github.com/ryabkov82/gophkeeper/internal/client/crypto/encrypt.go:186.3,186.10 1 1
github.com/ryabkov82/gophkeeper/internal/client/crypto/encrypt.go:189.2,189.12 1 1
github.com/ryabkov82/gophkeeper/internal/client/crypto/kdf.go:29.76,30.20 1 1
github.com/ryabkov82/gophkeeper/internal/client/crypto/kdf.go:30.20,32.3 1 1
github.com/ryabkov82/gophkeeper/internal/client/crypto/kdf.go:34.2,40.25 3 1
github.com/ryabkov82/gophkeeper/internal/client/storage/file_crypto_key_storage.go:28.65,36.2 1 1
github.com/ryabkov82/gophkeeper/internal/client/storage/file_crypto_key_storage.go:39.89,41.46 2 1
github.com/ryabkov82/gophkeeper/internal/client/storage/file_crypto_key_storage.go:41.46,43.3 1 1
github.com/ryabkov82/gophkeeper/internal/client/storage/file_crypto_key_storage.go:45.2,52.16 3 1
github.com/ryabkov82/gophkeeper/internal/client/storage/file_crypto_key_storage.go:52.16,54.3 1 0
github.com/ryabkov82/gophkeeper/internal/client/storage/file_crypto_key_storage.go:56.2,57.53 2 1
github.com/ryabkov82/gophkeeper/internal/client/storage/file_crypto_key_storage.go:57.53,59.3 1 1
github.com/ryabkov82/gophkeeper/internal/client/storage/file_crypto_key_storage.go:60.2,60.31 1 1
github.com/ryabkov82/gophkeeper/internal/client/storage/file_crypto_key_storage.go:64.82,66.16 2 1
github.com/ryabkov82/gophkeeper/internal/client/storage/file_crypto_key_storage.go:66.16,68.3 1 1
github.com/ryabkov82/gophkeeper/internal/client/storage/file_crypto_key_storage.go:69.2,70.51 2 1
github.com/ryabkov82/gophkeeper/internal/client/storage/file_crypto_key_storage.go:70.51,72.3 1 1
github.com/ryabkov82/gophkeeper/internal/client/storage/file_crypto_key_storage.go:73.2,74.16 2 1
github.com/ryabkov82/gophkeeper/internal/client/storage/file_crypto_key_storage.go:74.16,76.3 1 1
github.com/ryabkov82/gophkeeper/internal/client/storage/file_crypto_key_storage.go:77.2,77.29 1 1
github.com/ryabkov82/gophkeeper/internal/client/storage/file_crypto_key_storage.go:81.46,83.2 1 1
github.com/ryabkov82/gophkeeper/internal/client/storage/file_token_storage.go:20.57,28.2 1 1
github.com/ryabkov82/gophkeeper/internal/client/storage/file_token_storage.go:32.53,34.46 2 1
github.com/ryabkov82/gophkeeper/internal/client/storage/file_token_storage.go:34.46,36.3 1 1
github.com/ryabkov82/gophkeeper/internal/client/storage/file_token_storage.go:37.2,37.49 1 1
github.com/ryabkov82/gophkeeper/internal/client/storage/file_token_storage.go:42.51,44.16 2 1
github.com/ryabkov82/gophkeeper/internal/client/storage/file_token_storage.go:44.16,46.3 1 1
github.com/ryabkov82/gophkeeper/internal/client/storage/file_token_storage.go:47.2,47.26 1 1
github.com/ryabkov82/gophkeeper/internal/client/storage/file_token_storage.go:52.42,54.2 1 1
github.com/ryabkov82/gophkeeper/internal/server/server.go:31.55,34.16 2 0
github.com/ryabkov82/gophkeeper/internal/server/server.go:34.16,36.3 1 0
github.com/ryabkov82/gophkeeper/internal/server/server.go:39.2,40.16 2 0
github.com/ryabkov82/gophkeeper/internal/server/server.go:40.16,42.3 1 0
github.com/ryabkov82/gophkeeper/internal/server/server.go:44.2,51.71 5 0
github.com/ryabkov82/gophkeeper/internal/server/server.go:51.71,53.3 1 0
github.com/ryabkov82/gophkeeper/internal/migrations/migrate.go:30.38,33.53 2 0
github.com/ryabkov82/gophkeeper/internal/migrations/migrate.go:33.53,35.3 1 0
github.com/ryabkov82/gophkeeper/internal/migrations/migrate.go:37.2,38.16 2 0
github.com/ryabkov82/gophkeeper/internal/migrations/migrate.go:38.16,40.3 1 0
github.com/ryabkov82/gophkeeper/internal/migrations/migrate.go:42.2,43.12 2 0
github.com/ryabkov82/gophkeeper/internal/server/grpc/interceptors/jwt_auth.go:38.102,39.128 1 1
github.com/ryabkov82/gophkeeper/internal/server/grpc/interceptors/jwt_auth.go:39.128,41.17 2 1
github.com/ryabkov82/gophkeeper/internal/server/grpc/interceptors/jwt_auth.go:41.17,43.4 1 1
github.com/ryabkov82/gophkeeper/internal/server/grpc/interceptors/jwt_auth.go:44.3,44.27 1 1
github.com/ryabkov82/gophkeeper/internal/server/grpc/interceptors/jwt_auth.go:53.47,53.63 1 1
github.com/ryabkov82/gophkeeper/internal/server/grpc/interceptors/jwt_auth.go:55.104,56.116 1 1
github.com/ryabkov82/gophkeeper/internal/server/grpc/interceptors/jwt_auth.go:56.116,58.17 2 1
github.com/ryabkov82/gophkeeper/internal/server/grpc/interceptors/jwt_auth.go:58.17,60.4 1 1
github.com/ryabkov82/gophkeeper/internal/server/grpc/interceptors/jwt_auth.go:62.3,62.62 1 1
github.com/ryabkov82/gophkeeper/internal/server/grpc/interceptors/jwt_auth.go:66.134,67.32 1 1
github.com/ryabkov82/gophkeeper/internal/server/grpc/interceptors/jwt_auth.go:67.32,69.3 1 1
github.com/ryabkov82/gophkeeper/internal/server/grpc/interceptors/jwt_auth.go:71.2,72.9 2 1
github.com/ryabkov82/gophkeeper/internal/server/grpc/interceptors/jwt_auth.go:72.9,75.3 2 1
github.com/ryabkov82/gophkeeper/internal/server/grpc/interceptors/jwt_auth.go:78.2,79.52 2 1
github.com/ryabkov82/gophkeeper/internal/server/grpc/interceptors/jwt_auth.go:79.52,81.3 1 1
github.com/ryabkov82/gophkeeper/internal/server/grpc/interceptors/jwt_auth.go:82.2,83.63 2 1
github.com/ryabkov82/gophkeeper/internal/server/grpc/interceptors/jwt_auth.go:83.63,86.3 2 1
github.com/ryabkov82/gophkeeper/internal/server/grpc/interceptors/jwt_auth.go:87.2,90.16 3 1
github.com/ryabkov82/gophkeeper/internal/server/grpc/interceptors/jwt_auth.go:90.16,93.3 2 1
github.com/ryabkov82/gophkeeper/internal/server/grpc/interceptors/jwt_auth.go:95.2,96.25 2 1
github.com/ryabkov82/gophkeeper/internal/server/grpc/interceptors/jwt_auth.go:96.25,99.3 2 0
github.com/ryabkov82/gophkeeper/internal/server/grpc/interceptors/jwt_auth.go:101.2,104.17 3 1
github.com/ryabkov82/gophkeeper/internal/server/grpc/interceptors/jwt_auth.go:107.41,114.2 2 1
github.com/ryabkov82/gophkeeper/internal/server/grpc/interceptors/logger.go:50.70,56.34 1 1
github.com/ryabkov82/gophkeeper/internal/server/grpc/interceptors/logger.go:56.34,61.16 2 1
github.com/ryabkov82/gophkeeper/internal/server/grpc/interceptors/logger.go:61.16,72.4 3 1
github.com/ryabkov82/gophkeeper/internal/server/grpc/interceptors/logger.go:75.3,75.27 1 1
github.com/ryabkov82/gophkeeper/internal/migrations/migrate.go:30.38,33.53 2 0
github.com/ryabkov82/gophkeeper/internal/migrations/migrate.go:33.53,35.3 1 0
github.com/ryabkov82/gophkeeper/internal/migrations/migrate.go:37.2,38.16 2 0
github.com/ryabkov82/gophkeeper/internal/migrations/migrate.go:38.16,40.3 1 0
github.com/ryabkov82/gophkeeper/internal/migrations/migrate.go:42.2,43.12 2 0
github.com/ryabkov82/gophkeeper/internal/server/storage/postgres/bankcard_storage.go:20.67,23.2 2 1
github.com/ryabkov82/gophkeeper/internal/server/storage/postgres/bankcard_storage.go:25.83,35.2 4 1
github.com/ryabkov82/gophkeeper/internal/server/storage/postgres/bankcard_storage.go:37.92,40.16 3 1
github.com/ryabkov82/gophkeeper/internal/server/storage/postgres/bankcard_storage.go:40.16,42.3 1 1
github.com/ryabkov82/gophkeeper/internal/server/storage/postgres/bankcard_storage.go:43.2,43.19 1 1
github.com/ryabkov82/gophkeeper/internal/server/storage/postgres/bankcard_storage.go:46.99,49.16 3 1
github.com/ryabkov82/gophkeeper/internal/server/storage/postgres/bankcard_storage.go:49.16,51.3 1 1
github.com/ryabkov82/gophkeeper/internal/server/storage/postgres/bankcard_storage.go:52.2,52.19 1 1
github.com/ryabkov82/gophkeeper/internal/server/storage/postgres/bankcard_storage.go:55.83,67.16 3 1
github.com/ryabkov82/gophkeeper/internal/server/storage/postgres/bankcard_storage.go:67.16,69.3 1 1
github.com/ryabkov82/gophkeeper/internal/server/storage/postgres/bankcard_storage.go:70.2,71.15 2 1
github.com/ryabkov82/gophkeeper/internal/server/storage/postgres/bankcard_storage.go:71.15,73.3 1 1
github.com/ryabkov82/gophkeeper/internal/server/storage/postgres/bankcard_storage.go:74.2,74.12 1 1
github.com/ryabkov82/gophkeeper/internal/server/storage/postgres/bankcard_storage.go:77.72,79.16 2 1
github.com/ryabkov82/gophkeeper/internal/server/storage/postgres/bankcard_storage.go:79.16,81.3 1 0
github.com/ryabkov82/gophkeeper/internal/server/storage/postgres/bankcard_storage.go:82.2,83.15 2 1
github.com/ryabkov82/gophkeeper/internal/server/storage/postgres/bankcard_storage.go:83.15,85.3 1 1
github.com/ryabkov82/gophkeeper/internal/server/storage/postgres/bankcard_storage.go:86.2,86.12 1 1
github.com/ryabkov82/gophkeeper/internal/server/storage/postgres/binarydata_storage.go:20.71,23.2 2 1
github.com/ryabkov82/gophkeeper/internal/server/storage/postgres/binarydata_storage.go:26.85,36.2 4 1
github.com/ryabkov82/gophkeeper/internal/server/storage/postgres/binarydata_storage.go:38.87,50.16 3 1
github.com/ryabkov82/gophkeeper/internal/server/storage/postgres/binarydata_storage.go:50.16,52.3 1 1
github.com/ryabkov82/gophkeeper/internal/server/storage/postgres/binarydata_storage.go:54.2,55.15 2 1
github.com/ryabkov82/gophkeeper/internal/server/storage/postgres/binarydata_storage.go:55.15,57.3 1 1
github.com/ryabkov82/gophkeeper/internal/server/storage/postgres/binarydata_storage.go:59.2,59.12 1 1
github.com/ryabkov82/gophkeeper/internal/server/storage/postgres/binarydata_storage.go:63.104,67.16 4 1
github.com/ryabkov82/gophkeeper/internal/server/storage/postgres/binarydata_storage.go:67.16,69.3 1 0
github.com/ryabkov82/gophkeeper/internal/server/storage/postgres/binarydata_storage.go:70.2,70.19 1 1
github.com/ryabkov82/gophkeeper/internal/server/storage/postgres/binarydata_storage.go:74.105,77.16 3 1
github.com/ryabkov82/gophkeeper/internal/server/storage/postgres/binarydata_storage.go:77.16,79.3 1 0
github.com/ryabkov82/gophkeeper/internal/server/storage/postgres/binarydata_storage.go:80.2,83.18 3 1
github.com/ryabkov82/gophkeeper/internal/server/storage/postgres/binarydata_storage.go:83.18,85.48 2 1
github.com/ryabkov82/gophkeeper/internal/server/storage/postgres/binarydata_storage.go:85.48,87.4 1 0
github.com/ryabkov82/gophkeeper/internal/server/storage/postgres/binarydata_storage.go:88.3,88.29 1 1
github.com/ryabkov82/gophkeeper/internal/server/storage/postgres/binarydata_storage.go:90.2,90.18 1 1
github.com/ryabkov82/gophkeeper/internal/server/storage/postgres/binarydata_storage.go:94.82,96.16 2 1
github.com/ryabkov82/gophkeeper/internal/server/storage/postgres/binarydata_storage.go:96.16,98.3 1 0
github.com/ryabkov82/gophkeeper/internal/server/storage/postgres/binarydata_storage.go:99.2,100.15 2 1
github.com/ryabkov82/gophkeeper/internal/server/storage/postgres/binarydata_storage.go:100.15,102.3 1 1
github.com/ryabkov82/gophkeeper/internal/server/storage/postgres/binarydata_storage.go:103.2,103.12 1 1
github.com/ryabkov82/gophkeeper/internal/server/storage/postgres/credential_storage.go:17.56,19.2 1 1
github.com/ryabkov82/gophkeeper/internal/server/storage/postgres/credential_storage.go:22.85,36.2 3 1
github.com/ryabkov82/gophkeeper/internal/server/storage/postgres/credential_storage.go:39.94,57.26 5 1
github.com/ryabkov82/gophkeeper/internal/server/storage/postgres/credential_storage.go:57.26,59.3 1 1
github.com/ryabkov82/gophkeeper/internal/server/storage/postgres/credential_storage.go:60.2,60.16 1 1
github.com/ryabkov82/gophkeeper/internal/server/storage/postgres/credential_storage.go:60.16,62.3 1 0
github.com/ryabkov82/gophkeeper/internal/server/storage/postgres/credential_storage.go:63.2,63.19 1 1
github.com/ryabkov82/gophkeeper/internal/server/storage/postgres/credential_storage.go:67.103,73.16 3 1
github.com/ryabkov82/gophkeeper/internal/server/storage/postgres/credential_storage.go:73.16,75.3 1 0
github.com/ryabkov82/gophkeeper/internal/server/storage/postgres/credential_storage.go:76.2,79.18 3 1
github.com/ryabkov82/gophkeeper/internal/server/storage/postgres/credential_storage.go:79.18,90.17 2 1
github.com/ryabkov82/gophkeeper/internal/server/storage/postgres/credential_storage.go:90.17,92.4 1 0
github.com/ryabkov82/gophkeeper/internal/server/storage/postgres/credential_storage.go:93.3,93.30 1 1
github.com/ryabkov82/gophkeeper/internal/server/storage/postgres/credential_storage.go:95.2,95.35 1 1
github.com/ryabkov82/gophkeeper/internal/server/storage/postgres/credential_storage.go:95.35,97.3 1 0
github.com/ryabkov82/gophkeeper/internal/server/storage/postgres/credential_storage.go:98.2,98.19 1 1
github.com/ryabkov82/gophkeeper/internal/server/storage/postgres/credential_storage.go:102.85,115.16 3 1
github.com/ryabkov82/gophkeeper/internal/server/storage/postgres/credential_storage.go:115.16,117.3 1 0
github.com/ryabkov82/gophkeeper/internal/server/storage/postgres/credential_storage.go:118.2,119.16 2 1
github.com/ryabkov82/gophkeeper/internal/server/storage/postgres/credential_storage.go:119.16,121.3 1 0
github.com/ryabkov82/gophkeeper/internal/server/storage/postgres/credential_storage.go:122.2,122.23 1 1
github.com/ryabkov82/gophkeeper/internal/server/storage/postgres/credential_storage.go:122.23,124.3 1 1
github.com/ryabkov82/gophkeeper/internal/server/storage/postgres/credential_storage.go:125.2,125.12 1 1
github.com/ryabkov82/gophkeeper/internal/server/storage/postgres/credential_storage.go:129.72,132.16 3 1
github.com/ryabkov82/gophkeeper/internal/server/storage/postgres/credential_storage.go:132.16,134.3 1 0
github.com/ryabkov82/gophkeeper/internal/server/storage/postgres/credential_storage.go:135.2,136.16 2 1
github.com/ryabkov82/gophkeeper/internal/server/storage/postgres/credential_storage.go:136.16,138.3 1 0
github.com/ryabkov82/gophkeeper/internal/server/storage/postgres/credential_storage.go:139.2,139.23 1 1
github.com/ryabkov82/gophkeeper/internal/server/storage/postgres/credential_storage.go:139.23,141.3 1 1
github.com/ryabkov82/gophkeeper/internal/server/storage/postgres/credential_storage.go:142.2,142.12 1 1
github.com/ryabkov82/gophkeeper/internal/server/storage/postgres/init.go:24.91,26.16 2 1
github.com/ryabkov82/gophkeeper/internal/server/storage/postgres/init.go:26.16,28.3 1 1
github.com/ryabkov82/gophkeeper/internal/server/storage/postgres/init.go:30.2,30.39 1 1
github.com/ryabkov82/gophkeeper/internal/server/storage/postgres/init.go:30.39,32.3 1 1
github.com/ryabkov82/gophkeeper/internal/server/storage/postgres/init.go:34.2,34.42 1 1
github.com/ryabkov82/gophkeeper/internal/server/storage/postgres/init.go:34.42,36.3 1 1
github.com/ryabkov82/gophkeeper/internal/server/storage/postgres/init.go:38.2,38.19 1 1
github.com/ryabkov82/gophkeeper/internal/server/storage/postgres/init.go:42.40,45.53 1 0
github.com/ryabkov82/gophkeeper/internal/server/storage/postgres/init.go:45.53,47.18 2 0
github.com/ryabkov82/gophkeeper/internal/server/storage/postgres/init.go:47.18,49.5 1 0
github.com/ryabkov82/gophkeeper/internal/server/storage/postgres/init.go:50.4,50.22 1 0
github.com/ryabkov82/gophkeeper/internal/server/storage/postgres/init.go:52.21,53.38 1 0
github.com/ryabkov82/gophkeeper/internal/server/storage/postgres/init.go:53.38,55.5 1 0
github.com/ryabkov82/gophkeeper/internal/server/storage/postgres/init.go:56.4,56.58 1 0
github.com/ryabkov82/gophkeeper/internal/server/storage/postgres/textdata_storage.go:21.67,24.2 2 1
github.com/ryabkov82/gophkeeper/internal/server/storage/postgres/textdata_storage.go:27.83,37.2 4 1
github.com/ryabkov82/gophkeeper/internal/server/storage/postgres/textdata_storage.go:40.100,44.16 4 1
github.com/ryabkov82/gophkeeper/internal/server/storage/postgres/textdata_storage.go:44.16,46.3 1 1
github.com/ryabkov82/gophkeeper/internal/server/storage/postgres/textdata_storage.go:47.2,47.19 1 1
github.com/ryabkov82/gophkeeper/internal/server/storage/postgres/textdata_storage.go:51.83,60.16 3 1
github.com/ryabkov82/gophkeeper/internal/server/storage/postgres/textdata_storage.go:60.16,62.3 1 1
github.com/ryabkov82/gophkeeper/internal/server/storage/postgres/textdata_storage.go:63.2,64.15 2 1
github.com/ryabkov82/gophkeeper/internal/server/storage/postgres/textdata_storage.go:64.15,66.3 1 1
github.com/ryabkov82/gophkeeper/internal/server/storage/postgres/textdata_storage.go:67.2,67.12 1 1
github.com/ryabkov82/gophkeeper/internal/server/storage/postgres/textdata_storage.go:71.80,73.16 2 1
github.com/ryabkov82/gophkeeper/internal/server/storage/postgres/textdata_storage.go:73.16,75.3 1 0
github.com/ryabkov82/gophkeeper/internal/server/storage/postgres/textdata_storage.go:76.2,77.15 2 1
github.com/ryabkov82/gophkeeper/internal/server/storage/postgres/textdata_storage.go:77.15,79.3 1 1
github.com/ryabkov82/gophkeeper/internal/server/storage/postgres/textdata_storage.go:80.2,80.12 1 1
github.com/ryabkov82/gophkeeper/internal/server/storage/postgres/textdata_storage.go:84.101,92.16 3 1
github.com/ryabkov82/gophkeeper/internal/server/storage/postgres/textdata_storage.go:92.16,94.3 1 0
github.com/ryabkov82/gophkeeper/internal/server/storage/postgres/textdata_storage.go:95.2,98.18 3 1
github.com/ryabkov82/gophkeeper/internal/server/storage/postgres/textdata_storage.go:98.18,100.48 2 1
github.com/ryabkov82/gophkeeper/internal/server/storage/postgres/textdata_storage.go:100.48,102.4 1 0
github.com/ryabkov82/gophkeeper/internal/server/storage/postgres/textdata_storage.go:103.3,103.29 1 1
github.com/ryabkov82/gophkeeper/internal/server/storage/postgres/textdata_storage.go:105.2,105.18 1 1
github.com/ryabkov82/gophkeeper/internal/server/storage/postgres/user_storage.go:24.46,26.2 1 1
github.com/ryabkov82/gophkeeper/internal/server/storage/postgres/user_storage.go:40.87,46.16 3 1
github.com/ryabkov82/gophkeeper/internal/server/storage/postgres/user_storage.go:46.16,48.3 1 1
github.com/ryabkov82/gophkeeper/internal/server/storage/postgres/user_storage.go:49.2,49.12 1 1
[...]
github.com/ryabkov82/gophkeeper/internal/server/storage/binary_factory.go:26.68,28.2 1 0
github.com/ryabkov82/gophkeeper/internal/server/storage/postgres_factory.go:29.63,38.2 1 1
github.com/ryabkov82/gophkeeper/internal/server/storage/postgres_factory.go:41.60,43.2 1 1
github.com/ryabkov82/gophkeeper/internal/server/storage/postgres_factory.go:46.72,48.2 1 1
github.com/ryabkov82/gophkeeper/internal/server/storage/postgres_factory.go:51.68,53.2 1 1
github.com/ryabkov82/gophkeeper/internal/server/storage/postgres_factory.go:56.68,58.2 1 1
github.com/ryabkov82/gophkeeper/internal/server/storage/postgres_factory.go:61.72,63.2 1 0
github.com/ryabkov82/gophkeeper/internal/server/storage/postgres_factory.go:66.41,67.17 1 0
github.com/ryabkov82/gophkeeper/internal/server/storage/postgres_factory.go:67.17,69.3 1 0
github.com/ryabkov82/gophkeeper/internal/server/storage/postgres_factory.go:70.2,70.12 1 0
github.com/ryabkov82/gophkeeper/internal/server/storage/postgres_factory.go:82.86,83.16 1 1
github.com/ryabkov82/gophkeeper/internal/server/storage/postgres_factory.go:84.25,85.37 1 1
github.com/ryabkov82/gophkeeper/internal/server/storage/postgres_factory.go:86.10,87.89 1 1
github.com/ryabkov82/gophkeeper/internal/server/service/auth.go:20.110,25.2 1 1
github.com/ryabkov82/gophkeeper/internal/server/service/auth.go:41.83,42.35 1 1
github.com/ryabkov82/gophkeeper/internal/server/service/auth.go:42.35,44.3 1 1
github.com/ryabkov82/gophkeeper/internal/server/service/auth.go:46.2,47.16 2 1
github.com/ryabkov82/gophkeeper/internal/server/service/auth.go:47.16,49.3 1 0
github.com/ryabkov82/gophkeeper/internal/server/service/auth.go:51.2,51.54 1 1
github.com/ryabkov82/gophkeeper/internal/server/service/auth.go:69.98,71.16 2 1
github.com/ryabkov82/gophkeeper/internal/server/service/auth.go:71.16,73.3 1 1
github.com/ryabkov82/gophkeeper/internal/server/service/auth.go:75.2,75.17 1 1
github.com/ryabkov82/gophkeeper/internal/server/service/auth.go:75.17,77.3 1 0
github.com/ryabkov82/gophkeeper/internal/server/service/auth.go:78.2,78.68 1 1
github.com/ryabkov82/gophkeeper/internal/server/service/auth.go:78.68,80.3 1 1
github.com/ryabkov82/gophkeeper/internal/server/service/auth.go:82.2,83.16 2 1
github.com/ryabkov82/gophkeeper/internal/server/service/auth.go:83.16,85.3 1 0
github.com/ryabkov82/gophkeeper/internal/server/service/auth.go:87.2,87.38 1 1
github.com/ryabkov82/gophkeeper/internal/server/service/bankcard.go:20.91,22.2 1 1
github.com/ryabkov82/gophkeeper/internal/server/service/bankcard.go:25.83,26.19 1 1
github.com/ryabkov82/gophkeeper/internal/server/service/bankcard.go:26.19,28.3 1 1
github.com/ryabkov82/gophkeeper/internal/server/service/bankcard.go:29.2,34.27 4 1
github.com/ryabkov82/gophkeeper/internal/server/service/bankcard.go:34.27,36.3 1 1
github.com/ryabkov82/gophkeeper/internal/server/service/bankcard.go:37.2,37.27 1 1
github.com/ryabkov82/gophkeeper/internal/server/service/bankcard.go:37.27,39.3 1 0
github.com/ryabkov82/gophkeeper/internal/server/service/bankcard.go:40.2,40.31 1 1
github.com/ryabkov82/gophkeeper/internal/server/service/bankcard.go:40.31,42.3 1 0
github.com/ryabkov82/gophkeeper/internal/server/service/bankcard.go:44.2,44.33 1 1
github.com/ryabkov82/gophkeeper/internal/server/service/bankcard.go:48.92,49.14 1 1
github.com/ryabkov82/gophkeeper/internal/server/service/bankcard.go:49.14,51.3 1 0
github.com/ryabkov82/gophkeeper/internal/server/service/bankcard.go:52.2,52.32 1 1
github.com/ryabkov82/gophkeeper/internal/server/service/bankcard.go:56.101,57.18 1 1
github.com/ryabkov82/gophkeeper/internal/server/service/bankcard.go:57.18,59.3 1 0
github.com/ryabkov82/gophkeeper/internal/server/service/bankcard.go:60.2,60.38 1 1
github.com/ryabkov82/gophkeeper/internal/server/service/bankcard.go:64.83,65.19 1 1
github.com/ryabkov82/gophkeeper/internal/server/service/bankcard.go:65.19,67.3 1 0
github.com/ryabkov82/gophkeeper/internal/server/service/bankcard.go:70.2,71.16 2 1
github.com/ryabkov82/gophkeeper/internal/server/service/bankcard.go:71.16,73.3 1 0
github.com/ryabkov82/gophkeeper/internal/server/service/bankcard.go:74.2,74.21 1 1
github.com/ryabkov82/gophkeeper/internal/server/service/bankcard.go:74.21,76.3 1 1
github.com/ryabkov82/gophkeeper/internal/server/service/bankcard.go:78.2,79.33 2 1
github.com/ryabkov82/gophkeeper/internal/server/service/bankcard.go:83.72,84.14 1 1
github.com/ryabkov82/gophkeeper/internal/server/service/bankcard.go:84.14,86.3 1 0
github.com/ryabkov82/gophkeeper/internal/server/service/bankcard.go:89.2,90.16 2 1
github.com/ryabkov82/gophkeeper/internal/server/service/bankcard.go:90.16,92.3 1 0
github.com/ryabkov82/gophkeeper/internal/server/service/bankcard.go:93.2,93.21 1 1
github.com/ryabkov82/gophkeeper/internal/server/service/bankcard.go:93.21,95.3 1 1
github.com/ryabkov82/gophkeeper/internal/server/service/bankcard.go:97.2,97.31 1 1
github.com/ryabkov82/gophkeeper/internal/server/service/binarydata.go:20.119,22.2 1 1
github.com/ryabkov82/gophkeeper/internal/server/service/binarydata.go:25.121,28.16 2 1
github.com/ryabkov82/gophkeeper/internal/server/service/binarydata.go:28.16,30.3 1 0
github.com/ryabkov82/gophkeeper/internal/server/service/binarydata.go:32.2,39.47 6 1
github.com/ryabkov82/gophkeeper/internal/server/service/binarydata.go:39.47,43.3 2 1
github.com/ryabkov82/gophkeeper/internal/server/service/binarydata.go:45.2,45.18 1 1
github.com/ryabkov82/gophkeeper/internal/server/service/binarydata.go:49.112,57.47 6 1
github.com/ryabkov82/gophkeeper/internal/server/service/binarydata.go:57.47,59.3 1 0
github.com/ryabkov82/gophkeeper/internal/server/service/binarydata.go:61.2,61.18 1 1
github.com/ryabkov82/gophkeeper/internal/server/service/binarydata.go:65.121,68.16 2 1
github.com/ryabkov82/gophkeeper/internal/server/service/binarydata.go:68.16,70.3 1 0
github.com/ryabkov82/gophkeeper/internal/server/service/binarydata.go:72.2,72.19 1 1
github.com/ryabkov82/gophkeeper/internal/server/service/binarydata.go:72.19,74.3 1 0
github.com/ryabkov82/gophkeeper/internal/server/service/binarydata.go:76.2,79.14 3 1
github.com/ryabkov82/gophkeeper/internal/server/service/binarydata.go:79.14,81.17 2 1
github.com/ryabkov82/gophkeeper/internal/server/service/binarydata.go:81.17,83.4 1 0
github.com/ryabkov82/gophkeeper/internal/server/service/binarydata.go:84.3,85.38 2 1
github.com/ryabkov82/gophkeeper/internal/server/service/binarydata.go:89.2,96.51 6 1
github.com/ryabkov82/gophkeeper/internal/server/service/binarydata.go:96.51,98.27 1 0
github.com/ryabkov82/gophkeeper/internal/server/service/binarydata.go:98.27,100.4 1 0
github.com/ryabkov82/gophkeeper/internal/server/service/binarydata.go:101.3,101.18 1 0
github.com/ryabkov82/gophkeeper/internal/server/service/binarydata.go:103.2,103.26 1 1
github.com/ryabkov82/gophkeeper/internal/server/service/binarydata.go:103.26,106.3 1 1
github.com/ryabkov82/gophkeeper/internal/server/service/binarydata.go:108.2,108.20 1 1
github.com/ryabkov82/gophkeeper/internal/server/service/binarydata.go:112.112,115.16 2 1
github.com/ryabkov82/gophkeeper/internal/server/service/binarydata.go:115.16,117.3 1 0
github.com/ryabkov82/gophkeeper/internal/server/service/binarydata.go:118.2,118.19 1 1
github.com/ryabkov82/gophkeeper/internal/server/service/binarydata.go:118.19,120.3 1 0
github.com/ryabkov82/gophkeeper/internal/server/service/binarydata.go:122.2,126.51 4 1
github.com/ryabkov82/gophkeeper/internal/server/service/binarydata.go:126.51,128.3 1 0
github.com/ryabkov82/gophkeeper/internal/server/service/binarydata.go:129.2,129.20 1 1
github.com/ryabkov82/gophkeeper/internal/server/service/binarydata.go:133.115,135.16 2 1
github.com/ryabkov82/gophkeeper/internal/server/service/binarydata.go:135.16,137.3 1 0
github.com/ryabkov82/gophkeeper/internal/server/service/binarydata.go:139.2,140.16 2 1
github.com/ryabkov82/gophkeeper/internal/server/service/binarydata.go:140.16,142.3 1 0
github.com/ryabkov82/gophkeeper/internal/server/service/binarydata.go:144.2,144.26 1 1
github.com/ryabkov82/gophkeeper/internal/server/service/binarydata.go:148.104,150.16 2 1
github.com/ryabkov82/gophkeeper/internal/server/service/binarydata.go:150.16,152.3 1 0
github.com/ryabkov82/gophkeeper/internal/server/service/binarydata.go:153.2,153.17 1 1
github.com/ryabkov82/gophkeeper/internal/server/service/binarydata.go:153.17,155.3 1 0
github.com/ryabkov82/gophkeeper/internal/server/service/binarydata.go:156.2,156.18 1 1
github.com/ryabkov82/gophkeeper/internal/server/service/binarydata.go:160.99,162.2 1 1
github.com/ryabkov82/gophkeeper/internal/server/service/binarydata.go:165.82,167.16 2 1
github.com/ryabkov82/gophkeeper/internal/server/service/binarydata.go:167.16,169.3 1 0
github.com/ryabkov82/gophkeeper/internal/server/service/binarydata.go:171.2,171.55 1 1
github.com/ryabkov82/gophkeeper/internal/server/service/binarydata.go:171.55,173.3 1 0
github.com/ryabkov82/gophkeeper/internal/server/service/binarydata.go:175.2,175.48 1 1
github.com/ryabkov82/gophkeeper/internal/server/service/binarydata.go:178.37,180.2 1 1
github.com/ryabkov82/gophkeeper/internal/server/service/credential.go:20.97,22.2 1 1
github.com/ryabkov82/gophkeeper/internal/server/service/credential.go:25.87,26.19 1 1
github.com/ryabkov82/gophkeeper/internal/server/service/credential.go:26.19,28.3 1 1
github.com/ryabkov82/gophkeeper/internal/server/service/credential.go:29.2,32.33 4 1
github.com/ryabkov82/gophkeeper/internal/server/service/credential.go:36.96,37.14 1 1
github.com/ryabkov82/gophkeeper/internal/server/service/credential.go:37.14,39.3 1 1
github.com/ryabkov82/gophkeeper/internal/server/service/credential.go:40.2,40.32 1 1
github.com/ryabkov82/gophkeeper/internal/server/service/credential.go:44.105,45.18 1 1
github.com/ryabkov82/gophkeeper/internal/server/service/credential.go:45.18,47.3 1 1
github.com/ryabkov82/gophkeeper/internal/server/service/credential.go:48.2,48.40 1 1
github.com/ryabkov82/gophkeeper/internal/server/service/credential.go:52.87,53.19 1 1
github.com/ryabkov82/gophkeeper/internal/server/service/credential.go:53.19,55.3 1 1
github.com/ryabkov82/gophkeeper/internal/server/service/credential.go:56.2,57.33 2 1
github.com/ryabkov82/gophkeeper/internal/server/service/credential.go:61.74,62.14 1 1
github.com/ryabkov82/gophkeeper/internal/server/service/credential.go:62.14,64.3 1 1
github.com/ryabkov82/gophkeeper/internal/server/service/credential.go:65.2,65.31 1 1
github.com/ryabkov82/gophkeeper/internal/server/service/factory.go:24.159,33.2 1 0
github.com/ryabkov82/gophkeeper/internal/server/service/factory.go:35.53,37.2 1 0
github.com/ryabkov82/gophkeeper/internal/server/service/factory.go:39.65,41.2 1 0
github.com/ryabkov82/gophkeeper/internal/server/service/factory.go:43.61,45.2 1 0
github.com/ryabkov82/gophkeeper/internal/server/service/factory.go:47.61,49.2 1 0
github.com/ryabkov82/gophkeeper/internal/server/service/factory.go:51.65,53.2 1 0
github.com/ryabkov82/gophkeeper/internal/server/service/factory.go:56.34,57.25 1 0
github.com/ryabkov82/gophkeeper/internal/server/service/factory.go:57.25,59.3 1 0
github.com/ryabkov82/gophkeeper/internal/server/service/factory.go:60.2,60.25 1 0
github.com/ryabkov82/gophkeeper/internal/server/service/factory.go:60.25,62.3 1 0
github.com/ryabkov82/gophkeeper/internal/server/service/textdata.go:20.85,22.2 1 1
github.com/ryabkov82/gophkeeper/internal/server/service/textdata.go:25.87,26.19 1 1
github.com/ryabkov82/gophkeeper/internal/server/service/textdata.go:26.19,28.3 1 1
github.com/ryabkov82/gophkeeper/internal/server/service/textdata.go:29.2,34.22 4 1
github.com/ryabkov82/gophkeeper/internal/server/service/textdata.go:34.22,36.3 1 1
github.com/ryabkov82/gophkeeper/internal/server/service/textdata.go:37.2,37.28 1 1
github.com/ryabkov82/gophkeeper/internal/server/service/textdata.go:37.28,39.3 1 0
github.com/ryabkov82/gophkeeper/internal/server/service/textdata.go:41.2,41.33 1 1
github.com/ryabkov82/gophkeeper/internal/server/service/textdata.go:45.104,46.14 1 1
github.com/ryabkov82/gophkeeper/internal/server/service/textdata.go:46.14,48.3 1 0
github.com/ryabkov82/gophkeeper/internal/server/service/textdata.go:49.2,49.18 1 1
github.com/ryabkov82/gophkeeper/internal/server/service/textdata.go:49.18,51.3 1 0
github.com/ryabkov82/gophkeeper/internal/server/service/textdata.go:52.2,52.40 1 1
github.com/ryabkov82/gophkeeper/internal/server/service/textdata.go:56.105,57.18 1 1
github.com/ryabkov82/gophkeeper/internal/server/service/textdata.go:57.18,59.3 1 0
github.com/ryabkov82/gophkeeper/internal/server/service/textdata.go:60.2,60.39 1 1
github.com/ryabkov82/gophkeeper/internal/server/service/textdata.go:64.87,65.19 1 1
github.com/ryabkov82/gophkeeper/internal/server/service/textdata.go:65.19,67.3 1 0
github.com/ryabkov82/gophkeeper/internal/server/service/textdata.go:68.2,68.23 1 1
github.com/ryabkov82/gophkeeper/internal/server/service/textdata.go:68.23,70.3 1 0
github.com/ryabkov82/gophkeeper/internal/server/service/textdata.go:83.2,84.33 2 1
github.com/ryabkov82/gophkeeper/internal/server/service/textdata.go:88.84,89.14 1 1
github.com/ryabkov82/gophkeeper/internal/server/service/textdata.go:89.14,91.3 1 0
github.com/ryabkov82/gophkeeper/internal/server/service/textdata.go:92.2,92.18 1 1
github.com/ryabkov82/gophkeeper/internal/server/service/textdata.go:92.18,94.3 1 0
github.com/ryabkov82/gophkeeper/internal/server/service/textdata.go:97.2,98.16 2 1
github.com/ryabkov82/gophkeeper/internal/server/service/textdata.go:98.16,100.3 1 0
github.com/ryabkov82/gophkeeper/internal/server/service/textdata.go:101.2,101.21 1 1
github.com/ryabkov82/gophkeeper/internal/server/service/textdata.go:101.21,103.3 1 1
github.com/ryabkov82/gophkeeper/internal/server/service/textdata.go:105.2,105.39 1 1
github.com/ryabkov82/gophkeeper/internal/server/storage/filesystem/binarydata_storage.go:28.102,35.2 3 1
github.com/ryabkov82/gophkeeper/internal/server/storage/filesystem/binarydata_storage.go:40.128,43.52 2 1
github.com/ryabkov82/gophkeeper/internal/server/storage/filesystem/binarydata_storage.go:43.52,45.3 1 0
github.com/ryabkov82/gophkeeper/internal/server/storage/filesystem/binarydata_storage.go:48.2,55.16 6 1
github.com/ryabkov82/gophkeeper/internal/server/storage/filesystem/binarydata_storage.go:55.16,57.3 1 0
github.com/ryabkov82/gophkeeper/internal/server/storage/filesystem/binarydata_storage.go:60.2,60.15 1 1
github.com/ryabkov82/gophkeeper/internal/server/storage/filesystem/binarydata_storage.go:60.15,62.53 2 1
github.com/ryabkov82/gophkeeper/internal/server/storage/filesystem/binarydata_storage.go:62.53,64.4 1 0
github.com/ryabkov82/gophkeeper/internal/server/storage/filesystem/binarydata_storage.go:68.2,69.16 2 1
github.com/ryabkov82/gophkeeper/internal/server/storage/filesystem/binarydata_storage.go:69.16,71.3 1 0
github.com/ryabkov82/gophkeeper/internal/server/storage/filesystem/binarydata_storage.go:74.2,74.40 1 1
github.com/ryabkov82/gophkeeper/internal/server/storage/filesystem/binarydata_storage.go:74.40,76.3 1 0
github.com/ryabkov82/gophkeeper/internal/server/storage/filesystem/binarydata_storage.go:79.2,79.54 1 1
github.com/ryabkov82/gophkeeper/internal/server/storage/filesystem/binarydata_storage.go:79.54,81.3 1 0
github.com/ryabkov82/gophkeeper/internal/server/storage/filesystem/binarydata_storage.go:84.2,85.31 2 1
github.com/ryabkov82/gophkeeper/internal/server/storage/filesystem/binarydata_storage.go:89.99,93.16 3 1
github.com/ryabkov82/gophkeeper/internal/server/storage/filesystem/binarydata_storage.go:93.16,95.3 1 1
github.com/ryabkov82/gophkeeper/internal/server/storage/filesystem/binarydata_storage.go:97.2,97.15 1 1
github.com/ryabkov82/gophkeeper/internal/server/storage/filesystem/binarydata_storage.go:101.84,103.23 1 1
github.com/ryabkov82/gophkeeper/internal/server/storage/filesystem/binarydata_storage.go:103.23,106.3 1 0
github.com/ryabkov82/gophkeeper/internal/server/storage/filesystem/binarydata_storage.go:107.2,109.44 2 1
github.com/ryabkov82/gophkeeper/internal/server/storage/filesystem/binarydata_storage.go:109.44,110.25 1 1
github.com/ryabkov82/gophkeeper/internal/server/storage/filesystem/binarydata_storage.go:110.25,113.4 1 1
github.com/ryabkov82/gophkeeper/internal/server/storage/filesystem/binarydata_storage.go:114.3,114.54 1 0
github.com/ryabkov82/gophkeeper/internal/server/storage/filesystem/binarydata_storage.go:117.2,117.12 1 1
github.com/ryabkov82/gophkeeper/internal/server/storage/filesystem/binarydata_storage.go:121.38,123.2 1 1
github.com/ryabkov82/gophkeeper/internal/server/storage/filesystem/binarydata_storage.go:129.100,130.12 1 1
github.com/ryabkov82/gophkeeper/internal/server/storage/filesystem/binarydata_storage.go:130.12,134.7 3 1
github.com/ryabkov82/gophkeeper/internal/server/storage/filesystem/binarydata_storage.go:134.7,135.11 1 1
github.com/ryabkov82/gophkeeper/internal/server/storage/filesystem/binarydata_storage.go:136.20,137.40 1 1
github.com/ryabkov82/gophkeeper/internal/server/storage/filesystem/binarydata_storage.go:138.18,140.11 2 1
github.com/ryabkov82/gophkeeper/internal/server/storage/filesystem/binarydata_storage.go:148.63,149.86 1 1
github.com/ryabkov82/gophkeeper/internal/server/storage/filesystem/binarydata_storage.go:149.86,150.17 1 1
github.com/ryabkov82/gophkeeper/internal/server/storage/filesystem/binarydata_storage.go:150.17,153.4 1 0
github.com/ryabkov82/gophkeeper/internal/server/storage/filesystem/binarydata_storage.go:155.3,155.19 1 1
github.com/ryabkov82/gophkeeper/internal/server/storage/filesystem/binarydata_storage.go:155.19,157.4 1 1
github.com/ryabkov82/gophkeeper/internal/server/storage/filesystem/binarydata_storage.go:159.3,159.35 1 1
github.com/ryabkov82/gophkeeper/internal/server/storage/filesystem/binarydata_storage.go:159.35,161.4 1 0
github.com/ryabkov82/gophkeeper/internal/server/storage/filesystem/binarydata_storage.go:163.3,163.42 1 1
github.com/ryabkov82/gophkeeper/internal/server/storage/filesystem/binarydata_storage.go:163.42,164.42 1 1
github.com/ryabkov82/gophkeeper/internal/server/storage/filesystem/binarydata_storage.go:164.42,166.5 1 0
github.com/ryabkov82/gophkeeper/internal/server/storage/filesystem/binarydata_storage.go:166.10,168.5 1 1
github.com/ryabkov82/gophkeeper/internal/server/storage/filesystem/binarydata_storage.go:170.3,170.13 1 1
github.com/ryabkov82/gophkeeper/internal/server/storage/filesystem/binarydata_storage.go:173.2,173.16 1 1
github.com/ryabkov82/gophkeeper/internal/server/storage/filesystem/binarydata_storage.go:173.16,175.3 1 0
github.com/ryabkov82/gophkeeper/internal/server/grpc/server.go:24.121,41.19 4 1
github.com/ryabkov82/gophkeeper/internal/server/grpc/server.go:41.19,43.17 2 1
github.com/ryabkov82/gophkeeper/internal/server/grpc/server.go:43.17,45.4 1 1
github.com/ryabkov82/gophkeeper/internal/server/grpc/server.go:46.3,47.41 2 0
github.com/ryabkov82/gophkeeper/internal/server/grpc/server.go:48.8,50.3 1 1
github.com/ryabkov82/gophkeeper/internal/server/grpc/server.go:52.2,74.15 12 1
github.com/ryabkov82/gophkeeper/internal/server/grpc/server.go:84.3,85.12 1 1
github.com/ryabkov82/gophkeeper/internal/server/grpc/server.go:85.12,86.38 1 1
github.com/ryabkov82/gophkeeper/internal/server/grpc/server.go:86.38,88.4 1 0
github.com/ryabkov82/gophkeeper/internal/server/grpc/server.go:90.2,103.12 8 1
github.com/ryabkov82/gophkeeper/internal/server/grpc/server.go:103.12,106.3 2 1
github.com/ryabkov82/gophkeeper/internal/server/grpc/server.go:108.2,108.9 1 1
github.com/ryabkov82/gophkeeper/internal/server/grpc/server.go:109.14,110.43 1 1
github.com/ryabkov82/gophkeeper/internal/server/grpc/server.go:111.20,113.11 2 0
github.com/ryabkov82/gophkeeper/internal/server/grpc/server.go:135.104,137.16 2 0
github.com/ryabkov82/gophkeeper/internal/server/grpc/server.go:137.16,140.3 2 0
github.com/ryabkov82/gophkeeper/internal/server/grpc/server.go:142.2,143.16 2 0
github.com/ryabkov82/gophkeeper/internal/server/grpc/server.go:143.16,146.3 2 0
github.com/ryabkov82/gophkeeper/internal/server/grpc/server.go:148.2,152.12 4 0
